#
# A fatal error has been detected by the Java Runtime Environment:
#
#  Internal Error (javaCalls.cpp:51), pid=86314, tid=0x0000000000005203
#  guarantee(thread->is_Java_thread()) failed: crucial check - the VM thread cannot and must not escape to Java code
#
# JRE version: Java(TM) SE Runtime Environment (8.0_181-b13) (build 1.8.0_181-b13)
# Java VM: Java HotSpot(TM) 64-Bit Server VM (25.181-b13 mixed mode bsd-amd64 compressed oops)
# Failed to write core dump. Core dumps have been disabled. To enable core dumping, try "ulimit -c unlimited" before starting Java again
#
# If you would like to submit a bug report, please visit:
#   http://bugreport.java.com/bugreport/crash.jsp
#

---------------  T H R E A D  ---------------

Current thread (0x00007fe8c682b800):  VMThread [stack: 0x0000700004a21000,0x0000700004b21000] [id=20995]

Stack: [0x0000700004a21000,0x0000700004b21000],  sp=0x0000700004b1f630,  free space=1017k
Native frames: (J=compiled Java code, j=interpreted, Vv=VM code, C=native code)
V  [libjvm.dylib+0x5b581a]  VMError::report_and_die()+0x3f8
V  [libjvm.dylib+0x1e9185]  report_vm_error(char const*, int, char const*, char const*)+0x54
V  [libjvm.dylib+0x2ef35c]  JavaCallWrapper::JavaCallWrapper(methodHandle, Handle, JavaValue*, Thread*)+0x64
V  [libjvm.dylib+0x2efc14]  JavaCalls::call_helper(JavaValue*, methodHandle*, JavaCallArguments*, Thread*)+0x608
V  [libjvm.dylib+0x2f0147]  JavaCalls::call_special(JavaValue*, KlassHandle, Symbol*, Symbol*, JavaCallArguments*, Thread*)+0x111
V  [libjvm.dylib+0x243b41]  Exceptions::new_exception(Thread*, Symbol*, Symbol*, JavaCallArguments*, Handle, Handle)+0xc7
V  [libjvm.dylib+0x243c3c]  Exceptions::new_exception(Thread*, Symbol*, Symbol*, JavaCallArguments*, Handle, Handle, Handle)+0x28
V  [libjvm.dylib+0x243e9b]  Exceptions::new_exception(Thread*, Symbol*, char const*, Handle, Handle, Handle, Exceptions::ExceptionMsgToUtf8Mode)+0x169
V  [libjvm.dylib+0x243eb6]  Exceptions::new_exception(Thread*, Symbol*, char const*, Exceptions::ExceptionMsgToUtf8Mode)+0x18
V  [libjvm.dylib+0x287b87]  GenerateOopMap::verify_error(char const*, ...)+0xed
V  [libjvm.dylib+0x287c17]  GenerateOopMap::check_type(CellTypeState, CellTypeState)+0x4b
V  [libjvm.dylib+0x288c17]  GenerateOopMap::do_method(int, int, int, int)+0x11f
V  [libjvm.dylib+0x28a7ec]  GenerateOopMap::interp_bb(BasicBlock*)+0x104
V  [libjvm.dylib+0x28aa3b]  GenerateOopMap::interp_all()+0x31
V  [libjvm.dylib+0x28afd2]  GenerateOopMap::do_interpretation()+0x44
V  [libjvm.dylib+0x28b3eb]  GenerateOopMap::compute_map(Thread*)+0x1fb
V  [libjvm.dylib+0x485331]  OopMapForCacheEntry::compute_map(Thread*)+0x8f
V  [libjvm.dylib+0x48553a]  OopMapCacheEntry::fill(methodHandle, int)+0x19e
V  [libjvm.dylib+0x48571b]  OopMapCache::compute_one_oop_map(methodHandle, int, InterpreterOopMap*)+0x16b
V  [libjvm.dylib+0x4859d2]  OopMapCache::lookup(methodHandle, int, InterpreterOopMap*) const+0x25c
V  [libjvm.dylib+0x2c2b04]  InstanceKlass::mask_for(methodHandle, int, InterpreterOopMap*)+0xd2
V  [libjvm.dylib+0x45306d]  Method::mask_for(int, InterpreterOopMap*)+0xb3
V  [libjvm.dylib+0x39afbf]  VM_GetOrSetLocal::doit()+0x47
V  [libjvm.dylib+0x5bd499]  VM_Operation::evaluate()+0x4f
V  [libjvm.dylib+0x5bba31]  VMThread::evaluate_operation(VM_Operation*)+0xdf
V  [libjvm.dylib+0x5bbe7e]  VMThread::loop()+0x328
V  [libjvm.dylib+0x5bb79d]  VMThread::run()+0x79
V  [libjvm.dylib+0x48e342]  java_start(Thread*)+0xf6
C  [libsystem_pthread.dylib+0x333d]  _pthread_body+0x7e
C  [libsystem_pthread.dylib+0x62a7]  _pthread_start+0x46
C  [libsystem_pthread.dylib+0x2425]  thread_start+0xd

VM_Operation (0x0000700004faf958): GetOrSetLocal, mode: safepoint, requested by thread 0x00007fe8c7808800


---------------  P R O C E S S  ---------------

Java Threads: ( => current thread )
  0x00007fe8c703a800 JavaThread "Service Thread" daemon [_thread_blocked, id=17411, stack(0x00007000054c2000,0x00007000055c2000)]
  0x00007fe8c68d0800 JavaThread "C1 CompilerThread2" daemon [_thread_blocked, id=15107, stack(0x00007000053bf000,0x00007000054bf000)]
  0x00007fe8c703a000 JavaThread "C2 CompilerThread1" daemon [_thread_blocked, id=14595, stack(0x00007000052bc000,0x00007000053bc000)]
  0x00007fe8c8032800 JavaThread "C2 CompilerThread0" daemon [_thread_blocked, id=14083, stack(0x00007000051b9000,0x00007000052b9000)]
  0x00007fe8c7807800 JavaThread "JDWP Command Reader" daemon [_thread_in_native, id=17923, stack(0x00007000050b6000,0x00007000051b6000)]
  0x00007fe8c7010000 JavaThread "JDWP Event Helper Thread" daemon [_thread_blocked, id=18435, stack(0x0000700004fb3000,0x00007000050b3000)]
  0x00007fe8c7808800 JavaThread "JDWP Transport Listener: dt_socket" daemon [_thread_blocked, id=13575, stack(0x0000700004eb0000,0x0000700004fb0000)]
  0x00007fe8c6857800 JavaThread "Signal Dispatcher" daemon [_thread_blocked, id=13315, stack(0x0000700004dad000,0x0000700004ead000)]
  0x00007fe8c8015800 JavaThread "Finalizer" daemon [_thread_blocked, id=12291, stack(0x0000700004c27000,0x0000700004d27000)]
  0x00007fe8c7007800 JavaThread "Reference Handler" daemon [_thread_blocked, id=11779, stack(0x0000700004b24000,0x0000700004c24000)]
  0x00007fe8c8002800 JavaThread "main" [_thread_blocked, id=10243, stack(0x0000700004512000,0x0000700004612000)]

Other Threads:
=>0x00007fe8c682b800 VMThread [stack: 0x0000700004a21000,0x0000700004b21000] [id=20995]
  0x00007fe8c781c800 WatcherThread [stack: 0x00007000055c5000,0x00007000056c5000] [id=17155]

VM state:at safepoint (normal execution)

VM Mutex/Monitor currently owned by a thread:  ([mutex/lock_event])
[0x00007fe8c640f210] Threads_lock - owner thread: 0x00007fe8c682b800

Heap:
 PSYoungGen      total 38400K, used 3337K [0x0000000795580000, 0x0000000798000000, 0x00000007c0000000)
  eden space 33280K, 10% used [0x0000000795580000,0x00000007958c24c8,0x0000000797600000)
  from space 5120K, 0% used [0x0000000797b00000,0x0000000797b00000,0x0000000798000000)
  to   space 5120K, 0% used [0x0000000797600000,0x0000000797600000,0x0000000797b00000)
 ParOldGen       total 87552K, used 0K [0x0000000740000000, 0x0000000745580000, 0x0000000795580000)
  object space 87552K, 0% used [0x0000000740000000,0x0000000740000000,0x0000000745580000)
 Metaspace       used 3179K, capacity 4664K, committed 4864K, reserved 1056768K
  class space    used 340K, capacity 424K, committed 512K, reserved 1048576K

Card table byte_map: [0x0000000105e11000,0x0000000106212000] byte_map_base: 0x0000000102411000

Marking Bits: (ParMarkBitMap*) 0x00000001052f9cd0
 Begin Bits: [0x0000000117fe7000, 0x0000000119fe7000)
 End Bits:   [0x0000000119fe7000, 0x000000011bfe7000)

Polling page: 0x00000001041a6000

CodeCache: size=245760Kb used=1125Kb max_used=1125Kb free=244634Kb
 bounds [0x0000000108fe7000, 0x0000000109257000, 0x0000000117fe7000]
 total_blobs=270 nmethods=34 adapters=158
 compilation: enabled

Compilation events (10 events):
Event: 3.687 Thread 0x00007fe8c68d0800   30       3       java.util.ArrayList::rangeCheck (22 bytes)
Event: 3.691 Thread 0x00007fe8c68d0800 nmethod 30 0x00000001090fbf50 code [0x00000001090fc180, 0x00000001090fcc38]
Event: 3.691 Thread 0x00007fe8c68d0800   31       3       java.util.ArrayList::elementData (7 bytes)
Event: 3.691 Thread 0x00007fe8c68d0800 nmethod 31 0x00000001090fbb50 code [0x00000001090fbcc0, 0x00000001090fbe50]
Event: 4.851 Thread 0x00007fe8c68d0800   32       3       java.util.Arrays::copyOfRange (63 bytes)
Event: 4.852 Thread 0x00007fe8c68d0800 nmethod 32 0x00000001090feb90 code [0x00000001090fedc0, 0x00000001090ff918]
Event: 6.865 Thread 0x00007fe8c68d0800   33       1       java.util.ArrayList::size (5 bytes)
Event: 6.865 Thread 0x00007fe8c68d0800 nmethod 33 0x00000001090ffed0 code [0x0000000109100020, 0x0000000109100130]
Event: 7.187 Thread 0x00007fe8c68d0800   34       3       java.lang.String::substring (79 bytes)
Event: 7.187 Thread 0x00007fe8c68d0800 nmethod 34 0x0000000109100190 code [0x0000000109100360, 0x0000000109100858]

GC Heap History (0 events):
No events

Deoptimization events (0 events):
No events

Classes redefined (4 events):
Event: 38.251 Thread 0x00007fe8c682b800 redefined class name=TestSept_2019.zum.kakao.one, count=1
Event: 236.764 Thread 0x00007fe8c682b800 redefined class name=TestSept_2019.zum.kakao.one, count=2
Event: 299.884 Thread 0x00007fe8c682b800 redefined class name=TestSept_2019.zum.kakao.one, count=3
Event: 327.261 Thread 0x00007fe8c682b800 redefined class name=TestSept_2019.zum.kakao.one, count=4

Internal exceptions (2 events):
Event: 0.046 Thread 0x00007fe8c8002800 Exception <a 'java/lang/NoSuchMethodError': Method sun.misc.Unsafe.defineClass(Ljava/lang/String;[BII)Ljava/lang/Class; name or signature does not match> (0x0000000795587cb0) thrown at [/Users/java_re/workspace/8-2-build-macosx-x86_64/jdk8u181/11358/hotsp
Event: 0.046 Thread 0x00007fe8c8002800 Exception <a 'java/lang/NoSuchMethodError': Method sun.misc.Unsafe.prefetchRead(Ljava/lang/Object;J)V name or signature does not match> (0x0000000795587f98) thrown at [/Users/java_re/workspace/8-2-build-macosx-x86_64/jdk8u181/11358/hotspot/src/share/vm/pr

Events (10 events):
Event: 325.489 Executing VM operation: ChangeBreakpoints done
Event: 327.258 Executing VM operation: ChangeBreakpoints
Event: 327.258 Executing VM operation: ChangeBreakpoints done
Event: 327.261 Executing VM operation: RedefineClasses
Event: 327.261 Executing VM operation: RedefineClasses done
Event: 327.312 Executing VM operation: ChangeBreakpoints
Event: 327.312 Executing VM operation: ChangeBreakpoints done
Event: 327.313 Executing VM operation: ChangeBreakpoints
Event: 327.313 Executing VM operation: ChangeBreakpoints done
Event: 327.332 Executing VM operation: GetOrSetLocal


Dynamic libraries:
0x00007fff52071000 	/System/Library/Frameworks/Cocoa.framework/Versions/A/Cocoa
0x00007fff5e2f1000 	/System/Library/Frameworks/Security.framework/Versions/A/Security
0x00007fff50c7b000 	/System/Library/Frameworks/ApplicationServices.framework/Versions/A/ApplicationServices
0x00007fff7f767000 	/usr/lib/libz.1.dylib
0x00007fff7cddd000 	/usr/lib/libSystem.B.dylib
0x00007fff7e884000 	/usr/lib/libobjc.A.dylib
0x00007fff52893000 	/System/Library/Frameworks/CoreFoundation.framework/Versions/A/CoreFoundation
0x00007fff54c12000 	/System/Library/Frameworks/Foundation.framework/Versions/C/Foundation
0x00007fff4fe0a000 	/System/Library/Frameworks/AppKit.framework/Versions/C/AppKit
0x00007fff52408000 	/System/Library/Frameworks/CoreData.framework/Versions/A/CoreData
0x00007fff75fcf000 	/System/Library/PrivateFrameworks/RemoteViewServices.framework/Versions/A/RemoteViewServices
0x00007fff7aab8000 	/System/Library/PrivateFrameworks/UIFoundation.framework/Versions/A/UIFoundation
0x00007fff7c264000 	/System/Library/PrivateFrameworks/XCTTargetBootstrap.framework/Versions/A/XCTTargetBootstrap
0x00007fff70b29000 	/System/Library/PrivateFrameworks/IconServices.framework/Versions/A/IconServices
0x00007fff574b7000 	/System/Library/Frameworks/Metal.framework/Versions/A/Metal
0x00007fff67dbb000 	/System/Library/PrivateFrameworks/DesktopServicesPriv.framework/Versions/A/DesktopServicesPriv
0x00007fff7db98000 	/usr/lib/libenergytrace.dylib
0x00007fff78831000 	/System/Library/PrivateFrameworks/SkyLight.framework/Versions/A/SkyLight
0x00007fff52ce4000 	/System/Library/Frameworks/CoreGraphics.framework/Versions/A/CoreGraphics
0x00007fff4ebc5000 	/System/Library/Frameworks/Accelerate.framework/Versions/A/Accelerate
0x00007fff55398000 	/System/Library/Frameworks/IOSurface.framework/Versions/A/IOSurface
0x00007fff67c1d000 	/System/Library/PrivateFrameworks/DFRFoundation.framework/Versions/A/DFRFoundation
0x00007fff51180000 	/System/Library/Frameworks/AudioToolbox.framework/Versions/A/AudioToolbox
0x00007fff5141e000 	/System/Library/Frameworks/AudioUnit.framework/Versions/A/AudioUnit
0x00007fff67cb4000 	/System/Library/PrivateFrameworks/DataDetectorsCore.framework/Versions/A/DataDetectorsCore
0x00007fff51b5d000 	/System/Library/Frameworks/Carbon.framework/Versions/A/Frameworks/HIToolbox.framework/Versions/A/HIToolbox
0x00007fff7dcf3000 	/usr/lib/libicucore.A.dylib
0x00007fff5d84d000 	/System/Library/Frameworks/QuartzCore.framework/Versions/A/QuartzCore
0x00007fff51f44000 	/System/Library/Frameworks/Carbon.framework/Versions/A/Frameworks/SpeechRecognition.framework/Versions/A/SpeechRecognition
0x00007fff7cf40000 	/usr/lib/libauto.dylib
0x00007fff7f65a000 	/usr/lib/libxml2.2.dylib
0x00007fff67822000 	/System/Library/PrivateFrameworks/CoreUI.framework/Versions/A/CoreUI
0x00007fff522e6000 	/System/Library/Frameworks/CoreAudio.framework/Versions/A/CoreAudio
0x00007fff54a44000 	/System/Library/Frameworks/DiskArbitration.framework/Versions/A/DiskArbitration
0x00007fff7dfa3000 	/usr/lib/liblangid.dylib
0x00007fff71fd4000 	/System/Library/PrivateFrameworks/MultitouchSupport.framework/Versions/A/MultitouchSupport
0x00007fff55305000 	/System/Library/Frameworks/IOKit.framework/Versions/A/IOKit
0x00007fff7ca2b000 	/usr/lib/libDiagnosticMessagesClient.dylib
0x00007fff53b4f000 	/System/Library/Frameworks/CoreServices.framework/Versions/A/CoreServices
0x00007fff73cfe000 	/System/Library/PrivateFrameworks/PerformanceAnalysis.framework/Versions/A/PerformanceAnalysis
0x00007fff5c9e2000 	/System/Library/Frameworks/OpenGL.framework/Versions/A/OpenGL
0x00007fff5207f000 	/System/Library/Frameworks/ColorSync.framework/Versions/A/ColorSync
0x00007fff53373000 	/System/Library/Frameworks/CoreImage.framework/Versions/A/CoreImage
0x00007fff5458d000 	/System/Library/Frameworks/CoreText.framework/Versions/A/CoreText
0x00007fff553f9000 	/System/Library/Frameworks/ImageIO.framework/Versions/A/ImageIO
0x00007fff63e98000 	/System/Library/PrivateFrameworks/Backup.framework/Versions/A/Backup
0x00007fff7ce93000 	/usr/lib/libarchive.2.dylib
0x00007fff51782000 	/System/Library/Frameworks/CFNetwork.framework/Versions/A/CFNetwork
0x00007fff5ea9a000 	/System/Library/Frameworks/SystemConfiguration.framework/Versions/A/SystemConfiguration
0x00007fff7c954000 	/usr/lib/libCRFSuite.dylib
0x00007fff7d038000 	/usr/lib/libc++.1.dylib
0x00007fff7d090000 	/usr/lib/libc++abi.dylib
0x00007fff7f7ea000 	/usr/lib/system/libcache.dylib
0x00007fff7f7ef000 	/usr/lib/system/libcommonCrypto.dylib
0x00007fff7f7fa000 	/usr/lib/system/libcompiler_rt.dylib
0x00007fff7f802000 	/usr/lib/system/libcopyfile.dylib
0x00007fff7f80c000 	/usr/lib/system/libcorecrypto.dylib
0x00007fff7f916000 	/usr/lib/system/libdispatch.dylib
0x00007fff7f951000 	/usr/lib/system/libdyld.dylib
0x00007fff7f981000 	/usr/lib/system/libkeymgr.dylib
0x00007fff7f98f000 	/usr/lib/system/liblaunch.dylib
0x00007fff7f990000 	/usr/lib/system/libmacho.dylib
0x00007fff7f996000 	/usr/lib/system/libquarantine.dylib
0x00007fff7f999000 	/usr/lib/system/libremovefile.dylib
0x00007fff7f99b000 	/usr/lib/system/libsystem_asl.dylib
0x00007fff7f9b3000 	/usr/lib/system/libsystem_blocks.dylib
0x00007fff7f9b4000 	/usr/lib/system/libsystem_c.dylib
0x00007fff7fa3d000 	/usr/lib/system/libsystem_configuration.dylib
0x00007fff7fa41000 	/usr/lib/system/libsystem_coreservices.dylib
0x00007fff7fa45000 	/usr/lib/system/libsystem_darwin.dylib
0x00007fff7fa4c000 	/usr/lib/system/libsystem_dnssd.dylib
0x00007fff7fa53000 	/usr/lib/system/libsystem_info.dylib
0x00007fff7fac8000 	/usr/lib/system/libsystem_m.dylib
0x00007fff7fb14000 	/usr/lib/system/libsystem_malloc.dylib
0x00007fff7fb39000 	/usr/lib/system/libsystem_networkextension.dylib
0x00007fff7fb45000 	/usr/lib/system/libsystem_notify.dylib
0x00007fff7fb62000 	/usr/lib/system/libsystem_sandbox.dylib
0x00007fff7fb66000 	/usr/lib/system/libsystem_secinit.dylib
0x00007fff7faa0000 	/usr/lib/system/libsystem_kernel.dylib
0x00007fff7fb4d000 	/usr/lib/system/libsystem_platform.dylib
0x00007fff7fb57000 	/usr/lib/system/libsystem_pthread.dylib
0x00007fff7fb69000 	/usr/lib/system/libsystem_symptoms.dylib
0x00007fff7fb71000 	/usr/lib/system/libsystem_trace.dylib
0x00007fff7fb88000 	/usr/lib/system/libunwind.dylib
0x00007fff7fb8e000 	/usr/lib/system/libxpc.dylib
0x00007fff7d018000 	/usr/lib/libbsm.0.dylib
0x00007fff7f982000 	/usr/lib/system/libkxld.dylib
0x00007fff63154000 	/System/Library/PrivateFrameworks/AppleFSCompression.framework/Versions/A/AppleFSCompression
0x00007fff7cc9c000 	/usr/lib/libOpenScriptingUtil.dylib
0x00007fff7d37b000 	/usr/lib/libcoretls.dylib
0x00007fff7d392000 	/usr/lib/libcoretls_cfhelpers.dylib
0x00007fff7f01d000 	/usr/lib/libpam.2.dylib
0x00007fff7f1e0000 	/usr/lib/libsqlite3.dylib
0x00007fff7f648000 	/usr/lib/libxar.1.dylib
0x00007fff7d029000 	/usr/lib/libbz2.1.0.dylib
0x00007fff7dfa5000 	/usr/lib/liblzma.5.dylib
0x00007fff7e49b000 	/usr/lib/libnetwork.dylib
0x00007fff7ce7c000 	/usr/lib/libapple_nghttp2.dylib
0x00007fff7f024000 	/usr/lib/libpcap.A.dylib
0x00007fff53ef3000 	/System/Library/Frameworks/CoreServices.framework/Versions/A/Frameworks/FSEvents.framework/Versions/A/FSEvents
0x00007fff53bcf000 	/System/Library/Frameworks/CoreServices.framework/Versions/A/Frameworks/CarbonCore.framework/Versions/A/CarbonCore
0x00007fff540c8000 	/System/Library/Frameworks/CoreServices.framework/Versions/A/Frameworks/Metadata.framework/Versions/A/Metadata
0x00007fff5416b000 	/System/Library/Frameworks/CoreServices.framework/Versions/A/Frameworks/OSServices.framework/Versions/A/OSServices
0x00007fff541b7000 	/System/Library/Frameworks/CoreServices.framework/Versions/A/Frameworks/SearchKit.framework/Versions/A/SearchKit
0x00007fff53b50000 	/System/Library/Frameworks/CoreServices.framework/Versions/A/Frameworks/AE.framework/Versions/A/AE
0x00007fff53efc000 	/System/Library/Frameworks/CoreServices.framework/Versions/A/Frameworks/LaunchServices.framework/Versions/A/LaunchServices
0x00007fff53ea8000 	/System/Library/Frameworks/CoreServices.framework/Versions/A/Frameworks/DictionaryServices.framework/Versions/A/DictionaryServices
0x00007fff54226000 	/System/Library/Frameworks/CoreServices.framework/Versions/A/Frameworks/SharedFileList.framework/Versions/A/SharedFileList
0x00007fff58972000 	/System/Library/Frameworks/NetFS.framework/Versions/A/NetFS
0x00007fff72270000 	/System/Library/PrivateFrameworks/NetAuth.framework/Versions/A/NetAuth
0x00007fff7c698000 	/System/Library/PrivateFrameworks/login.framework/Versions/A/Frameworks/loginsupport.framework/Versions/A/loginsupport
0x00007fff7a6b4000 	/System/Library/PrivateFrameworks/TCC.framework/Versions/A/TCC
0x00007fff66e4a000 	/System/Library/PrivateFrameworks/CoreNLP.framework/Versions/A/CoreNLP
0x00007fff71cc5000 	/System/Library/PrivateFrameworks/MetadataUtilities.framework/Versions/A/MetadataUtilities
0x00007fff7e086000 	/usr/lib/libmecabra.dylib
0x00007fff50c7c000 	/System/Library/Frameworks/ApplicationServices.framework/Versions/A/Frameworks/ATS.framework/Versions/A/ATS
0x00007fff50fe7000 	/System/Library/Frameworks/ApplicationServices.framework/Versions/A/Frameworks/ColorSyncLegacy.framework/Versions/A/ColorSyncLegacy
0x00007fff51088000 	/System/Library/Frameworks/ApplicationServices.framework/Versions/A/Frameworks/HIServices.framework/Versions/A/HIServices
0x00007fff510db000 	/System/Library/Frameworks/ApplicationServices.framework/Versions/A/Frameworks/LangAnalysis.framework/Versions/A/LangAnalysis
0x00007fff510ea000 	/System/Library/Frameworks/ApplicationServices.framework/Versions/A/Frameworks/PrintCore.framework/Versions/A/PrintCore
0x00007fff51137000 	/System/Library/Frameworks/ApplicationServices.framework/Versions/A/Frameworks/QD.framework/Versions/A/QD
0x00007fff51173000 	/System/Library/Frameworks/ApplicationServices.framework/Versions/A/Frameworks/SpeechSynthesis.framework/Versions/A/SpeechSynthesis
0x00007fff7d0b8000 	/usr/lib/libcompression.dylib
0x00007fff527a9000 	/System/Library/Frameworks/CoreDisplay.framework/Versions/A/CoreDisplay
0x00007fff57773000 	/System/Library/Frameworks/MetalPerformanceShaders.framework/Versions/A/MetalPerformanceShaders
0x00007fff4ebdd000 	/System/Library/Frameworks/Accelerate.framework/Versions/A/Frameworks/vImage.framework/Versions/A/vImage
0x00007fff4fc59000 	/System/Library/Frameworks/Accelerate.framework/Versions/A/Frameworks/vecLib.framework/Versions/A/vecLib
0x00007fff4fba3000 	/System/Library/Frameworks/Accelerate.framework/Versions/A/Frameworks/vecLib.framework/Versions/A/libvMisc.dylib
0x00007fff4f9be000 	/System/Library/Frameworks/Accelerate.framework/Versions/A/Frameworks/vecLib.framework/Versions/A/libvDSP.dylib
0x00007fff4f27e000 	/System/Library/Frameworks/Accelerate.framework/Versions/A/Frameworks/vecLib.framework/Versions/A/libBLAS.dylib
0x00007fff4f569000 	/System/Library/Frameworks/Accelerate.framework/Versions/A/Frameworks/vecLib.framework/Versions/A/libLAPACK.dylib
0x00007fff4f910000 	/System/Library/Frameworks/Accelerate.framework/Versions/A/Frameworks/vecLib.framework/Versions/A/libLinearAlgebra.dylib
0x00007fff4f9aa000 	/System/Library/Frameworks/Accelerate.framework/Versions/A/Frameworks/vecLib.framework/Versions/A/libSparseBLAS.dylib
0x00007fff4f926000 	/System/Library/Frameworks/Accelerate.framework/Versions/A/Frameworks/vecLib.framework/Versions/A/libQuadrature.dylib
0x00007fff4f4f6000 	/System/Library/Frameworks/Accelerate.framework/Versions/A/Frameworks/vecLib.framework/Versions/A/libBNNS.dylib
0x00007fff4f92c000 	/System/Library/Frameworks/Accelerate.framework/Versions/A/Frameworks/vecLib.framework/Versions/A/libSparse.dylib
0x00007fff6e348000 	/System/Library/PrivateFrameworks/GPUWrangler.framework/Versions/A/GPUWrangler
0x00007fff706f2000 	/System/Library/PrivateFrameworks/IOAccelerator.framework/Versions/A/IOAccelerator
0x00007fff706fd000 	/System/Library/PrivateFrameworks/IOPresentment.framework/Versions/A/IOPresentment
0x00007fff67c2d000 	/System/Library/PrivateFrameworks/DSExternalDisplay.framework/Versions/A/DSExternalDisplay
0x00007fff5be27000 	/System/Library/Frameworks/OpenGL.framework/Versions/A/Libraries/libCoreFSCache.dylib
0x00007fff57567000 	/System/Library/Frameworks/MetalPerformanceShaders.framework/Frameworks/MPSCore.framework/Versions/A/MPSCore
0x00007fff57588000 	/System/Library/Frameworks/MetalPerformanceShaders.framework/Frameworks/MPSImage.framework/Versions/A/MPSImage
0x00007fff5762f000 	/System/Library/Frameworks/MetalPerformanceShaders.framework/Frameworks/MPSNeuralNetwork.framework/Versions/A/MPSNeuralNetwork
0x00007fff57606000 	/System/Library/Frameworks/MetalPerformanceShaders.framework/Frameworks/MPSMatrix.framework/Versions/A/MPSMatrix
0x00007fff57757000 	/System/Library/Frameworks/MetalPerformanceShaders.framework/Frameworks/MPSRayIntersector.framework/Versions/A/MPSRayIntersector
0x00007fff71cee000 	/System/Library/PrivateFrameworks/MetalTools.framework/Versions/A/MetalTools
0x00007fff62850000 	/System/Library/PrivateFrameworks/AggregateDictionary.framework/Versions/A/AggregateDictionary
0x00007fff7cc7c000 	/usr/lib/libMobileGestalt.dylib
0x00007fff546f3000 	/System/Library/Frameworks/CoreVideo.framework/Versions/A/CoreVideo
0x00007fff6f1ac000 	/System/Library/PrivateFrameworks/GraphVisualizer.framework/Versions/A/GraphVisualizer
0x00007fff68f58000 	/System/Library/PrivateFrameworks/FaceCore.framework/Versions/A/FaceCore
0x00007fff5b43e000 	/System/Library/Frameworks/OpenCL.framework/Versions/A/OpenCL
0x00007fff7ca63000 	/usr/lib/libFosl_dynamic.dylib
0x00007fff72b45000 	/System/Library/PrivateFrameworks/OTSVG.framework/Versions/A/OTSVG
0x00007fff50d80000 	/System/Library/Frameworks/ApplicationServices.framework/Versions/A/Frameworks/ATS.framework/Versions/A/Resources/libFontParser.dylib
0x00007fff50ea0000 	/System/Library/Frameworks/ApplicationServices.framework/Versions/A/Frameworks/ATS.framework/Versions/A/Resources/libFontRegistry.dylib
0x00007fff55679000 	/System/Library/Frameworks/ImageIO.framework/Versions/A/Resources/libJPEG.dylib
0x00007fff5599b000 	/System/Library/Frameworks/ImageIO.framework/Versions/A/Resources/libTIFF.dylib
0x00007fff55971000 	/System/Library/Frameworks/ImageIO.framework/Versions/A/Resources/libPng.dylib
0x00007fff5558e000 	/System/Library/Frameworks/ImageIO.framework/Versions/A/Resources/libGIF.dylib
0x00007fff55593000 	/System/Library/Frameworks/ImageIO.framework/Versions/A/Resources/libJP2.dylib
0x00007fff55998000 	/System/Library/Frameworks/ImageIO.framework/Versions/A/Resources/libRadiance.dylib
0x00007fff632ad000 	/System/Library/PrivateFrameworks/AppleJPEG.framework/Versions/A/AppleJPEG
0x00007fff5be32000 	/System/Library/Frameworks/OpenGL.framework/Versions/A/Libraries/libGFXShared.dylib
0x00007fff5bff5000 	/System/Library/Frameworks/OpenGL.framework/Versions/A/Libraries/libGLU.dylib
0x00007fff5be3b000 	/System/Library/Frameworks/OpenGL.framework/Versions/A/Libraries/libGL.dylib
0x00007fff5be47000 	/System/Library/Frameworks/OpenGL.framework/Versions/A/Libraries/libGLImage.dylib
0x00007fff5be24000 	/System/Library/Frameworks/OpenGL.framework/Versions/A/Libraries/libCVMSPluginSupport.dylib
0x00007fff5be2d000 	/System/Library/Frameworks/OpenGL.framework/Versions/A/Libraries/libCoreVMClient.dylib
0x00007fff7da0a000 	/usr/lib/libcups.2.dylib
0x00007fff56a7f000 	/System/Library/Frameworks/Kerberos.framework/Versions/A/Kerberos
0x00007fff55051000 	/System/Library/Frameworks/GSS.framework/Versions/A/GSS
0x00007fff7f174000 	/usr/lib/libresolv.9.dylib
0x00007fff7dc01000 	/usr/lib/libiconv.2.dylib
0x00007fff6f2a2000 	/System/Library/PrivateFrameworks/Heimdal.framework/Versions/A/Heimdal
0x00007fff7dbd0000 	/usr/lib/libheimdal-asn1.dylib
0x00007fff5b4b5000 	/System/Library/Frameworks/OpenDirectory.framework/Versions/A/OpenDirectory
0x00007fff65b5b000 	/System/Library/PrivateFrameworks/CommonAuth.framework/Versions/A/CommonAuth
0x00007fff5b498000 	/System/Library/Frameworks/OpenDirectory.framework/Versions/A/Frameworks/CFOpenDirectory.framework/Versions/A/CFOpenDirectory
0x00007fff5e618000 	/System/Library/Frameworks/SecurityFoundation.framework/Versions/A/SecurityFoundation
0x00007fff61d6f000 	/System/Library/PrivateFrameworks/APFS.framework/Versions/A/APFS
0x00007fff7f644000 	/usr/lib/libutil.dylib
0x00007fff7d0a6000 	/usr/lib/libcharset.1.dylib
0x00007fff63546000 	/System/Library/PrivateFrameworks/AppleSauce.framework/Versions/A/AppleSauce
0x00007fff636d4000 	/System/Library/PrivateFrameworks/AssertionServices.framework/Versions/A/AssertionServices
0x00007fff63f3b000 	/System/Library/PrivateFrameworks/BaseBoard.framework/Versions/A/BaseBoard
0x00007fff7dfd5000 	/usr/lib/libmecab.1.0.0.dylib
0x00007fff7dbca000 	/usr/lib/libgermantok.dylib
0x00007fff7ce68000 	/usr/lib/libThaiTokenizer.dylib
0x00007fff7c98f000 	/usr/lib/libChineseTokenizer.dylib
0x00007fff70e25000 	/System/Library/PrivateFrameworks/LanguageModeling.framework/Versions/A/LanguageModeling
0x00007fff66861000 	/System/Library/PrivateFrameworks/CoreEmoji.framework/Versions/A/CoreEmoji
0x00007fff70f1d000 	/System/Library/PrivateFrameworks/Lexicon.framework/Versions/A/Lexicon
0x00007fff70f65000 	/System/Library/PrivateFrameworks/LinguisticData.framework/Versions/A/LinguisticData
0x00007fff7d0a7000 	/usr/lib/libcmph.dylib
0x00007fff5e6d9000 	/System/Library/Frameworks/ServiceManagement.framework/Versions/A/ServiceManagement
0x00007fff63e8e000 	/System/Library/PrivateFrameworks/BackgroundTaskManagement.framework/Versions/A/BackgroundTaskManagement
0x00007fff7f73e000 	/usr/lib/libxslt.1.dylib
0x00007fff51e6f000 	/System/Library/Frameworks/Carbon.framework/Versions/A/Frameworks/Ink.framework/Versions/A/Ink
0x00007fff7a930000 	/System/Library/PrivateFrameworks/TextureIO.framework/Versions/A/TextureIO
0x00007fff7cebd000 	/usr/lib/libate.dylib
0x00007fff67b89000 	/System/Library/PrivateFrameworks/CrashReporterSupport.framework/Versions/A/CrashReporterSupport
0x00007fff77960000 	/System/Library/PrivateFrameworks/Sharing.framework/Versions/A/Sharing
0x00007fff63a1a000 	/System/Library/PrivateFrameworks/AuthKit.framework/Versions/A/AuthKit
0x00007fff62e4c000 	/System/Library/PrivateFrameworks/Apple80211.framework/Versions/A/Apple80211
0x00007fff6794f000 	/System/Library/PrivateFrameworks/CoreUtils.framework/Versions/A/CoreUtils
0x00007fff54731000 	/System/Library/Frameworks/CoreWLAN.framework/Versions/A/CoreWLAN
0x00007fff5519a000 	/System/Library/Frameworks/IOBluetooth.framework/Versions/A/IOBluetooth
0x00007fff75cc6000 	/System/Library/PrivateFrameworks/ProtocolBuffer.framework/Versions/A/ProtocolBuffer
0x00007fff71f2b000 	/System/Library/PrivateFrameworks/MobileKeyBag.framework/Versions/A/MobileKeyBag
0x00007fff67177000 	/System/Library/PrivateFrameworks/CorePhoneNumbers.framework/Versions/A/CorePhoneNumbers
0x00007fff63261000 	/System/Library/PrivateFrameworks/AppleIDAuthSupport.framework/Versions/A/AppleIDAuthSupport
0x00007fff70df7000 	/System/Library/PrivateFrameworks/KeychainCircle.framework/Versions/A/KeychainCircle
0x00007fff75e93000 	/System/Library/PrivateFrameworks/ROCKit.framework/Versions/A/ROCKit
0x00007fff67b25000 	/System/Library/PrivateFrameworks/CoreWiFi.framework/Versions/A/CoreWiFi
0x00007fff523dc000 	/System/Library/Frameworks/CoreBluetooth.framework/Versions/A/CoreBluetooth
0x00007fff67d79000 	/System/Library/PrivateFrameworks/DebugSymbols.framework/Versions/A/DebugSymbols
0x00007fff67704000 	/System/Library/PrivateFrameworks/CoreSymbolication.framework/Versions/A/CoreSymbolication
0x00007fff7a11e000 	/System/Library/PrivateFrameworks/Symbolication.framework/Versions/A/Symbolication
0x00007fff792b0000 	/System/Library/PrivateFrameworks/SpeechRecognitionCore.framework/Versions/A/SpeechRecognitionCore
0x00007fff47689000 	/System/Library/CoreServices/Encodings/libKoreanConverter.dylib
0x0000000104a00000 	/Library/Java/JavaVirtualMachines/jdk1.8.0_181.jdk/Contents/Home/jre/lib/server/libjvm.dylib
0x00007fff7f508000 	/usr/lib/libstdc++.6.dylib
0x0000000104162000 	/Library/Java/JavaVirtualMachines/jdk1.8.0_181.jdk/Contents/Home/jre/lib/libverify.dylib
0x0000000104170000 	/Library/Java/JavaVirtualMachines/jdk1.8.0_181.jdk/Contents/Home/jre/lib/libjava.dylib
0x00000001041a7000 	/Library/Java/JavaVirtualMachines/jdk1.8.0_181.jdk/Contents/Home/jre/lib/libjdwp.dylib
0x00000001041f2000 	/Library/Java/JavaVirtualMachines/jdk1.8.0_181.jdk/Contents/Home/jre/lib/libnpt.dylib
0x00000001059b4000 	/Library/Java/JavaVirtualMachines/jdk1.8.0_181.jdk/Contents/Home/jre/lib/libinstrument.dylib
0x0000000105a48000 	/Library/Java/JavaVirtualMachines/jdk1.8.0_181.jdk/Contents/Home/jre/lib/libzip.dylib
0x000000010839a000 	/Library/Java/JavaVirtualMachines/jdk1.8.0_181.jdk/Contents/Home/jre/lib/libdt_socket.dylib

VM Arguments:
jvm_args: -agentlib:jdwp=transport=dt_socket,address=127.0.0.1:65306,suspend=y,server=n -javaagent:/Users/misun/Library/Caches/IntelliJIdea2018.2/captureAgent/debugger-agent.jar=file:/private/var/folders/2k/x_89y_vx167gjlgnh8gmlxc40000gn/T/capture.props -Dfile.encoding=UTF-8 
java_command: TestSept_2019.zum.kakao.one
java_class_path (initial): /Library/Java/JavaVirtualMachines/jdk1.8.0_181.jdk/Contents/Home/jre/lib/charsets.jar:/Library/Java/JavaVirtualMachines/jdk1.8.0_181.jdk/Contents/Home/jre/lib/deploy.jar:/Library/Java/JavaVirtualMachines/jdk1.8.0_181.jdk/Contents/Home/jre/lib/ext/cldrdata.jar:/Library/Java/JavaVirtualMachines/jdk1.8.0_181.jdk/Contents/Home/jre/lib/ext/dnsns.jar:/Library/Java/JavaVirtualMachines/jdk1.8.0_181.jdk/Contents/Home/jre/lib/ext/jaccess.jar:/Library/Java/JavaVirtualMachines/jdk1.8.0_181.jdk/Contents/Home/jre/lib/ext/jfxrt.jar:/Library/Java/JavaVirtualMachines/jdk1.8.0_181.jdk/Contents/Home/jre/lib/ext/localedata.jar:/Library/Java/JavaVirtualMachines/jdk1.8.0_181.jdk/Contents/Home/jre/lib/ext/nashorn.jar:/Library/Java/JavaVirtualMachines/jdk1.8.0_181.jdk/Contents/Home/jre/lib/ext/sunec.jar:/Library/Java/JavaVirtualMachines/jdk1.8.0_181.jdk/Contents/Home/jre/lib/ext/sunjce_provider.jar:/Library/Java/JavaVirtualMachines/jdk1.8.0_181.jdk/Contents/Home/jre/lib/ext/sunpkcs11.jar:/Library/Java/JavaVirtualMachines/jdk1.8.0_181.jdk/Contents/Home/jre/lib/ext/zipfs.jar:/Library/Java/JavaVirtualMachines/jdk1.8.0_181.jdk/Contents/Home/jre/lib/javaws.jar:/Library/Java/JavaVirtualMachines/jdk1.8.0_181.jdk/Contents/Home/jre/lib/jce.jar:/Library/Java/JavaVirtualMachines/jdk1.8.0_181.jdk/Contents/Home/jre/lib/jfr.jar:/Library/Java/JavaVirtualMachines/jdk1.8.0_181.jdk/Contents/Home/jre/lib/jfxswt.jar:/Library/Java/JavaVirtualMachines/jdk1.8.0_181.jdk/Contents/Home/jre/lib/jsse.jar:/Library/Java/JavaVirtualMachines/jdk1.8.0_181.jdk/Contents/Home/jre/lib/management-agent.jar:/Library/Java/JavaVirtualMachines/jdk1.8.0_181.jdk/Contents/Home/jre/lib/plugin.jar:/Library/Java/JavaVirtualMachines/jdk1.8.0_181.jdk/Contents/Home/jre/lib/resources.jar:/Library/Java/JavaVirtualMachines/jdk1.8.0_181.jdk/Contents/Home/jre/lib/rt.jar:/Library/Java/JavaVirtualMachines/jdk1.8.0_181.jdk/Contents/Home/lib/ant-javafx.jar:/Library/Java/JavaVirtualMachines/jdk1.8.0_181.jdk/Contents/Home
Launcher Type: SUN_STANDARD

Environment Variables:
PATH=/usr/local/bin:/usr/bin:/bin:/usr/sbin:/sbin:/usr/local/mysql/bin:/usr/local/mysql/bin/
SHELL=/bin/zsh

Signal Handlers:
SIGSEGV: [libjvm.dylib+0x5b6029], sa_mask[0]=11111111011111110111111111111111, sa_flags=SA_ONSTACK|SA_RESTART|SA_SIGINFO
SIGBUS: [libjvm.dylib+0x5b6029], sa_mask[0]=11111111011111110111111111111111, sa_flags=SA_RESTART|SA_SIGINFO
SIGFPE: [libjvm.dylib+0x48b934], sa_mask[0]=11111111011111110111111111111111, sa_flags=SA_RESTART|SA_SIGINFO
SIGPIPE: [libjvm.dylib+0x48b934], sa_mask[0]=11111111011111110111111111111111, sa_flags=SA_RESTART|SA_SIGINFO
SIGXFSZ: [libjvm.dylib+0x48b934], sa_mask[0]=11111111011111110111111111111111, sa_flags=SA_RESTART|SA_SIGINFO
SIGILL: [libjvm.dylib+0x48b934], sa_mask[0]=11111111011111110111111111111111, sa_flags=SA_RESTART|SA_SIGINFO
SIGUSR1: SIG_DFL, sa_mask[0]=00000000000000000000000000000000, sa_flags=none
SIGUSR2: [libjvm.dylib+0x48b452], sa_mask[0]=00100000000000000000000000000000, sa_flags=SA_RESTART|SA_SIGINFO
SIGHUP: [libjvm.dylib+0x489a1d], sa_mask[0]=11111111011111110111111111111111, sa_flags=SA_RESTART|SA_SIGINFO
SIGINT: [libjvm.dylib+0x489a1d], sa_mask[0]=11111111011111110111111111111111, sa_flags=SA_RESTART|SA_SIGINFO
SIGTERM: [libjvm.dylib+0x489a1d], sa_mask[0]=11111111011111110111111111111111, sa_flags=SA_RESTART|SA_SIGINFO
SIGQUIT: [libjvm.dylib+0x489a1d], sa_mask[0]=11111111011111110111111111111111, sa_flags=SA_RESTART|SA_SIGINFO


---------------  S Y S T E M  ---------------

OS:Bsduname:Darwin 18.0.0 Darwin Kernel Version 18.0.0: Wed Aug 22 20:13:40 PDT 2018; root:xnu-4903.201.2~1/RELEASE_X86_64 x86_64
rlimit: STACK 8192k, CORE 0k, NPROC 709, NOFILE 10240, AS infinity
load average:5.56 4.49 3.56

CPU:total 4 (initial active 4) (2 cores per cpu, 2 threads per core) family 6 model 142 stepping 9, cmov, cx8, fxsr, mmx, sse, sse2, sse3, ssse3, sse4.1, sse4.2, popcnt, avx, avx2, aes, clmul, erms, rtm, 3dnowpref, lzcnt, ht, tsc, tscinvbit, bmi1, bmi2, adx

Memory: 4k page, physical 8388608k(260500k free)

/proc/meminfo:


vm_info: Java HotSpot(TM) 64-Bit Server VM (25.181-b13) for bsd-amd64 JRE (1.8.0_181-b13), built on Jul  7 2018 01:02:31 by "java_re" with gcc 4.2.1 (Based on Apple Inc. build 5658) (LLVM build 2336.11.00)

time: Sat Sep  7 14:48:00 2019
elapsed time: 327 seconds (0d 0h 5m 27s)

