#
# A fatal error has been detected by the Java Runtime Environment:
#
#  SIGBUS (0xa) at pc=0x000000010c054802, pid=10556, tid=0x0000000000002e03
#
# JRE version: Java(TM) SE Runtime Environment (8.0_181-b13) (build 1.8.0_181-b13)
# Java VM: Java HotSpot(TM) 64-Bit Server VM (25.181-b13 mixed mode bsd-amd64 compressed oops)
# Problematic frame:
# V  [libjvm.dylib+0x454802]  Method::decr_number_of_breakpoints(Thread*)+0x20
#
# Failed to write core dump. Core dumps have been disabled. To enable core dumping, try "ulimit -c unlimited" before starting Java again
#
# If you would like to submit a bug report, please visit:
#   http://bugreport.java.com/bugreport/crash.jsp
#

---------------  T H R E A D  ---------------

Current thread (0x00007fece7035000):  VMThread [stack: 0x0000700005165000,0x0000700005265000] [id=11779]

siginfo: si_signo: 10 (SIGBUS), si_code: 2 (BUS_ADRERR), si_addr: 0x000000010d2de85e

Registers:
RAX=0x000000010d2de858, RBX=0x00007fece7035000, RCX=0x000000010c05002d, RDX=0x0000000000000052
RSP=0x0000700005264aa0, RBP=0x0000700005264ab0, RSI=0x00007fece7035000, RDI=0x000000010de2e6e0
R8 =0x0000000000000008, R9 =0x0000000000000000, R10=0x0000000000000009, R11=0x0000000000000009
R12=0x000000010de2e6e0, R13=0x00007fece5513940, R14=0x0000000000000000, R15=0x0000000000000052
RIP=0x000000010c054802, EFLAGS=0x0000000000010202, ERR=0x0000000000000006
  TRAPNO=0x000000000000000e

Top of Stack: (sp=0x0000700005264aa0)
0x0000700005264aa0:   0000000000000000 00007fece551c870
0x0000700005264ab0:   0000700005264af0 000000010c052bef
0x0000700005264ac0:   00000007c0061aa0 00007fece5401190
0x0000700005264ad0:   0000000000000011 0000000000000000
0x0000700005264ae0:   00007fece5401180 000000010de2e6e0
0x0000700005264af0:   0000700005264b80 000000010bf9c432
0x0000700005264b00:   0100000000000000 0000000000000000
0x0000700005264b10:   00007000056709b8 0000000000000000
0x0000700005264b20:   00000007c0062028 000000010c052c42
0x0000700005264b30:   00007fece5618e88 000000010c45a160
0x0000700005264b40:   0000700005264b60 000000010bf9bb74
0x0000700005264b50:   00007fece572aca0 0000700005670950
0x0000700005264b60:   0000000000000011 0000000000000000
0x0000700005264b70:   0000000000000000 000000010c45a160
0x0000700005264b80:   0000700005264bc0 000000010c1bd499
0x0000700005264b90:   00007fece5611780 00007fece560b1a0
0x0000700005264ba0:   00007fece560b1b0 00007fece560b588
0x0000700005264bb0:   00000000000003d8 0000700005670950
0x0000700005264bc0:   0000700005264c60 000000010c1bba31
0x0000700005264bd0:   0000000000000000 0000000000000000
0x0000700005264be0:   0000000000000000 0000000000000000
0x0000700005264bf0:   0000000000000000 0000017911efe0a1
0x0000700005264c00:   0000700005264c01 00007fece5612850
0x0000700005264c10:   0000000000000000 00007fece5611780
0x0000700005264c20:   00007fece560b1a0 00007fece560b1b0
0x0000700005264c30:   00007fece560b588 00000000000003d8
0x0000700005264c40:   00007fece7035000 0000000000000000
0x0000700005264c50:   000000010c4f9020 000000010c4f00e0
0x0000700005264c60:   0000700005264e40 000000010c1bbe7e
0x0000700005264c70:   0000000000000000 0000000000000000
0x0000700005264c80:   0000700005264e00 0000000000001400
0x0000700005264c90:   0000700005264e08 000000010b22fa00 

Instructions: (pc=0x000000010c054802)
0x000000010c0547e2:   55 48 89 e5 53 48 83 ec 08 48 89 f3 48 89 de e8
0x000000010c0547f2:   ae ff ff ff 48 83 7b 08 00 75 09 48 85 c0 74 04
0x000000010c054802:   66 ff 48 06 48 83 c4 08 5b 5d c3 90 55 48 89 e5
0x000000010c054812:   53 48 83 ec 08 48 89 f3 48 89 de e8 82 ff ff ff 

Register to memory mapping:

RAX=0x000000010d2de858 is an unknown value
RBX=0x00007fece7035000 is an unknown value
RCX=0x000000010c05002d: _ZN13JfrTraceEventI25EventMetaspaceGCThresholdE10writeEventEv+0xab in /Library/Java/JavaVirtualMachines/jdk1.8.0_181.jdk/Contents/Home/jre/lib/server/libjvm.dylib at 0x000000010bc00000
RDX=0x0000000000000052 is an unknown value
RSP=0x0000700005264aa0 is an unknown value
RBP=0x0000700005264ab0 is an unknown value
RSI=0x00007fece7035000 is an unknown value
RDI={method} {0x000000010de2e6e0} 'solution' '([[I)I' in 'More/Programers/Greedy/Camera'
R8 =0x0000000000000008 is an unknown value
R9 =0x0000000000000000 is an unknown value
R10=0x0000000000000009 is an unknown value
R11=0x0000000000000009 is an unknown value
R12={method} {0x000000010de2e6e0} 'solution' '([[I)I' in 'More/Programers/Greedy/Camera'
R13=0x00007fece5513940 is an unknown value
R14=0x0000000000000000 is an unknown value
R15=0x0000000000000052 is an unknown value


Stack: [0x0000700005165000,0x0000700005265000],  sp=0x0000700005264aa0,  free space=1022k
Native frames: (J=compiled Java code, j=interpreted, Vv=VM code, C=native code)
V  [libjvm.dylib+0x454802]  Method::decr_number_of_breakpoints(Thread*)+0x20
V  [libjvm.dylib+0x452bef]  clear_matches(Method*, int)+0xbb
V  [libjvm.dylib+0x39c432]  JvmtiBreakpoint::each_method_version_do(void (Method::*)(int))+0x212
V  [libjvm.dylib+0x5bd499]  VM_Operation::evaluate()+0x4f
V  [libjvm.dylib+0x5bba31]  VMThread::evaluate_operation(VM_Operation*)+0xdf
V  [libjvm.dylib+0x5bbe7e]  VMThread::loop()+0x328
V  [libjvm.dylib+0x5bb79d]  VMThread::run()+0x79
V  [libjvm.dylib+0x48e342]  java_start(Thread*)+0xf6
C  [libsystem_pthread.dylib+0x333d]  _pthread_body+0x7e
C  [libsystem_pthread.dylib+0x62a7]  _pthread_start+0x46
C  [libsystem_pthread.dylib+0x2425]  thread_start+0xd

VM_Operation (0x0000700005670950): ChangeBreakpoints, mode: safepoint, requested by thread 0x00007fece6856000


---------------  P R O C E S S  ---------------

Java Threads: ( => current thread )
  0x00007fece604b800 JavaThread "Service Thread" daemon [_thread_blocked, id=14339, stack(0x0000700005b83000,0x0000700005c83000)]
  0x00007fece6884000 JavaThread "C1 CompilerThread2" daemon [_thread_blocked, id=16387, stack(0x0000700005a80000,0x0000700005b80000)]
  0x00007fece685e800 JavaThread "C2 CompilerThread1" daemon [_thread_blocked, id=13827, stack(0x000070000597d000,0x0000700005a7d000)]
  0x00007fece703a800 JavaThread "C2 CompilerThread0" daemon [_thread_blocked, id=13571, stack(0x000070000587a000,0x000070000597a000)]
  0x00007fece7018000 JavaThread "JDWP Command Reader" daemon [_thread_in_native, id=17411, stack(0x0000700005777000,0x0000700005877000)]
  0x00007fece5807800 JavaThread "JDWP Event Helper Thread" daemon [_thread_blocked, id=17923, stack(0x0000700005674000,0x0000700005774000)]
  0x00007fece6856000 JavaThread "JDWP Transport Listener: dt_socket" daemon [_thread_blocked, id=13319, stack(0x0000700005571000,0x0000700005671000)]
  0x00007fece683f000 JavaThread "Signal Dispatcher" daemon [_thread_blocked, id=18435, stack(0x000070000546e000,0x000070000556e000)]
  0x00007fece683b000 JavaThread "Finalizer" daemon [_thread_blocked, id=12035, stack(0x000070000536b000,0x000070000546b000)]
  0x00007fece6835000 JavaThread "Reference Handler" daemon [_thread_blocked, id=20739, stack(0x0000700005268000,0x0000700005368000)]
  0x00007fece7003000 JavaThread "main" [_thread_blocked, id=6403, stack(0x0000700004c56000,0x0000700004d56000)]

Other Threads:
=>0x00007fece7035000 VMThread [stack: 0x0000700005165000,0x0000700005265000] [id=11779]
  0x00007fece589a000 WatcherThread [stack: 0x0000700005c86000,0x0000700005d86000] [id=16131]

VM state:at safepoint (normal execution)

VM Mutex/Monitor currently owned by a thread:  ([mutex/lock_event])
[0x00007fece5702a50] Threads_lock - owner thread: 0x00007fece7035000

Heap:
 PSYoungGen      total 38400K, used 2671K [0x0000000795580000, 0x0000000798000000, 0x00000007c0000000)
  eden space 33280K, 8% used [0x0000000795580000,0x000000079581bd68,0x0000000797600000)
  from space 5120K, 0% used [0x0000000797b00000,0x0000000797b00000,0x0000000798000000)
  to   space 5120K, 0% used [0x0000000797600000,0x0000000797600000,0x0000000797b00000)
 ParOldGen       total 87552K, used 0K [0x0000000740000000, 0x0000000745580000, 0x0000000795580000)
  object space 87552K, 0% used [0x0000000740000000,0x0000000740000000,0x0000000745580000)
 Metaspace       used 3217K, capacity 4664K, committed 4864K, reserved 1056768K
  class space    used 348K, capacity 424K, committed 512K, reserved 1048576K

Card table byte_map: [0x000000010cf74000,0x000000010d375000] byte_map_base: 0x0000000109574000

Marking Bits: (ParMarkBitMap*) 0x000000010c4f9cd0
 Begin Bits: [0x000000011ed29000, 0x0000000120d29000)
 End Bits:   [0x0000000120d29000, 0x0000000122d29000)

Polling page: 0x000000010b27f000

CodeCache: size=245760Kb used=1114Kb max_used=1121Kb free=244646Kb
 bounds [0x000000010fd29000, 0x000000010ff99000, 0x000000011ed29000]
 total_blobs=266 nmethods=28 adapters=160
 compilation: enabled

Compilation events (10 events):
Event: 0.280 Thread 0x00007fece6884000 nmethod 21 0x000000010fe3cfd0 code [0x000000010fe3d180, 0x000000010fe3d658]
Event: 0.280 Thread 0x00007fece6884000   25       1       java.lang.Object::<init> (1 bytes)
Event: 0.280 Thread 0x00007fece6884000 nmethod 25 0x000000010fe3d890 code [0x000000010fe3d9e0, 0x000000010fe3daf0]
Event: 0.281 Thread 0x00007fece6884000   26       1       java.net.URL::getQuery (5 bytes)
Event: 0.281 Thread 0x00007fece6884000 nmethod 26 0x000000010fe3db50 code [0x000000010fe3dca0, 0x000000010fe3ddb0]
Event: 0.281 Thread 0x00007fece6884000   27       3       java.util.HashMap::get (23 bytes)
Event: 0.281 Thread 0x00007fece6884000 nmethod 27 0x000000010fe3de10 code [0x000000010fe3dfa0, 0x000000010fe3e3b8]
Event: 0.282 Thread 0x00007fece703a800 nmethod 24 0x000000010fe41310 code [0x000000010fe41460, 0x000000010fe41638]
Event: 0.292 Thread 0x00007fece6884000   28       3       java.lang.System::getSecurityManager (4 bytes)
Event: 0.293 Thread 0x00007fece6884000 nmethod 28 0x000000010fe40890 code [0x000000010fe409e0, 0x000000010fe40b30]

GC Heap History (0 events):
No events

Deoptimization events (0 events):
No events

Classes redefined (10 events):
Event: 1065.117 Thread 0x00007fece7035000 redefined class name=More.Programers.Greedy.Camera, count=3
Event: 1065.117 Thread 0x00007fece7035000 redefined class name=More.Programers.Greedy.Camera$1, count=3
Event: 1145.968 Thread 0x00007fece7035000 redefined class name=More.Programers.Greedy.Camera, count=4
Event: 1145.968 Thread 0x00007fece7035000 redefined class name=More.Programers.Greedy.Camera$1, count=4
Event: 1326.299 Thread 0x00007fece7035000 redefined class name=More.Programers.Greedy.Camera, count=5
Event: 1326.299 Thread 0x00007fece7035000 redefined class name=More.Programers.Greedy.Camera$1, count=5
Event: 1555.018 Thread 0x00007fece7035000 redefined class name=More.Programers.Greedy.Camera, count=6
Event: 1555.018 Thread 0x00007fece7035000 redefined class name=More.Programers.Greedy.Camera$1, count=6
Event: 1577.257 Thread 0x00007fece7035000 redefined class name=More.Programers.Greedy.Camera, count=7
Event: 1577.257 Thread 0x00007fece7035000 redefined class name=More.Programers.Greedy.Camera$1, count=7

Internal exceptions (2 events):
Event: 0.041 Thread 0x00007fece7003000 Exception <a 'java/lang/NoSuchMethodError': Method sun.misc.Unsafe.defineClass(Ljava/lang/String;[BII)Ljava/lang/Class; name or signature does not match> (0x0000000795587cb0) thrown at [/Users/java_re/workspace/8-2-build-macosx-x86_64/jdk8u181/11358/hotsp
Event: 0.041 Thread 0x00007fece7003000 Exception <a 'java/lang/NoSuchMethodError': Method sun.misc.Unsafe.prefetchRead(Ljava/lang/Object;J)V name or signature does not match> (0x0000000795587f98) thrown at [/Users/java_re/workspace/8-2-build-macosx-x86_64/jdk8u181/11358/hotspot/src/share/vm/pr

Events (10 events):
Event: 1611.198 Executing VM operation: ChangeBreakpoints done
Event: 1611.609 Executing VM operation: ChangeBreakpoints
Event: 1611.609 Executing VM operation: ChangeBreakpoints done
Event: 1612.648 Executing VM operation: ChangeBreakpoints
Event: 1612.648 Executing VM operation: ChangeBreakpoints done
Event: 1613.364 Executing VM operation: ChangeBreakpoints
Event: 1613.364 Executing VM operation: ChangeBreakpoints done
Event: 1613.817 Executing VM operation: ChangeBreakpoints
Event: 1613.817 Executing VM operation: ChangeBreakpoints done
Event: 1619.504 Executing VM operation: ChangeBreakpoints


Dynamic libraries:
0x00007fff36385000 	/System/Library/Frameworks/Cocoa.framework/Versions/A/Cocoa
0x00007fff42605000 	/System/Library/Frameworks/Security.framework/Versions/A/Security
0x00007fff34f8f000 	/System/Library/Frameworks/ApplicationServices.framework/Versions/A/ApplicationServices
0x00007fff63a7b000 	/usr/lib/libz.1.dylib
0x00007fff610f1000 	/usr/lib/libSystem.B.dylib
0x00007fff62b98000 	/usr/lib/libobjc.A.dylib
0x00007fff36ba7000 	/System/Library/Frameworks/CoreFoundation.framework/Versions/A/CoreFoundation
0x00007fff38f26000 	/System/Library/Frameworks/Foundation.framework/Versions/C/Foundation
0x00007fff3411e000 	/System/Library/Frameworks/AppKit.framework/Versions/C/AppKit
0x00007fff3671c000 	/System/Library/Frameworks/CoreData.framework/Versions/A/CoreData
0x00007fff5a2e3000 	/System/Library/PrivateFrameworks/RemoteViewServices.framework/Versions/A/RemoteViewServices
0x00007fff5edcc000 	/System/Library/PrivateFrameworks/UIFoundation.framework/Versions/A/UIFoundation
0x00007fff60578000 	/System/Library/PrivateFrameworks/XCTTargetBootstrap.framework/Versions/A/XCTTargetBootstrap
0x00007fff54e3d000 	/System/Library/PrivateFrameworks/IconServices.framework/Versions/A/IconServices
0x00007fff3b7cb000 	/System/Library/Frameworks/Metal.framework/Versions/A/Metal
0x00007fff4c0cf000 	/System/Library/PrivateFrameworks/DesktopServicesPriv.framework/Versions/A/DesktopServicesPriv
0x00007fff61eac000 	/usr/lib/libenergytrace.dylib
0x00007fff5cb45000 	/System/Library/PrivateFrameworks/SkyLight.framework/Versions/A/SkyLight
0x00007fff36ff8000 	/System/Library/Frameworks/CoreGraphics.framework/Versions/A/CoreGraphics
0x00007fff32ed9000 	/System/Library/Frameworks/Accelerate.framework/Versions/A/Accelerate
0x00007fff396ac000 	/System/Library/Frameworks/IOSurface.framework/Versions/A/IOSurface
0x00007fff4bf31000 	/System/Library/PrivateFrameworks/DFRFoundation.framework/Versions/A/DFRFoundation
0x00007fff35494000 	/System/Library/Frameworks/AudioToolbox.framework/Versions/A/AudioToolbox
0x00007fff35732000 	/System/Library/Frameworks/AudioUnit.framework/Versions/A/AudioUnit
0x00007fff4bfc8000 	/System/Library/PrivateFrameworks/DataDetectorsCore.framework/Versions/A/DataDetectorsCore
0x00007fff35e71000 	/System/Library/Frameworks/Carbon.framework/Versions/A/Frameworks/HIToolbox.framework/Versions/A/HIToolbox
0x00007fff62007000 	/usr/lib/libicucore.A.dylib
0x00007fff41b61000 	/System/Library/Frameworks/QuartzCore.framework/Versions/A/QuartzCore
0x00007fff36258000 	/System/Library/Frameworks/Carbon.framework/Versions/A/Frameworks/SpeechRecognition.framework/Versions/A/SpeechRecognition
0x00007fff61254000 	/usr/lib/libauto.dylib
0x00007fff6396e000 	/usr/lib/libxml2.2.dylib
0x00007fff4bb36000 	/System/Library/PrivateFrameworks/CoreUI.framework/Versions/A/CoreUI
0x00007fff365fa000 	/System/Library/Frameworks/CoreAudio.framework/Versions/A/CoreAudio
0x00007fff38d58000 	/System/Library/Frameworks/DiskArbitration.framework/Versions/A/DiskArbitration
0x00007fff622b7000 	/usr/lib/liblangid.dylib
0x00007fff562e8000 	/System/Library/PrivateFrameworks/MultitouchSupport.framework/Versions/A/MultitouchSupport
0x00007fff39619000 	/System/Library/Frameworks/IOKit.framework/Versions/A/IOKit
0x00007fff60d3f000 	/usr/lib/libDiagnosticMessagesClient.dylib
0x00007fff37e63000 	/System/Library/Frameworks/CoreServices.framework/Versions/A/CoreServices
0x00007fff58012000 	/System/Library/PrivateFrameworks/PerformanceAnalysis.framework/Versions/A/PerformanceAnalysis
0x00007fff40cf6000 	/System/Library/Frameworks/OpenGL.framework/Versions/A/OpenGL
0x00007fff36393000 	/System/Library/Frameworks/ColorSync.framework/Versions/A/ColorSync
0x00007fff37687000 	/System/Library/Frameworks/CoreImage.framework/Versions/A/CoreImage
0x00007fff388a1000 	/System/Library/Frameworks/CoreText.framework/Versions/A/CoreText
0x00007fff3970d000 	/System/Library/Frameworks/ImageIO.framework/Versions/A/ImageIO
0x00007fff481ac000 	/System/Library/PrivateFrameworks/Backup.framework/Versions/A/Backup
0x00007fff611a7000 	/usr/lib/libarchive.2.dylib
0x00007fff35a96000 	/System/Library/Frameworks/CFNetwork.framework/Versions/A/CFNetwork
0x00007fff42dae000 	/System/Library/Frameworks/SystemConfiguration.framework/Versions/A/SystemConfiguration
0x00007fff60c68000 	/usr/lib/libCRFSuite.dylib
0x00007fff6134c000 	/usr/lib/libc++.1.dylib
0x00007fff613a4000 	/usr/lib/libc++abi.dylib
0x00007fff63afe000 	/usr/lib/system/libcache.dylib
0x00007fff63b03000 	/usr/lib/system/libcommonCrypto.dylib
0x00007fff63b0e000 	/usr/lib/system/libcompiler_rt.dylib
0x00007fff63b16000 	/usr/lib/system/libcopyfile.dylib
0x00007fff63b20000 	/usr/lib/system/libcorecrypto.dylib
0x00007fff63c2a000 	/usr/lib/system/libdispatch.dylib
0x00007fff63c65000 	/usr/lib/system/libdyld.dylib
0x00007fff63c95000 	/usr/lib/system/libkeymgr.dylib
0x00007fff63ca3000 	/usr/lib/system/liblaunch.dylib
0x00007fff63ca4000 	/usr/lib/system/libmacho.dylib
0x00007fff63caa000 	/usr/lib/system/libquarantine.dylib
0x00007fff63cad000 	/usr/lib/system/libremovefile.dylib
0x00007fff63caf000 	/usr/lib/system/libsystem_asl.dylib
0x00007fff63cc7000 	/usr/lib/system/libsystem_blocks.dylib
0x00007fff63cc8000 	/usr/lib/system/libsystem_c.dylib
0x00007fff63d51000 	/usr/lib/system/libsystem_configuration.dylib
0x00007fff63d55000 	/usr/lib/system/libsystem_coreservices.dylib
0x00007fff63d59000 	/usr/lib/system/libsystem_darwin.dylib
0x00007fff63d60000 	/usr/lib/system/libsystem_dnssd.dylib
0x00007fff63d67000 	/usr/lib/system/libsystem_info.dylib
0x00007fff63ddc000 	/usr/lib/system/libsystem_m.dylib
0x00007fff63e28000 	/usr/lib/system/libsystem_malloc.dylib
0x00007fff63e4d000 	/usr/lib/system/libsystem_networkextension.dylib
0x00007fff63e59000 	/usr/lib/system/libsystem_notify.dylib
0x00007fff63e76000 	/usr/lib/system/libsystem_sandbox.dylib
0x00007fff63e7a000 	/usr/lib/system/libsystem_secinit.dylib
0x00007fff63db4000 	/usr/lib/system/libsystem_kernel.dylib
0x00007fff63e61000 	/usr/lib/system/libsystem_platform.dylib
0x00007fff63e6b000 	/usr/lib/system/libsystem_pthread.dylib
0x00007fff63e7d000 	/usr/lib/system/libsystem_symptoms.dylib
0x00007fff63e85000 	/usr/lib/system/libsystem_trace.dylib
0x00007fff63e9c000 	/usr/lib/system/libunwind.dylib
0x00007fff63ea2000 	/usr/lib/system/libxpc.dylib
0x00007fff6132c000 	/usr/lib/libbsm.0.dylib
0x00007fff63c96000 	/usr/lib/system/libkxld.dylib
0x00007fff47468000 	/System/Library/PrivateFrameworks/AppleFSCompression.framework/Versions/A/AppleFSCompression
0x00007fff60fb0000 	/usr/lib/libOpenScriptingUtil.dylib
0x00007fff6168f000 	/usr/lib/libcoretls.dylib
0x00007fff616a6000 	/usr/lib/libcoretls_cfhelpers.dylib
0x00007fff63331000 	/usr/lib/libpam.2.dylib
0x00007fff634f4000 	/usr/lib/libsqlite3.dylib
0x00007fff6395c000 	/usr/lib/libxar.1.dylib
0x00007fff6133d000 	/usr/lib/libbz2.1.0.dylib
0x00007fff622b9000 	/usr/lib/liblzma.5.dylib
0x00007fff627af000 	/usr/lib/libnetwork.dylib
0x00007fff61190000 	/usr/lib/libapple_nghttp2.dylib
0x00007fff63338000 	/usr/lib/libpcap.A.dylib
0x00007fff38207000 	/System/Library/Frameworks/CoreServices.framework/Versions/A/Frameworks/FSEvents.framework/Versions/A/FSEvents
0x00007fff37ee3000 	/System/Library/Frameworks/CoreServices.framework/Versions/A/Frameworks/CarbonCore.framework/Versions/A/CarbonCore
0x00007fff383dc000 	/System/Library/Frameworks/CoreServices.framework/Versions/A/Frameworks/Metadata.framework/Versions/A/Metadata
0x00007fff3847f000 	/System/Library/Frameworks/CoreServices.framework/Versions/A/Frameworks/OSServices.framework/Versions/A/OSServices
0x00007fff384cb000 	/System/Library/Frameworks/CoreServices.framework/Versions/A/Frameworks/SearchKit.framework/Versions/A/SearchKit
0x00007fff37e64000 	/System/Library/Frameworks/CoreServices.framework/Versions/A/Frameworks/AE.framework/Versions/A/AE
0x00007fff38210000 	/System/Library/Frameworks/CoreServices.framework/Versions/A/Frameworks/LaunchServices.framework/Versions/A/LaunchServices
0x00007fff381bc000 	/System/Library/Frameworks/CoreServices.framework/Versions/A/Frameworks/DictionaryServices.framework/Versions/A/DictionaryServices
0x00007fff3853a000 	/System/Library/Frameworks/CoreServices.framework/Versions/A/Frameworks/SharedFileList.framework/Versions/A/SharedFileList
0x00007fff3cc86000 	/System/Library/Frameworks/NetFS.framework/Versions/A/NetFS
0x00007fff56584000 	/System/Library/PrivateFrameworks/NetAuth.framework/Versions/A/NetAuth
0x00007fff609ac000 	/System/Library/PrivateFrameworks/login.framework/Versions/A/Frameworks/loginsupport.framework/Versions/A/loginsupport
0x00007fff5e9c8000 	/System/Library/PrivateFrameworks/TCC.framework/Versions/A/TCC
0x00007fff4b15e000 	/System/Library/PrivateFrameworks/CoreNLP.framework/Versions/A/CoreNLP
0x00007fff55fd9000 	/System/Library/PrivateFrameworks/MetadataUtilities.framework/Versions/A/MetadataUtilities
0x00007fff6239a000 	/usr/lib/libmecabra.dylib
0x00007fff34f90000 	/System/Library/Frameworks/ApplicationServices.framework/Versions/A/Frameworks/ATS.framework/Versions/A/ATS
0x00007fff352fb000 	/System/Library/Frameworks/ApplicationServices.framework/Versions/A/Frameworks/ColorSyncLegacy.framework/Versions/A/ColorSyncLegacy
0x00007fff3539c000 	/System/Library/Frameworks/ApplicationServices.framework/Versions/A/Frameworks/HIServices.framework/Versions/A/HIServices
0x00007fff353ef000 	/System/Library/Frameworks/ApplicationServices.framework/Versions/A/Frameworks/LangAnalysis.framework/Versions/A/LangAnalysis
0x00007fff353fe000 	/System/Library/Frameworks/ApplicationServices.framework/Versions/A/Frameworks/PrintCore.framework/Versions/A/PrintCore
0x00007fff3544b000 	/System/Library/Frameworks/ApplicationServices.framework/Versions/A/Frameworks/QD.framework/Versions/A/QD
0x00007fff35487000 	/System/Library/Frameworks/ApplicationServices.framework/Versions/A/Frameworks/SpeechSynthesis.framework/Versions/A/SpeechSynthesis
0x00007fff613cc000 	/usr/lib/libcompression.dylib
0x00007fff36abd000 	/System/Library/Frameworks/CoreDisplay.framework/Versions/A/CoreDisplay
0x00007fff3ba87000 	/System/Library/Frameworks/MetalPerformanceShaders.framework/Versions/A/MetalPerformanceShaders
0x00007fff32ef1000 	/System/Library/Frameworks/Accelerate.framework/Versions/A/Frameworks/vImage.framework/Versions/A/vImage
0x00007fff33f6d000 	/System/Library/Frameworks/Accelerate.framework/Versions/A/Frameworks/vecLib.framework/Versions/A/vecLib
0x00007fff33eb7000 	/System/Library/Frameworks/Accelerate.framework/Versions/A/Frameworks/vecLib.framework/Versions/A/libvMisc.dylib
0x00007fff33cd2000 	/System/Library/Frameworks/Accelerate.framework/Versions/A/Frameworks/vecLib.framework/Versions/A/libvDSP.dylib
0x00007fff33592000 	/System/Library/Frameworks/Accelerate.framework/Versions/A/Frameworks/vecLib.framework/Versions/A/libBLAS.dylib
0x00007fff3387d000 	/System/Library/Frameworks/Accelerate.framework/Versions/A/Frameworks/vecLib.framework/Versions/A/libLAPACK.dylib
0x00007fff33c24000 	/System/Library/Frameworks/Accelerate.framework/Versions/A/Frameworks/vecLib.framework/Versions/A/libLinearAlgebra.dylib
0x00007fff33cbe000 	/System/Library/Frameworks/Accelerate.framework/Versions/A/Frameworks/vecLib.framework/Versions/A/libSparseBLAS.dylib
0x00007fff33c3a000 	/System/Library/Frameworks/Accelerate.framework/Versions/A/Frameworks/vecLib.framework/Versions/A/libQuadrature.dylib
0x00007fff3380a000 	/System/Library/Frameworks/Accelerate.framework/Versions/A/Frameworks/vecLib.framework/Versions/A/libBNNS.dylib
0x00007fff33c40000 	/System/Library/Frameworks/Accelerate.framework/Versions/A/Frameworks/vecLib.framework/Versions/A/libSparse.dylib
0x00007fff5265c000 	/System/Library/PrivateFrameworks/GPUWrangler.framework/Versions/A/GPUWrangler
0x00007fff54a06000 	/System/Library/PrivateFrameworks/IOAccelerator.framework/Versions/A/IOAccelerator
0x00007fff54a11000 	/System/Library/PrivateFrameworks/IOPresentment.framework/Versions/A/IOPresentment
0x00007fff4bf41000 	/System/Library/PrivateFrameworks/DSExternalDisplay.framework/Versions/A/DSExternalDisplay
0x00007fff4013b000 	/System/Library/Frameworks/OpenGL.framework/Versions/A/Libraries/libCoreFSCache.dylib
0x00007fff3b87b000 	/System/Library/Frameworks/MetalPerformanceShaders.framework/Frameworks/MPSCore.framework/Versions/A/MPSCore
0x00007fff3b89c000 	/System/Library/Frameworks/MetalPerformanceShaders.framework/Frameworks/MPSImage.framework/Versions/A/MPSImage
0x00007fff3b943000 	/System/Library/Frameworks/MetalPerformanceShaders.framework/Frameworks/MPSNeuralNetwork.framework/Versions/A/MPSNeuralNetwork
0x00007fff3b91a000 	/System/Library/Frameworks/MetalPerformanceShaders.framework/Frameworks/MPSMatrix.framework/Versions/A/MPSMatrix
0x00007fff3ba6b000 	/System/Library/Frameworks/MetalPerformanceShaders.framework/Frameworks/MPSRayIntersector.framework/Versions/A/MPSRayIntersector
0x00007fff56002000 	/System/Library/PrivateFrameworks/MetalTools.framework/Versions/A/MetalTools
0x00007fff46b64000 	/System/Library/PrivateFrameworks/AggregateDictionary.framework/Versions/A/AggregateDictionary
0x00007fff60f90000 	/usr/lib/libMobileGestalt.dylib
0x00007fff38a07000 	/System/Library/Frameworks/CoreVideo.framework/Versions/A/CoreVideo
0x00007fff534c0000 	/System/Library/PrivateFrameworks/GraphVisualizer.framework/Versions/A/GraphVisualizer
0x00007fff4d26c000 	/System/Library/PrivateFrameworks/FaceCore.framework/Versions/A/FaceCore
0x00007fff3f752000 	/System/Library/Frameworks/OpenCL.framework/Versions/A/OpenCL
0x00007fff60d77000 	/usr/lib/libFosl_dynamic.dylib
0x00007fff56e59000 	/System/Library/PrivateFrameworks/OTSVG.framework/Versions/A/OTSVG
0x00007fff35094000 	/System/Library/Frameworks/ApplicationServices.framework/Versions/A/Frameworks/ATS.framework/Versions/A/Resources/libFontParser.dylib
0x00007fff351b4000 	/System/Library/Frameworks/ApplicationServices.framework/Versions/A/Frameworks/ATS.framework/Versions/A/Resources/libFontRegistry.dylib
0x00007fff3998d000 	/System/Library/Frameworks/ImageIO.framework/Versions/A/Resources/libJPEG.dylib
0x00007fff39caf000 	/System/Library/Frameworks/ImageIO.framework/Versions/A/Resources/libTIFF.dylib
0x00007fff39c85000 	/System/Library/Frameworks/ImageIO.framework/Versions/A/Resources/libPng.dylib
0x00007fff398a2000 	/System/Library/Frameworks/ImageIO.framework/Versions/A/Resources/libGIF.dylib
0x00007fff398a7000 	/System/Library/Frameworks/ImageIO.framework/Versions/A/Resources/libJP2.dylib
0x00007fff39cac000 	/System/Library/Frameworks/ImageIO.framework/Versions/A/Resources/libRadiance.dylib
0x00007fff475c1000 	/System/Library/PrivateFrameworks/AppleJPEG.framework/Versions/A/AppleJPEG
0x00007fff40146000 	/System/Library/Frameworks/OpenGL.framework/Versions/A/Libraries/libGFXShared.dylib
0x00007fff40309000 	/System/Library/Frameworks/OpenGL.framework/Versions/A/Libraries/libGLU.dylib
0x00007fff4014f000 	/System/Library/Frameworks/OpenGL.framework/Versions/A/Libraries/libGL.dylib
0x00007fff4015b000 	/System/Library/Frameworks/OpenGL.framework/Versions/A/Libraries/libGLImage.dylib
0x00007fff40138000 	/System/Library/Frameworks/OpenGL.framework/Versions/A/Libraries/libCVMSPluginSupport.dylib
0x00007fff40141000 	/System/Library/Frameworks/OpenGL.framework/Versions/A/Libraries/libCoreVMClient.dylib
0x00007fff61d1e000 	/usr/lib/libcups.2.dylib
0x00007fff3ad93000 	/System/Library/Frameworks/Kerberos.framework/Versions/A/Kerberos
0x00007fff39365000 	/System/Library/Frameworks/GSS.framework/Versions/A/GSS
0x00007fff63488000 	/usr/lib/libresolv.9.dylib
0x00007fff61f15000 	/usr/lib/libiconv.2.dylib
0x00007fff535b6000 	/System/Library/PrivateFrameworks/Heimdal.framework/Versions/A/Heimdal
0x00007fff61ee4000 	/usr/lib/libheimdal-asn1.dylib
0x00007fff3f7c9000 	/System/Library/Frameworks/OpenDirectory.framework/Versions/A/OpenDirectory
0x00007fff49e6f000 	/System/Library/PrivateFrameworks/CommonAuth.framework/Versions/A/CommonAuth
0x00007fff3f7ac000 	/System/Library/Frameworks/OpenDirectory.framework/Versions/A/Frameworks/CFOpenDirectory.framework/Versions/A/CFOpenDirectory
0x00007fff4292c000 	/System/Library/Frameworks/SecurityFoundation.framework/Versions/A/SecurityFoundation
0x00007fff46083000 	/System/Library/PrivateFrameworks/APFS.framework/Versions/A/APFS
0x00007fff63958000 	/usr/lib/libutil.dylib
0x00007fff613ba000 	/usr/lib/libcharset.1.dylib
0x00007fff4785a000 	/System/Library/PrivateFrameworks/AppleSauce.framework/Versions/A/AppleSauce
0x00007fff479e8000 	/System/Library/PrivateFrameworks/AssertionServices.framework/Versions/A/AssertionServices
0x00007fff4824f000 	/System/Library/PrivateFrameworks/BaseBoard.framework/Versions/A/BaseBoard
0x00007fff622e9000 	/usr/lib/libmecab.1.0.0.dylib
0x00007fff61ede000 	/usr/lib/libgermantok.dylib
0x00007fff6117c000 	/usr/lib/libThaiTokenizer.dylib
0x00007fff60ca3000 	/usr/lib/libChineseTokenizer.dylib
0x00007fff55139000 	/System/Library/PrivateFrameworks/LanguageModeling.framework/Versions/A/LanguageModeling
0x00007fff4ab75000 	/System/Library/PrivateFrameworks/CoreEmoji.framework/Versions/A/CoreEmoji
0x00007fff55231000 	/System/Library/PrivateFrameworks/Lexicon.framework/Versions/A/Lexicon
0x00007fff55279000 	/System/Library/PrivateFrameworks/LinguisticData.framework/Versions/A/LinguisticData
0x00007fff613bb000 	/usr/lib/libcmph.dylib
0x00007fff429ed000 	/System/Library/Frameworks/ServiceManagement.framework/Versions/A/ServiceManagement
0x00007fff481a2000 	/System/Library/PrivateFrameworks/BackgroundTaskManagement.framework/Versions/A/BackgroundTaskManagement
0x00007fff63a52000 	/usr/lib/libxslt.1.dylib
0x00007fff36183000 	/System/Library/Frameworks/Carbon.framework/Versions/A/Frameworks/Ink.framework/Versions/A/Ink
0x00007fff5ec44000 	/System/Library/PrivateFrameworks/TextureIO.framework/Versions/A/TextureIO
0x00007fff611d1000 	/usr/lib/libate.dylib
0x00007fff4be9d000 	/System/Library/PrivateFrameworks/CrashReporterSupport.framework/Versions/A/CrashReporterSupport
0x00007fff5bc74000 	/System/Library/PrivateFrameworks/Sharing.framework/Versions/A/Sharing
0x00007fff47d2e000 	/System/Library/PrivateFrameworks/AuthKit.framework/Versions/A/AuthKit
0x00007fff47160000 	/System/Library/PrivateFrameworks/Apple80211.framework/Versions/A/Apple80211
0x00007fff4bc63000 	/System/Library/PrivateFrameworks/CoreUtils.framework/Versions/A/CoreUtils
0x00007fff38a45000 	/System/Library/Frameworks/CoreWLAN.framework/Versions/A/CoreWLAN
0x00007fff394ae000 	/System/Library/Frameworks/IOBluetooth.framework/Versions/A/IOBluetooth
0x00007fff59fda000 	/System/Library/PrivateFrameworks/ProtocolBuffer.framework/Versions/A/ProtocolBuffer
0x00007fff5623f000 	/System/Library/PrivateFrameworks/MobileKeyBag.framework/Versions/A/MobileKeyBag
0x00007fff4b48b000 	/System/Library/PrivateFrameworks/CorePhoneNumbers.framework/Versions/A/CorePhoneNumbers
0x00007fff47575000 	/System/Library/PrivateFrameworks/AppleIDAuthSupport.framework/Versions/A/AppleIDAuthSupport
0x00007fff5510b000 	/System/Library/PrivateFrameworks/KeychainCircle.framework/Versions/A/KeychainCircle
0x00007fff5a1a7000 	/System/Library/PrivateFrameworks/ROCKit.framework/Versions/A/ROCKit
0x00007fff4be39000 	/System/Library/PrivateFrameworks/CoreWiFi.framework/Versions/A/CoreWiFi
0x00007fff366f0000 	/System/Library/Frameworks/CoreBluetooth.framework/Versions/A/CoreBluetooth
0x00007fff4c08d000 	/System/Library/PrivateFrameworks/DebugSymbols.framework/Versions/A/DebugSymbols
0x00007fff4ba18000 	/System/Library/PrivateFrameworks/CoreSymbolication.framework/Versions/A/CoreSymbolication
0x00007fff5e432000 	/System/Library/PrivateFrameworks/Symbolication.framework/Versions/A/Symbolication
0x00007fff5d5c4000 	/System/Library/PrivateFrameworks/SpeechRecognitionCore.framework/Versions/A/SpeechRecognitionCore
0x00007fff2b99d000 	/System/Library/CoreServices/Encodings/libKoreanConverter.dylib
0x000000010bc00000 	/Library/Java/JavaVirtualMachines/jdk1.8.0_181.jdk/Contents/Home/jre/lib/server/libjvm.dylib
0x00007fff6381c000 	/usr/lib/libstdc++.6.dylib
0x000000010b23b000 	/Library/Java/JavaVirtualMachines/jdk1.8.0_181.jdk/Contents/Home/jre/lib/libverify.dylib
0x000000010b249000 	/Library/Java/JavaVirtualMachines/jdk1.8.0_181.jdk/Contents/Home/jre/lib/libjava.dylib
0x000000010b280000 	/Library/Java/JavaVirtualMachines/jdk1.8.0_181.jdk/Contents/Home/jre/lib/libjdwp.dylib
0x000000010b2cb000 	/Library/Java/JavaVirtualMachines/jdk1.8.0_181.jdk/Contents/Home/jre/lib/libnpt.dylib
0x000000010b2cf000 	/Library/Java/JavaVirtualMachines/jdk1.8.0_181.jdk/Contents/Home/jre/lib/libinstrument.dylib
0x000000010b36d000 	/Library/Java/JavaVirtualMachines/jdk1.8.0_181.jdk/Contents/Home/jre/lib/libzip.dylib
0x000000010f476000 	/Library/Java/JavaVirtualMachines/jdk1.8.0_181.jdk/Contents/Home/jre/lib/libdt_socket.dylib

VM Arguments:
jvm_args: -agentlib:jdwp=transport=dt_socket,address=127.0.0.1:49468,suspend=y,server=n -javaagent:/Users/misun/Library/Caches/IntelliJIdea2018.2/captureAgent/debugger-agent.jar=file:/private/var/folders/2k/x_89y_vx167gjlgnh8gmlxc40000gn/T/capture.props -Dfile.encoding=UTF-8 
java_command: More.Programers.Greedy.Camera
java_class_path (initial): /Library/Java/JavaVirtualMachines/jdk1.8.0_181.jdk/Contents/Home/jre/lib/charsets.jar:/Library/Java/JavaVirtualMachines/jdk1.8.0_181.jdk/Contents/Home/jre/lib/deploy.jar:/Library/Java/JavaVirtualMachines/jdk1.8.0_181.jdk/Contents/Home/jre/lib/ext/cldrdata.jar:/Library/Java/JavaVirtualMachines/jdk1.8.0_181.jdk/Contents/Home/jre/lib/ext/dnsns.jar:/Library/Java/JavaVirtualMachines/jdk1.8.0_181.jdk/Contents/Home/jre/lib/ext/jaccess.jar:/Library/Java/JavaVirtualMachines/jdk1.8.0_181.jdk/Contents/Home/jre/lib/ext/jfxrt.jar:/Library/Java/JavaVirtualMachines/jdk1.8.0_181.jdk/Contents/Home/jre/lib/ext/localedata.jar:/Library/Java/JavaVirtualMachines/jdk1.8.0_181.jdk/Contents/Home/jre/lib/ext/nashorn.jar:/Library/Java/JavaVirtualMachines/jdk1.8.0_181.jdk/Contents/Home/jre/lib/ext/sunec.jar:/Library/Java/JavaVirtualMachines/jdk1.8.0_181.jdk/Contents/Home/jre/lib/ext/sunjce_provider.jar:/Library/Java/JavaVirtualMachines/jdk1.8.0_181.jdk/Contents/Home/jre/lib/ext/sunpkcs11.jar:/Library/Java/JavaVirtualMachines/jdk1.8.0_181.jdk/Contents/Home/jre/lib/ext/zipfs.jar:/Library/Java/JavaVirtualMachines/jdk1.8.0_181.jdk/Contents/Home/jre/lib/javaws.jar:/Library/Java/JavaVirtualMachines/jdk1.8.0_181.jdk/Contents/Home/jre/lib/jce.jar:/Library/Java/JavaVirtualMachines/jdk1.8.0_181.jdk/Contents/Home/jre/lib/jfr.jar:/Library/Java/JavaVirtualMachines/jdk1.8.0_181.jdk/Contents/Home/jre/lib/jfxswt.jar:/Library/Java/JavaVirtualMachines/jdk1.8.0_181.jdk/Contents/Home/jre/lib/jsse.jar:/Library/Java/JavaVirtualMachines/jdk1.8.0_181.jdk/Contents/Home/jre/lib/management-agent.jar:/Library/Java/JavaVirtualMachines/jdk1.8.0_181.jdk/Contents/Home/jre/lib/plugin.jar:/Library/Java/JavaVirtualMachines/jdk1.8.0_181.jdk/Contents/Home/jre/lib/resources.jar:/Library/Java/JavaVirtualMachines/jdk1.8.0_181.jdk/Contents/Home/jre/lib/rt.jar:/Library/Java/JavaVirtualMachines/jdk1.8.0_181.jdk/Contents/Home/lib/ant-javafx.jar:/Library/Java/JavaVirtualMachines/jdk1.8.0_181.jdk/Contents/Home
Launcher Type: SUN_STANDARD

Environment Variables:
PATH=/usr/local/bin:/usr/bin:/bin:/usr/sbin:/sbin:/usr/local/mysql/bin:/usr/local/mysql/bin/
SHELL=/bin/zsh

Signal Handlers:
SIGSEGV: [libjvm.dylib+0x5b6029], sa_mask[0]=11111111011111110111111111111111, sa_flags=SA_ONSTACK|SA_RESTART|SA_SIGINFO
SIGBUS: [libjvm.dylib+0x5b6029], sa_mask[0]=11111111011111110111111111111111, sa_flags=SA_RESTART|SA_SIGINFO
SIGFPE: [libjvm.dylib+0x48b934], sa_mask[0]=11111111011111110111111111111111, sa_flags=SA_RESTART|SA_SIGINFO
SIGPIPE: [libjvm.dylib+0x48b934], sa_mask[0]=11111111011111110111111111111111, sa_flags=SA_RESTART|SA_SIGINFO
SIGXFSZ: [libjvm.dylib+0x48b934], sa_mask[0]=11111111011111110111111111111111, sa_flags=SA_RESTART|SA_SIGINFO
SIGILL: [libjvm.dylib+0x48b934], sa_mask[0]=11111111011111110111111111111111, sa_flags=SA_RESTART|SA_SIGINFO
SIGUSR1: SIG_DFL, sa_mask[0]=00000000000000000000000000000000, sa_flags=none
SIGUSR2: [libjvm.dylib+0x48b452], sa_mask[0]=00100000000000000000000000000000, sa_flags=SA_RESTART|SA_SIGINFO
SIGHUP: [libjvm.dylib+0x489a1d], sa_mask[0]=11111111011111110111111111111111, sa_flags=SA_RESTART|SA_SIGINFO
SIGINT: [libjvm.dylib+0x489a1d], sa_mask[0]=11111111011111110111111111111111, sa_flags=SA_RESTART|SA_SIGINFO
SIGTERM: [libjvm.dylib+0x489a1d], sa_mask[0]=11111111011111110111111111111111, sa_flags=SA_RESTART|SA_SIGINFO
SIGQUIT: [libjvm.dylib+0x489a1d], sa_mask[0]=11111111011111110111111111111111, sa_flags=SA_RESTART|SA_SIGINFO


---------------  S Y S T E M  ---------------

OS:Bsduname:Darwin 18.0.0 Darwin Kernel Version 18.0.0: Wed Aug 22 20:13:40 PDT 2018; root:xnu-4903.201.2~1/RELEASE_X86_64 x86_64
rlimit: STACK 8192k, CORE 0k, NPROC 709, NOFILE 10240, AS infinity
load average:3.60 3.53 3.18

CPU:total 4 (initial active 4) (2 cores per cpu, 2 threads per core) family 6 model 142 stepping 9, cmov, cx8, fxsr, mmx, sse, sse2, sse3, ssse3, sse4.1, sse4.2, popcnt, avx, avx2, aes, clmul, erms, rtm, 3dnowpref, lzcnt, ht, tsc, tscinvbit, bmi1, bmi2, adx

Memory: 4k page, physical 8388608k(348556k free)

/proc/meminfo:


vm_info: Java HotSpot(TM) 64-Bit Server VM (25.181-b13) for bsd-amd64 JRE (1.8.0_181-b13), built on Jul  7 2018 01:02:31 by "java_re" with gcc 4.2.1 (Based on Apple Inc. build 5658) (LLVM build 2336.11.00)

time: Tue Jul  2 11:11:39 2019
elapsed time: 1619 seconds (0d 0h 26m 59s)

