#
# A fatal error has been detected by the Java Runtime Environment:
#
#  SIGSEGV (0xb) at pc=0x000000010a137cb6, pid=49690, tid=0x0000000000002703
#
# JRE version: Java(TM) SE Runtime Environment (8.0_181-b13) (build 1.8.0_181-b13)
# Java VM: Java HotSpot(TM) 64-Bit Server VM (25.181-b13 mixed mode bsd-amd64 compressed oops)
# Problematic frame:
# V  [libjvm.dylib+0x537cb6]
#
# Failed to write core dump. Core dumps have been disabled. To enable core dumping, try "ulimit -c unlimited" before starting Java again
#
# If you would like to submit a bug report, please visit:
#   http://bugreport.java.com/bugreport/crash.jsp
#

---------------  T H R E A D  ---------------

Current thread (0x00007fa092804800):  JavaThread "main" [_thread_in_vm, id=9987, stack(0x00007000054d0000,0x00007000055d0000)]

siginfo: si_signo: 11 (SIGSEGV), si_code: 1 (SEGV_MAPERR), si_addr: 0x0000000000000000

Registers:
RAX=0x00000000000003d8, RBX=0x0000000000000000, RCX=0x00007fa09260dfd8, RDX=0x0000000000000000
RSP=0x00007000055cf570, RBP=0x00007000055cf580, RSI=0x0000000000000000, RDI=0x0000000000000000
R8 =0x00000007c0061aa0, R9 =0x00000000000000b2, R10=0x000000010a50a7f0, R11=0x00007000055cf410
R12=0x000000010fe2e2a8, R13=0x0000000000000000, R14=0x00000000000000ff, R15=0x00007fa092804800
RIP=0x000000010a137cb6, EFLAGS=0x0000000000010246, ERR=0x0000000000000004
  TRAPNO=0x000000000000000e

Top of Stack: (sp=0x00007000055cf570)
0x00007000055cf570:   00007fa092804800 00000000000000ff
0x00007000055cf580:   00007000055cf790 0000000109fcb54e
0x00007000055cf590:   000000010fb6d138 00000007955a0d68
0x00007000055cf5a0:   00007000055cf5a0 000000000fab8828
0x00007000055cf5b0:   0000000000000000 00000007c0061aa0
0x00007000055cf5c0:   0000000000000000 000000010fab8848
0x00007000055cf5d0:   0000000000000000 00007000055cf5f0
0x00007000055cf5e0:   00007000055cf638 0000000110b630e0
0x00007000055cf5f0:   00000007955a0d68 00007000055cf5f8
0x00007000055cf600:   000000010fb71a07 00007000055cf660
0x00007000055cf610:   000000010fb72180 0000000000000000
0x00007000055cf620:   000000010fb71a20 0000000000000000
0x00007000055cf630:   00007000055cf660 00007000055cf6a8
0x00007000055cf640:   0000000110b6335d 0000000000000001
0x00007000055cf650:   0000000000000000 0000000000000001
0x00007000055cf660:   00000007955a09b0 00007000055cf668
0x00007000055cf670:   00007fa09260d900 00007fa09260dbf0
0x00007000055cf680:   00007fa09260dc00 00007fa09260dfd8
0x00007000055cf690:   00000000000003d8 0000000000000000
0x00007000055cf6a0:   00007000055cf6b8 00007000055cf710
0x00007000055cf6b0:   0000000110b6335d 00000007955a0828
0x00007000055cf6c0:   0000000000000001 0000000000000000
0x00007000055cf6d0:   00007000055cf6d0 000000010fb61f78
0x00007000055cf6e0:   00007000055cf720 000000010fb62128
0x00007000055cf6f0:   0000000000000000 000000010fb61f88
0x00007000055cf700:   0000000000000000 00007000055cf720
0x00007000055cf710:   00007000055cf778 00007fa092804800
0x00007000055cf720:   00007000055cf750 0000000000000000
0x00007000055cf730:   0000000000000000 000000010fe2e2a8
0x00007000055cf740:   00007000055cf790 000000010a054667
0x00007000055cf750:   000000010fe2e2a8 00007fa092804800
0x00007000055cf760:   91eae04d9d3d0067 00007fa092804800 

Instructions: (pc=0x000000010a137cb6)
0x000000010a137c96:   ff 48 89 c2 4c 89 f7 48 89 d6 89 da 5b 41 5e 5d
0x000000010a137ca6:   e9 9b fe ff ff 90 55 48 89 e5 41 56 53 48 89 fb
0x000000010a137cb6:   44 0f b7 33 41 ff c6 44 89 f7 31 f6 e8 b5 78 fa
0x000000010a137cc6:   ff 48 89 df 48 89 c6 44 89 f2 5b 41 5e 5d e9 6d 

Register to memory mapping:

RAX=0x00000000000003d8 is an unknown value
RBX=0x0000000000000000 is an unknown value
RCX=0x00007fa09260dfd8 is an unknown value
RDX=0x0000000000000000 is an unknown value
RSP=0x00007000055cf570 is pointing into the stack for thread: 0x00007fa092804800
RBP=0x00007000055cf580 is pointing into the stack for thread: 0x00007fa092804800
RSI=0x0000000000000000 is an unknown value
RDI=0x0000000000000000 is an unknown value
R8 =0x00000007c0061aa0 is pointing into metadata
R9 =0x00000000000000b2 is an unknown value
R10=0x000000010a50a7f0: _ZN19TemplateInterpreter13_active_tableE+0x4800 in /Library/Java/JavaVirtualMachines/jdk1.8.0_181.jdk/Contents/Home/jre/lib/server/libjvm.dylib at 0x0000000109c00000
R11=0x00007000055cf410 is pointing into the stack for thread: 0x00007fa092804800
R12=0x000000010fe2e2a8 is pointing into metadata
R13=0x0000000000000000 is an unknown value
R14=0x00000000000000ff is an unknown value
R15=0x00007fa092804800 is a thread


Stack: [0x00007000054d0000,0x00007000055d0000],  sp=0x00007000055cf570,  free space=1021k
Native frames: (J=compiled Java code, j=interpreted, Vv=VM code, C=native code)
V  [libjvm.dylib+0x537cb6]
V  [libjvm.dylib+0x3cb54e]
V  [libjvm.dylib+0x3cd937]
V  [libjvm.dylib+0x2eac11]
j  Fail.Palindrome_10942.main([Ljava/lang/String;)V+202
v  ~StubRoutines::call_stub
V  [libjvm.dylib+0x2efcba]
V  [libjvm.dylib+0x326c61]
V  [libjvm.dylib+0x31f9ed]
C  [java+0x38c6]  JavaMain+0x9c4
C  [libsystem_pthread.dylib+0x333d]  _pthread_body+0x7e
C  [libsystem_pthread.dylib+0x62a7]  _pthread_start+0x46
C  [libsystem_pthread.dylib+0x2425]  thread_start+0xd
C  0x0000000000000000

Java frames: (J=compiled Java code, j=interpreted, Vv=VM code)
j  Fail.Palindrome_10942.main([Ljava/lang/String;)V+202
v  ~StubRoutines::call_stub

---------------  P R O C E S S  ---------------

Java Threads: ( => current thread )
  0x00007fa093865000 JavaThread "Service Thread" daemon [_thread_blocked, id=14595, stack(0x00007000063fd000,0x00007000064fd000)]
  0x00007fa0928c2800 JavaThread "C1 CompilerThread2" daemon [_thread_blocked, id=14339, stack(0x00007000062fa000,0x00007000063fa000)]
  0x00007fa093021000 JavaThread "C2 CompilerThread1" daemon [_thread_blocked, id=14083, stack(0x00007000061f7000,0x00007000062f7000)]
  0x00007fa0928c2000 JavaThread "C2 CompilerThread0" daemon [_thread_blocked, id=13827, stack(0x00007000060f4000,0x00007000061f4000)]
  0x00007fa09401b000 JavaThread "JDWP Event Helper Thread" daemon [_thread_blocked, id=13315, stack(0x0000700005eee000,0x0000700005fee000)]
  0x00007fa094018800 JavaThread "Signal Dispatcher" daemon [_thread_blocked, id=18435, stack(0x0000700005ce8000,0x0000700005de8000)]
  0x00007fa09281e800 JavaThread "Finalizer" daemon [_thread_blocked, id=11523, stack(0x0000700005be5000,0x0000700005ce5000)]
  0x00007fa092807000 JavaThread "Reference Handler" daemon [_thread_blocked, id=20483, stack(0x0000700005ae2000,0x0000700005be2000)]
=>0x00007fa092804800 JavaThread "main" [_thread_in_vm, id=9987, stack(0x00007000054d0000,0x00007000055d0000)]

Other Threads:
  0x00007fa09381a800 VMThread [stack: 0x00007000059df000,0x0000700005adf000] [id=20739]
  0x00007fa0928bf800 WatcherThread [stack: 0x0000700006500000,0x0000700006600000] [id=14851]

VM state:not at safepoint (normal execution)

VM Mutex/Monitor currently owned by a thread: None

Heap:
 PSYoungGen      total 38400K, used 2671K [0x0000000795580000, 0x0000000798000000, 0x00000007c0000000)
  eden space 33280K, 8% used [0x0000000795580000,0x000000079581bd68,0x0000000797600000)
  from space 5120K, 0% used [0x0000000797b00000,0x0000000797b00000,0x0000000798000000)
  to   space 5120K, 0% used [0x0000000797600000,0x0000000797600000,0x0000000797b00000)
 ParOldGen       total 87552K, used 0K [0x0000000740000000, 0x0000000745580000, 0x0000000795580000)
  object space 87552K, 0% used [0x0000000740000000,0x0000000740000000,0x0000000745580000)
 Metaspace       used 3188K, capacity 4664K, committed 4864K, reserved 1056768K
  class space    used 342K, capacity 424K, committed 512K, reserved 1048576K

Card table byte_map: [0x000000010af74000,0x000000010b375000] byte_map_base: 0x0000000107574000

Marking Bits: (ParMarkBitMap*) 0x000000010a4f9cd0
 Begin Bits: [0x000000010b620000, 0x000000010d620000)
 End Bits:   [0x000000010d620000, 0x000000010f620000)

Polling page: 0x0000000109284000

CodeCache: size=245760Kb used=1108Kb max_used=1116Kb free=244652Kb
 bounds [0x0000000110b5b000, 0x0000000110dcb000, 0x000000011fb5b000]
 total_blobs=262 nmethods=27 adapters=157
 compilation: enabled

Compilation events (10 events):
Event: 0.198 Thread 0x00007fa0928c2800 nmethod 20 0x0000000110c6de10 code [0x0000000110c6dfc0, 0x0000000110c6e498]
Event: 0.198 Thread 0x00007fa0928c2800   24       1       java.net.URL::getQuery (5 bytes)
Event: 0.198 Thread 0x00007fa0928c2800 nmethod 24 0x0000000110c6e690 code [0x0000000110c6e7e0, 0x0000000110c6e8f0]
Event: 0.198 Thread 0x00007fa0928c2800   25       3       java.util.HashMap::get (23 bytes)
Event: 0.199 Thread 0x00007fa0928c2800 nmethod 25 0x0000000110c6e950 code [0x0000000110c6eae0, 0x0000000110c6eef8]
Event: 0.199 Thread 0x00007fa0928c2000 nmethod 22 0x0000000110c71e50 code [0x0000000110c71fa0, 0x0000000110c72178]
Event: 0.203 Thread 0x00007fa0928c2800   26       3       java.lang.System::getSecurityManager (4 bytes)
Event: 0.203 Thread 0x00007fa0928c2800 nmethod 26 0x0000000110c71b50 code [0x0000000110c71ca0, 0x0000000110c71df0]
Event: 2.483 Thread 0x00007fa0928c2800   27       1       java.nio.Buffer::position (5 bytes)
Event: 2.483 Thread 0x00007fa0928c2800 nmethod 27 0x0000000110c71110 code [0x0000000110c71260, 0x0000000110c71370]

GC Heap History (0 events):
No events

Deoptimization events (0 events):
No events

Classes redefined (7 events):
Event: 80.780 Thread 0x00007fa09381a800 redefined class name=Fail.Palindrome_10942, count=1
Event: 107.948 Thread 0x00007fa09381a800 redefined class name=Fail.Palindrome_10942, count=2
Event: 279.833 Thread 0x00007fa09381a800 redefined class name=Fail.Palindrome_10942, count=3
Event: 408.776 Thread 0x00007fa09381a800 redefined class name=Fail.Palindrome_10942, count=4
Event: 611.275 Thread 0x00007fa09381a800 redefined class name=Fail.Palindrome_10942, count=5
Event: 727.530 Thread 0x00007fa09381a800 redefined class name=Fail.Palindrome_10942, count=6
Event: 772.093 Thread 0x00007fa09381a800 redefined class name=Fail.Palindrome_10942, count=7

Internal exceptions (2 events):
Event: 0.036 Thread 0x00007fa092804800 Exception <a 'java/lang/NoSuchMethodError': Method sun.misc.Unsafe.defineClass(Ljava/lang/String;[BII)Ljava/lang/Class; name or signature does not match> (0x0000000795587cb0) thrown at [/Users/java_re/workspace/8-2-build-macosx-x86_64/jdk8u181/11358/hotsp
Event: 0.036 Thread 0x00007fa092804800 Exception <a 'java/lang/NoSuchMethodError': Method sun.misc.Unsafe.prefetchRead(Ljava/lang/Object;J)V name or signature does not match> (0x0000000795587f98) thrown at [/Users/java_re/workspace/8-2-build-macosx-x86_64/jdk8u181/11358/hotspot/src/share/vm/pr

Events (10 events):
Event: 781.411 Executing VM operation: ChangeBreakpoints
Event: 781.411 Executing VM operation: ChangeBreakpoints done
Event: 781.411 Executing VM operation: ChangeBreakpoints
Event: 781.411 Executing VM operation: ChangeBreakpoints done
Event: 781.411 Executing VM operation: ChangeBreakpoints
Event: 781.411 Executing VM operation: ChangeBreakpoints done
Event: 781.411 Executing VM operation: ChangeBreakpoints
Event: 781.411 Executing VM operation: ChangeBreakpoints done
Event: 781.411 Executing VM operation: ChangeBreakpoints
Event: 781.411 Executing VM operation: ChangeBreakpoints done


Dynamic libraries:
0x00007fff3978f000 	/System/Library/Frameworks/Cocoa.framework/Versions/A/Cocoa
0x00007fff45a0f000 	/System/Library/Frameworks/Security.framework/Versions/A/Security
0x00007fff38399000 	/System/Library/Frameworks/ApplicationServices.framework/Versions/A/ApplicationServices
0x00007fff66e85000 	/usr/lib/libz.1.dylib
0x00007fff644fb000 	/usr/lib/libSystem.B.dylib
0x00007fff65fa2000 	/usr/lib/libobjc.A.dylib
0x00007fff39fb1000 	/System/Library/Frameworks/CoreFoundation.framework/Versions/A/CoreFoundation
0x00007fff3c330000 	/System/Library/Frameworks/Foundation.framework/Versions/C/Foundation
0x00007fff37528000 	/System/Library/Frameworks/AppKit.framework/Versions/C/AppKit
0x00007fff39b26000 	/System/Library/Frameworks/CoreData.framework/Versions/A/CoreData
0x00007fff5d6ed000 	/System/Library/PrivateFrameworks/RemoteViewServices.framework/Versions/A/RemoteViewServices
0x00007fff621d6000 	/System/Library/PrivateFrameworks/UIFoundation.framework/Versions/A/UIFoundation
0x00007fff63982000 	/System/Library/PrivateFrameworks/XCTTargetBootstrap.framework/Versions/A/XCTTargetBootstrap
0x00007fff58247000 	/System/Library/PrivateFrameworks/IconServices.framework/Versions/A/IconServices
0x00007fff3ebd5000 	/System/Library/Frameworks/Metal.framework/Versions/A/Metal
0x00007fff4f4d9000 	/System/Library/PrivateFrameworks/DesktopServicesPriv.framework/Versions/A/DesktopServicesPriv
0x00007fff652b6000 	/usr/lib/libenergytrace.dylib
0x00007fff5ff4f000 	/System/Library/PrivateFrameworks/SkyLight.framework/Versions/A/SkyLight
0x00007fff3a402000 	/System/Library/Frameworks/CoreGraphics.framework/Versions/A/CoreGraphics
0x00007fff362e3000 	/System/Library/Frameworks/Accelerate.framework/Versions/A/Accelerate
0x00007fff3cab6000 	/System/Library/Frameworks/IOSurface.framework/Versions/A/IOSurface
0x00007fff4f33b000 	/System/Library/PrivateFrameworks/DFRFoundation.framework/Versions/A/DFRFoundation
0x00007fff3889e000 	/System/Library/Frameworks/AudioToolbox.framework/Versions/A/AudioToolbox
0x00007fff38b3c000 	/System/Library/Frameworks/AudioUnit.framework/Versions/A/AudioUnit
0x00007fff4f3d2000 	/System/Library/PrivateFrameworks/DataDetectorsCore.framework/Versions/A/DataDetectorsCore
0x00007fff3927b000 	/System/Library/Frameworks/Carbon.framework/Versions/A/Frameworks/HIToolbox.framework/Versions/A/HIToolbox
0x00007fff65411000 	/usr/lib/libicucore.A.dylib
0x00007fff44f6b000 	/System/Library/Frameworks/QuartzCore.framework/Versions/A/QuartzCore
0x00007fff39662000 	/System/Library/Frameworks/Carbon.framework/Versions/A/Frameworks/SpeechRecognition.framework/Versions/A/SpeechRecognition
0x00007fff6465e000 	/usr/lib/libauto.dylib
0x00007fff66d78000 	/usr/lib/libxml2.2.dylib
0x00007fff4ef40000 	/System/Library/PrivateFrameworks/CoreUI.framework/Versions/A/CoreUI
0x00007fff39a04000 	/System/Library/Frameworks/CoreAudio.framework/Versions/A/CoreAudio
0x00007fff3c162000 	/System/Library/Frameworks/DiskArbitration.framework/Versions/A/DiskArbitration
0x00007fff656c1000 	/usr/lib/liblangid.dylib
0x00007fff596f2000 	/System/Library/PrivateFrameworks/MultitouchSupport.framework/Versions/A/MultitouchSupport
0x00007fff3ca23000 	/System/Library/Frameworks/IOKit.framework/Versions/A/IOKit
0x00007fff64149000 	/usr/lib/libDiagnosticMessagesClient.dylib
0x00007fff3b26d000 	/System/Library/Frameworks/CoreServices.framework/Versions/A/CoreServices
0x00007fff5b41c000 	/System/Library/PrivateFrameworks/PerformanceAnalysis.framework/Versions/A/PerformanceAnalysis
0x00007fff44100000 	/System/Library/Frameworks/OpenGL.framework/Versions/A/OpenGL
0x00007fff3979d000 	/System/Library/Frameworks/ColorSync.framework/Versions/A/ColorSync
0x00007fff3aa91000 	/System/Library/Frameworks/CoreImage.framework/Versions/A/CoreImage
0x00007fff3bcab000 	/System/Library/Frameworks/CoreText.framework/Versions/A/CoreText
0x00007fff3cb17000 	/System/Library/Frameworks/ImageIO.framework/Versions/A/ImageIO
0x00007fff4b5b6000 	/System/Library/PrivateFrameworks/Backup.framework/Versions/A/Backup
0x00007fff645b1000 	/usr/lib/libarchive.2.dylib
0x00007fff38ea0000 	/System/Library/Frameworks/CFNetwork.framework/Versions/A/CFNetwork
0x00007fff461b8000 	/System/Library/Frameworks/SystemConfiguration.framework/Versions/A/SystemConfiguration
0x00007fff64072000 	/usr/lib/libCRFSuite.dylib
0x00007fff64756000 	/usr/lib/libc++.1.dylib
0x00007fff647ae000 	/usr/lib/libc++abi.dylib
0x00007fff66f08000 	/usr/lib/system/libcache.dylib
0x00007fff66f0d000 	/usr/lib/system/libcommonCrypto.dylib
0x00007fff66f18000 	/usr/lib/system/libcompiler_rt.dylib
0x00007fff66f20000 	/usr/lib/system/libcopyfile.dylib
0x00007fff66f2a000 	/usr/lib/system/libcorecrypto.dylib
0x00007fff67034000 	/usr/lib/system/libdispatch.dylib
0x00007fff6706f000 	/usr/lib/system/libdyld.dylib
0x00007fff6709f000 	/usr/lib/system/libkeymgr.dylib
0x00007fff670ad000 	/usr/lib/system/liblaunch.dylib
0x00007fff670ae000 	/usr/lib/system/libmacho.dylib
0x00007fff670b4000 	/usr/lib/system/libquarantine.dylib
0x00007fff670b7000 	/usr/lib/system/libremovefile.dylib
0x00007fff670b9000 	/usr/lib/system/libsystem_asl.dylib
0x00007fff670d1000 	/usr/lib/system/libsystem_blocks.dylib
0x00007fff670d2000 	/usr/lib/system/libsystem_c.dylib
0x00007fff6715b000 	/usr/lib/system/libsystem_configuration.dylib
0x00007fff6715f000 	/usr/lib/system/libsystem_coreservices.dylib
0x00007fff67163000 	/usr/lib/system/libsystem_darwin.dylib
0x00007fff6716a000 	/usr/lib/system/libsystem_dnssd.dylib
0x00007fff67171000 	/usr/lib/system/libsystem_info.dylib
0x00007fff671e6000 	/usr/lib/system/libsystem_m.dylib
0x00007fff67232000 	/usr/lib/system/libsystem_malloc.dylib
0x00007fff67257000 	/usr/lib/system/libsystem_networkextension.dylib
0x00007fff67263000 	/usr/lib/system/libsystem_notify.dylib
0x00007fff67280000 	/usr/lib/system/libsystem_sandbox.dylib
0x00007fff67284000 	/usr/lib/system/libsystem_secinit.dylib
0x00007fff671be000 	/usr/lib/system/libsystem_kernel.dylib
0x00007fff6726b000 	/usr/lib/system/libsystem_platform.dylib
0x00007fff67275000 	/usr/lib/system/libsystem_pthread.dylib
0x00007fff67287000 	/usr/lib/system/libsystem_symptoms.dylib
0x00007fff6728f000 	/usr/lib/system/libsystem_trace.dylib
0x00007fff672a6000 	/usr/lib/system/libunwind.dylib
0x00007fff672ac000 	/usr/lib/system/libxpc.dylib
0x00007fff64736000 	/usr/lib/libbsm.0.dylib
0x00007fff670a0000 	/usr/lib/system/libkxld.dylib
0x00007fff4a872000 	/System/Library/PrivateFrameworks/AppleFSCompression.framework/Versions/A/AppleFSCompression
0x00007fff643ba000 	/usr/lib/libOpenScriptingUtil.dylib
0x00007fff64a99000 	/usr/lib/libcoretls.dylib
0x00007fff64ab0000 	/usr/lib/libcoretls_cfhelpers.dylib
0x00007fff6673b000 	/usr/lib/libpam.2.dylib
0x00007fff668fe000 	/usr/lib/libsqlite3.dylib
0x00007fff66d66000 	/usr/lib/libxar.1.dylib
0x00007fff64747000 	/usr/lib/libbz2.1.0.dylib
0x00007fff656c3000 	/usr/lib/liblzma.5.dylib
0x00007fff65bb9000 	/usr/lib/libnetwork.dylib
0x00007fff6459a000 	/usr/lib/libapple_nghttp2.dylib
0x00007fff66742000 	/usr/lib/libpcap.A.dylib
0x00007fff3b611000 	/System/Library/Frameworks/CoreServices.framework/Versions/A/Frameworks/FSEvents.framework/Versions/A/FSEvents
0x00007fff3b2ed000 	/System/Library/Frameworks/CoreServices.framework/Versions/A/Frameworks/CarbonCore.framework/Versions/A/CarbonCore
0x00007fff3b7e6000 	/System/Library/Frameworks/CoreServices.framework/Versions/A/Frameworks/Metadata.framework/Versions/A/Metadata
0x00007fff3b889000 	/System/Library/Frameworks/CoreServices.framework/Versions/A/Frameworks/OSServices.framework/Versions/A/OSServices
0x00007fff3b8d5000 	/System/Library/Frameworks/CoreServices.framework/Versions/A/Frameworks/SearchKit.framework/Versions/A/SearchKit
0x00007fff3b26e000 	/System/Library/Frameworks/CoreServices.framework/Versions/A/Frameworks/AE.framework/Versions/A/AE
0x00007fff3b61a000 	/System/Library/Frameworks/CoreServices.framework/Versions/A/Frameworks/LaunchServices.framework/Versions/A/LaunchServices
0x00007fff3b5c6000 	/System/Library/Frameworks/CoreServices.framework/Versions/A/Frameworks/DictionaryServices.framework/Versions/A/DictionaryServices
0x00007fff3b944000 	/System/Library/Frameworks/CoreServices.framework/Versions/A/Frameworks/SharedFileList.framework/Versions/A/SharedFileList
0x00007fff40090000 	/System/Library/Frameworks/NetFS.framework/Versions/A/NetFS
0x00007fff5998e000 	/System/Library/PrivateFrameworks/NetAuth.framework/Versions/A/NetAuth
0x00007fff63db6000 	/System/Library/PrivateFrameworks/login.framework/Versions/A/Frameworks/loginsupport.framework/Versions/A/loginsupport
0x00007fff61dd2000 	/System/Library/PrivateFrameworks/TCC.framework/Versions/A/TCC
0x00007fff4e568000 	/System/Library/PrivateFrameworks/CoreNLP.framework/Versions/A/CoreNLP
0x00007fff593e3000 	/System/Library/PrivateFrameworks/MetadataUtilities.framework/Versions/A/MetadataUtilities
0x00007fff657a4000 	/usr/lib/libmecabra.dylib
0x00007fff3839a000 	/System/Library/Frameworks/ApplicationServices.framework/Versions/A/Frameworks/ATS.framework/Versions/A/ATS
0x00007fff38705000 	/System/Library/Frameworks/ApplicationServices.framework/Versions/A/Frameworks/ColorSyncLegacy.framework/Versions/A/ColorSyncLegacy
0x00007fff387a6000 	/System/Library/Frameworks/ApplicationServices.framework/Versions/A/Frameworks/HIServices.framework/Versions/A/HIServices
0x00007fff387f9000 	/System/Library/Frameworks/ApplicationServices.framework/Versions/A/Frameworks/LangAnalysis.framework/Versions/A/LangAnalysis
0x00007fff38808000 	/System/Library/Frameworks/ApplicationServices.framework/Versions/A/Frameworks/PrintCore.framework/Versions/A/PrintCore
0x00007fff38855000 	/System/Library/Frameworks/ApplicationServices.framework/Versions/A/Frameworks/QD.framework/Versions/A/QD
0x00007fff38891000 	/System/Library/Frameworks/ApplicationServices.framework/Versions/A/Frameworks/SpeechSynthesis.framework/Versions/A/SpeechSynthesis
0x00007fff647d6000 	/usr/lib/libcompression.dylib
0x00007fff39ec7000 	/System/Library/Frameworks/CoreDisplay.framework/Versions/A/CoreDisplay
0x00007fff3ee91000 	/System/Library/Frameworks/MetalPerformanceShaders.framework/Versions/A/MetalPerformanceShaders
0x00007fff362fb000 	/System/Library/Frameworks/Accelerate.framework/Versions/A/Frameworks/vImage.framework/Versions/A/vImage
0x00007fff37377000 	/System/Library/Frameworks/Accelerate.framework/Versions/A/Frameworks/vecLib.framework/Versions/A/vecLib
0x00007fff372c1000 	/System/Library/Frameworks/Accelerate.framework/Versions/A/Frameworks/vecLib.framework/Versions/A/libvMisc.dylib
0x00007fff370dc000 	/System/Library/Frameworks/Accelerate.framework/Versions/A/Frameworks/vecLib.framework/Versions/A/libvDSP.dylib
0x00007fff3699c000 	/System/Library/Frameworks/Accelerate.framework/Versions/A/Frameworks/vecLib.framework/Versions/A/libBLAS.dylib
0x00007fff36c87000 	/System/Library/Frameworks/Accelerate.framework/Versions/A/Frameworks/vecLib.framework/Versions/A/libLAPACK.dylib
0x00007fff3702e000 	/System/Library/Frameworks/Accelerate.framework/Versions/A/Frameworks/vecLib.framework/Versions/A/libLinearAlgebra.dylib
0x00007fff370c8000 	/System/Library/Frameworks/Accelerate.framework/Versions/A/Frameworks/vecLib.framework/Versions/A/libSparseBLAS.dylib
0x00007fff37044000 	/System/Library/Frameworks/Accelerate.framework/Versions/A/Frameworks/vecLib.framework/Versions/A/libQuadrature.dylib
0x00007fff36c14000 	/System/Library/Frameworks/Accelerate.framework/Versions/A/Frameworks/vecLib.framework/Versions/A/libBNNS.dylib
0x00007fff3704a000 	/System/Library/Frameworks/Accelerate.framework/Versions/A/Frameworks/vecLib.framework/Versions/A/libSparse.dylib
0x00007fff55a66000 	/System/Library/PrivateFrameworks/GPUWrangler.framework/Versions/A/GPUWrangler
0x00007fff57e10000 	/System/Library/PrivateFrameworks/IOAccelerator.framework/Versions/A/IOAccelerator
0x00007fff57e1b000 	/System/Library/PrivateFrameworks/IOPresentment.framework/Versions/A/IOPresentment
0x00007fff4f34b000 	/System/Library/PrivateFrameworks/DSExternalDisplay.framework/Versions/A/DSExternalDisplay
0x00007fff43545000 	/System/Library/Frameworks/OpenGL.framework/Versions/A/Libraries/libCoreFSCache.dylib
0x00007fff3ec85000 	/System/Library/Frameworks/MetalPerformanceShaders.framework/Frameworks/MPSCore.framework/Versions/A/MPSCore
0x00007fff3eca6000 	/System/Library/Frameworks/MetalPerformanceShaders.framework/Frameworks/MPSImage.framework/Versions/A/MPSImage
0x00007fff3ed4d000 	/System/Library/Frameworks/MetalPerformanceShaders.framework/Frameworks/MPSNeuralNetwork.framework/Versions/A/MPSNeuralNetwork
0x00007fff3ed24000 	/System/Library/Frameworks/MetalPerformanceShaders.framework/Frameworks/MPSMatrix.framework/Versions/A/MPSMatrix
0x00007fff3ee75000 	/System/Library/Frameworks/MetalPerformanceShaders.framework/Frameworks/MPSRayIntersector.framework/Versions/A/MPSRayIntersector
0x00007fff5940c000 	/System/Library/PrivateFrameworks/MetalTools.framework/Versions/A/MetalTools
0x00007fff49f6e000 	/System/Library/PrivateFrameworks/AggregateDictionary.framework/Versions/A/AggregateDictionary
0x00007fff6439a000 	/usr/lib/libMobileGestalt.dylib
0x00007fff3be11000 	/System/Library/Frameworks/CoreVideo.framework/Versions/A/CoreVideo
0x00007fff568ca000 	/System/Library/PrivateFrameworks/GraphVisualizer.framework/Versions/A/GraphVisualizer
0x00007fff50676000 	/System/Library/PrivateFrameworks/FaceCore.framework/Versions/A/FaceCore
0x00007fff42b5c000 	/System/Library/Frameworks/OpenCL.framework/Versions/A/OpenCL
0x00007fff64181000 	/usr/lib/libFosl_dynamic.dylib
0x00007fff5a263000 	/System/Library/PrivateFrameworks/OTSVG.framework/Versions/A/OTSVG
0x00007fff3849e000 	/System/Library/Frameworks/ApplicationServices.framework/Versions/A/Frameworks/ATS.framework/Versions/A/Resources/libFontParser.dylib
0x00007fff385be000 	/System/Library/Frameworks/ApplicationServices.framework/Versions/A/Frameworks/ATS.framework/Versions/A/Resources/libFontRegistry.dylib
0x00007fff3cd97000 	/System/Library/Frameworks/ImageIO.framework/Versions/A/Resources/libJPEG.dylib
0x00007fff3d0b9000 	/System/Library/Frameworks/ImageIO.framework/Versions/A/Resources/libTIFF.dylib
0x00007fff3d08f000 	/System/Library/Frameworks/ImageIO.framework/Versions/A/Resources/libPng.dylib
0x00007fff3ccac000 	/System/Library/Frameworks/ImageIO.framework/Versions/A/Resources/libGIF.dylib
0x00007fff3ccb1000 	/System/Library/Frameworks/ImageIO.framework/Versions/A/Resources/libJP2.dylib
0x00007fff3d0b6000 	/System/Library/Frameworks/ImageIO.framework/Versions/A/Resources/libRadiance.dylib
0x00007fff4a9cb000 	/System/Library/PrivateFrameworks/AppleJPEG.framework/Versions/A/AppleJPEG
0x00007fff43550000 	/System/Library/Frameworks/OpenGL.framework/Versions/A/Libraries/libGFXShared.dylib
0x00007fff43713000 	/System/Library/Frameworks/OpenGL.framework/Versions/A/Libraries/libGLU.dylib
0x00007fff43559000 	/System/Library/Frameworks/OpenGL.framework/Versions/A/Libraries/libGL.dylib
0x00007fff43565000 	/System/Library/Frameworks/OpenGL.framework/Versions/A/Libraries/libGLImage.dylib
0x00007fff43542000 	/System/Library/Frameworks/OpenGL.framework/Versions/A/Libraries/libCVMSPluginSupport.dylib
0x00007fff4354b000 	/System/Library/Frameworks/OpenGL.framework/Versions/A/Libraries/libCoreVMClient.dylib
0x00007fff65128000 	/usr/lib/libcups.2.dylib
0x00007fff3e19d000 	/System/Library/Frameworks/Kerberos.framework/Versions/A/Kerberos
0x00007fff3c76f000 	/System/Library/Frameworks/GSS.framework/Versions/A/GSS
0x00007fff66892000 	/usr/lib/libresolv.9.dylib
0x00007fff6531f000 	/usr/lib/libiconv.2.dylib
0x00007fff569c0000 	/System/Library/PrivateFrameworks/Heimdal.framework/Versions/A/Heimdal
0x00007fff652ee000 	/usr/lib/libheimdal-asn1.dylib
0x00007fff42bd3000 	/System/Library/Frameworks/OpenDirectory.framework/Versions/A/OpenDirectory
0x00007fff4d279000 	/System/Library/PrivateFrameworks/CommonAuth.framework/Versions/A/CommonAuth
0x00007fff42bb6000 	/System/Library/Frameworks/OpenDirectory.framework/Versions/A/Frameworks/CFOpenDirectory.framework/Versions/A/CFOpenDirectory
0x00007fff45d36000 	/System/Library/Frameworks/SecurityFoundation.framework/Versions/A/SecurityFoundation
0x00007fff4948d000 	/System/Library/PrivateFrameworks/APFS.framework/Versions/A/APFS
0x00007fff66d62000 	/usr/lib/libutil.dylib
0x00007fff647c4000 	/usr/lib/libcharset.1.dylib
0x00007fff4ac64000 	/System/Library/PrivateFrameworks/AppleSauce.framework/Versions/A/AppleSauce
0x00007fff4adf2000 	/System/Library/PrivateFrameworks/AssertionServices.framework/Versions/A/AssertionServices
0x00007fff4b659000 	/System/Library/PrivateFrameworks/BaseBoard.framework/Versions/A/BaseBoard
0x00007fff656f3000 	/usr/lib/libmecab.1.0.0.dylib
0x00007fff652e8000 	/usr/lib/libgermantok.dylib
0x00007fff64586000 	/usr/lib/libThaiTokenizer.dylib
0x00007fff640ad000 	/usr/lib/libChineseTokenizer.dylib
0x00007fff58543000 	/System/Library/PrivateFrameworks/LanguageModeling.framework/Versions/A/LanguageModeling
0x00007fff4df7f000 	/System/Library/PrivateFrameworks/CoreEmoji.framework/Versions/A/CoreEmoji
0x00007fff5863b000 	/System/Library/PrivateFrameworks/Lexicon.framework/Versions/A/Lexicon
0x00007fff58683000 	/System/Library/PrivateFrameworks/LinguisticData.framework/Versions/A/LinguisticData
0x00007fff647c5000 	/usr/lib/libcmph.dylib
0x00007fff45df7000 	/System/Library/Frameworks/ServiceManagement.framework/Versions/A/ServiceManagement
0x00007fff4b5ac000 	/System/Library/PrivateFrameworks/BackgroundTaskManagement.framework/Versions/A/BackgroundTaskManagement
0x00007fff66e5c000 	/usr/lib/libxslt.1.dylib
0x00007fff3958d000 	/System/Library/Frameworks/Carbon.framework/Versions/A/Frameworks/Ink.framework/Versions/A/Ink
0x00007fff6204e000 	/System/Library/PrivateFrameworks/TextureIO.framework/Versions/A/TextureIO
0x00007fff645db000 	/usr/lib/libate.dylib
0x00007fff4f2a7000 	/System/Library/PrivateFrameworks/CrashReporterSupport.framework/Versions/A/CrashReporterSupport
0x00007fff5f07e000 	/System/Library/PrivateFrameworks/Sharing.framework/Versions/A/Sharing
0x00007fff4b138000 	/System/Library/PrivateFrameworks/AuthKit.framework/Versions/A/AuthKit
0x00007fff4a56a000 	/System/Library/PrivateFrameworks/Apple80211.framework/Versions/A/Apple80211
0x00007fff4f06d000 	/System/Library/PrivateFrameworks/CoreUtils.framework/Versions/A/CoreUtils
0x00007fff3be4f000 	/System/Library/Frameworks/CoreWLAN.framework/Versions/A/CoreWLAN
0x00007fff3c8b8000 	/System/Library/Frameworks/IOBluetooth.framework/Versions/A/IOBluetooth
0x00007fff5d3e4000 	/System/Library/PrivateFrameworks/ProtocolBuffer.framework/Versions/A/ProtocolBuffer
0x00007fff59649000 	/System/Library/PrivateFrameworks/MobileKeyBag.framework/Versions/A/MobileKeyBag
0x00007fff4e895000 	/System/Library/PrivateFrameworks/CorePhoneNumbers.framework/Versions/A/CorePhoneNumbers
0x00007fff4a97f000 	/System/Library/PrivateFrameworks/AppleIDAuthSupport.framework/Versions/A/AppleIDAuthSupport
0x00007fff58515000 	/System/Library/PrivateFrameworks/KeychainCircle.framework/Versions/A/KeychainCircle
0x00007fff5d5b1000 	/System/Library/PrivateFrameworks/ROCKit.framework/Versions/A/ROCKit
0x00007fff4f243000 	/System/Library/PrivateFrameworks/CoreWiFi.framework/Versions/A/CoreWiFi
0x00007fff39afa000 	/System/Library/Frameworks/CoreBluetooth.framework/Versions/A/CoreBluetooth
0x00007fff4f497000 	/System/Library/PrivateFrameworks/DebugSymbols.framework/Versions/A/DebugSymbols
0x00007fff4ee22000 	/System/Library/PrivateFrameworks/CoreSymbolication.framework/Versions/A/CoreSymbolication
0x00007fff6183c000 	/System/Library/PrivateFrameworks/Symbolication.framework/Versions/A/Symbolication
0x00007fff609ce000 	/System/Library/PrivateFrameworks/SpeechRecognitionCore.framework/Versions/A/SpeechRecognitionCore
0x00007fff2eda7000 	/System/Library/CoreServices/Encodings/libKoreanConverter.dylib
0x0000000109c00000 	/Library/Java/JavaVirtualMachines/jdk1.8.0_181.jdk/Contents/Home/jre/lib/server/libjvm.dylib
0x00007fff66c26000 	/usr/lib/libstdc++.6.dylib
0x0000000109240000 	/Library/Java/JavaVirtualMachines/jdk1.8.0_181.jdk/Contents/Home/jre/lib/libverify.dylib
0x000000010924e000 	/Library/Java/JavaVirtualMachines/jdk1.8.0_181.jdk/Contents/Home/jre/lib/libjava.dylib
0x0000000109285000 	/Library/Java/JavaVirtualMachines/jdk1.8.0_181.jdk/Contents/Home/jre/lib/libjdwp.dylib
0x00000001092d0000 	/Library/Java/JavaVirtualMachines/jdk1.8.0_181.jdk/Contents/Home/jre/lib/libnpt.dylib
0x00000001092d4000 	/Library/Java/JavaVirtualMachines/jdk1.8.0_181.jdk/Contents/Home/jre/lib/libinstrument.dylib
0x0000000109372000 	/Library/Java/JavaVirtualMachines/jdk1.8.0_181.jdk/Contents/Home/jre/lib/libzip.dylib
0x000000012055b000 	/Library/Java/JavaVirtualMachines/jdk1.8.0_181.jdk/Contents/Home/jre/lib/libdt_socket.dylib

VM Arguments:
jvm_args: -agentlib:jdwp=transport=dt_socket,address=127.0.0.1:50303,suspend=y,server=n -javaagent:/Users/misun/Library/Caches/IntelliJIdea2018.2/captureAgent/debugger-agent.jar=file:/private/var/folders/2k/x_89y_vx167gjlgnh8gmlxc40000gn/T/capture.props -Dfile.encoding=UTF-8 
java_command: Fail.Palindrome_10942
java_class_path (initial): /Library/Java/JavaVirtualMachines/jdk1.8.0_181.jdk/Contents/Home/jre/lib/charsets.jar:/Library/Java/JavaVirtualMachines/jdk1.8.0_181.jdk/Contents/Home/jre/lib/deploy.jar:/Library/Java/JavaVirtualMachines/jdk1.8.0_181.jdk/Contents/Home/jre/lib/ext/cldrdata.jar:/Library/Java/JavaVirtualMachines/jdk1.8.0_181.jdk/Contents/Home/jre/lib/ext/dnsns.jar:/Library/Java/JavaVirtualMachines/jdk1.8.0_181.jdk/Contents/Home/jre/lib/ext/jaccess.jar:/Library/Java/JavaVirtualMachines/jdk1.8.0_181.jdk/Contents/Home/jre/lib/ext/jfxrt.jar:/Library/Java/JavaVirtualMachines/jdk1.8.0_181.jdk/Contents/Home/jre/lib/ext/localedata.jar:/Library/Java/JavaVirtualMachines/jdk1.8.0_181.jdk/Contents/Home/jre/lib/ext/nashorn.jar:/Library/Java/JavaVirtualMachines/jdk1.8.0_181.jdk/Contents/Home/jre/lib/ext/sunec.jar:/Library/Java/JavaVirtualMachines/jdk1.8.0_181.jdk/Contents/Home/jre/lib/ext/sunjce_provider.jar:/Library/Java/JavaVirtualMachines/jdk1.8.0_181.jdk/Contents/Home/jre/lib/ext/sunpkcs11.jar:/Library/Java/JavaVirtualMachines/jdk1.8.0_181.jdk/Contents/Home/jre/lib/ext/zipfs.jar:/Library/Java/JavaVirtualMachines/jdk1.8.0_181.jdk/Contents/Home/jre/lib/javaws.jar:/Library/Java/JavaVirtualMachines/jdk1.8.0_181.jdk/Contents/Home/jre/lib/jce.jar:/Library/Java/JavaVirtualMachines/jdk1.8.0_181.jdk/Contents/Home/jre/lib/jfr.jar:/Library/Java/JavaVirtualMachines/jdk1.8.0_181.jdk/Contents/Home/jre/lib/jfxswt.jar:/Library/Java/JavaVirtualMachines/jdk1.8.0_181.jdk/Contents/Home/jre/lib/jsse.jar:/Library/Java/JavaVirtualMachines/jdk1.8.0_181.jdk/Contents/Home/jre/lib/management-agent.jar:/Library/Java/JavaVirtualMachines/jdk1.8.0_181.jdk/Contents/Home/jre/lib/plugin.jar:/Library/Java/JavaVirtualMachines/jdk1.8.0_181.jdk/Contents/Home/jre/lib/resources.jar:/Library/Java/JavaVirtualMachines/jdk1.8.0_181.jdk/Contents/Home/jre/lib/rt.jar:/Library/Java/JavaVirtualMachines/jdk1.8.0_181.jdk/Contents/Home/lib/ant-javafx.jar:/Library/Java/JavaVirtualMachines/jdk1.8.0_181.jdk/Contents/Home
Launcher Type: SUN_STANDARD

Environment Variables:
PATH=/usr/local/bin:/usr/bin:/bin:/usr/sbin:/sbin:/usr/local/mysql/bin:/usr/local/mysql/bin/
SHELL=/bin/zsh

Signal Handlers:
SIGSEGV: [libjvm.dylib+0x5b6029], sa_mask[0]=11111111011111110111111111111111, sa_flags=SA_ONSTACK|SA_RESTART|SA_SIGINFO
SIGBUS: [libjvm.dylib+0x5b6029], sa_mask[0]=11111111011111110111111111111111, sa_flags=SA_RESTART|SA_SIGINFO
SIGFPE: [libjvm.dylib+0x48b934], sa_mask[0]=11111111011111110111111111111111, sa_flags=SA_RESTART|SA_SIGINFO
SIGPIPE: [libjvm.dylib+0x48b934], sa_mask[0]=11111111011111110111111111111111, sa_flags=SA_RESTART|SA_SIGINFO
SIGXFSZ: [libjvm.dylib+0x48b934], sa_mask[0]=11111111011111110111111111111111, sa_flags=SA_RESTART|SA_SIGINFO
SIGILL: [libjvm.dylib+0x48b934], sa_mask[0]=11111111011111110111111111111111, sa_flags=SA_RESTART|SA_SIGINFO
SIGUSR1: SIG_DFL, sa_mask[0]=00000000000000000000000000000000, sa_flags=none
SIGUSR2: [libjvm.dylib+0x48b452], sa_mask[0]=00100000000000000000000000000000, sa_flags=SA_RESTART|SA_SIGINFO
SIGHUP: [libjvm.dylib+0x489a1d], sa_mask[0]=11111111011111110111111111111111, sa_flags=SA_RESTART|SA_SIGINFO
SIGINT: [libjvm.dylib+0x489a1d], sa_mask[0]=11111111011111110111111111111111, sa_flags=SA_RESTART|SA_SIGINFO
SIGTERM: [libjvm.dylib+0x489a1d], sa_mask[0]=11111111011111110111111111111111, sa_flags=SA_RESTART|SA_SIGINFO
SIGQUIT: [libjvm.dylib+0x489a1d], sa_mask[0]=11111111011111110111111111111111, sa_flags=SA_RESTART|SA_SIGINFO


---------------  S Y S T E M  ---------------

OS:Bsduname:Darwin 18.0.0 Darwin Kernel Version 18.0.0: Wed Aug 22 20:13:40 PDT 2018; root:xnu-4903.201.2~1/RELEASE_X86_64 x86_64
rlimit: STACK 8192k, CORE 0k, NPROC 709, NOFILE 10240, AS infinity
load average:9.82 6.42 4.67

CPU:total 4 (initial active 4) (2 cores per cpu, 2 threads per core) family 6 model 142 stepping 9, cmov, cx8, fxsr, mmx, sse, sse2, sse3, ssse3, sse4.1, sse4.2, popcnt, avx, avx2, aes, clmul, erms, rtm, 3dnowpref, lzcnt, ht, tsc, tscinvbit, bmi1, bmi2, adx

Memory: 4k page, physical 8388608k(94704k free)

/proc/meminfo:


vm_info: Java HotSpot(TM) 64-Bit Server VM (25.181-b13) for bsd-amd64 JRE (1.8.0_181-b13), built on Jul  7 2018 01:02:31 by "java_re" with gcc 4.2.1 (Based on Apple Inc. build 5658) (LLVM build 2336.11.00)

time: Sun Aug 25 19:01:03 2019
elapsed time: 781 seconds (0d 0h 13m 1s)

