#
# A fatal error has been detected by the Java Runtime Environment:
#
#  Internal Error (javaCalls.cpp:51), pid=18407, tid=0x0000000000002e03
#  guarantee(thread->is_Java_thread()) failed: crucial check - the VM thread cannot and must not escape to Java code
#
# JRE version: Java(TM) SE Runtime Environment (8.0_181-b13) (build 1.8.0_181-b13)
# Java VM: Java HotSpot(TM) 64-Bit Server VM (25.181-b13 mixed mode bsd-amd64 compressed oops)
# Failed to write core dump. Core dumps have been disabled. To enable core dumping, try "ulimit -c unlimited" before starting Java again
#
# If you would like to submit a bug report, please visit:
#   http://bugreport.java.com/bugreport/crash.jsp
#

---------------  T H R E A D  ---------------

Current thread (0x00007fae2d833000):  VMThread [stack: 0x0000700005a9c000,0x0000700005b9c000] [id=11779]

Stack: [0x0000700005a9c000,0x0000700005b9c000],  sp=0x0000700005b9aaa0,  free space=1018k
Native frames: (J=compiled Java code, j=interpreted, Vv=VM code, C=native code)
V  [libjvm.dylib+0x5b581a]  VMError::report_and_die()+0x3f8
V  [libjvm.dylib+0x1e9185]  report_vm_error(char const*, int, char const*, char const*)+0x54
V  [libjvm.dylib+0x2ef35c]  JavaCallWrapper::JavaCallWrapper(methodHandle, Handle, JavaValue*, Thread*)+0x64
V  [libjvm.dylib+0x2efc14]  JavaCalls::call_helper(JavaValue*, methodHandle*, JavaCallArguments*, Thread*)+0x608
V  [libjvm.dylib+0x2f0147]  JavaCalls::call_special(JavaValue*, KlassHandle, Symbol*, Symbol*, JavaCallArguments*, Thread*)+0x111
V  [libjvm.dylib+0x243b41]  Exceptions::new_exception(Thread*, Symbol*, Symbol*, JavaCallArguments*, Handle, Handle)+0xc7
V  [libjvm.dylib+0x243c3c]  Exceptions::new_exception(Thread*, Symbol*, Symbol*, JavaCallArguments*, Handle, Handle, Handle)+0x28
V  [libjvm.dylib+0x243e9b]  Exceptions::new_exception(Thread*, Symbol*, char const*, Handle, Handle, Handle, Exceptions::ExceptionMsgToUtf8Mode)+0x169
V  [libjvm.dylib+0x243eb6]  Exceptions::new_exception(Thread*, Symbol*, char const*, Exceptions::ExceptionMsgToUtf8Mode)+0x18
V  [libjvm.dylib+0x287b87]  GenerateOopMap::verify_error(char const*, ...)+0xed
V  [libjvm.dylib+0x28801b]  GenerateOopMap::get_var(int)+0x1d
V  [libjvm.dylib+0x28890d]  GenerateOopMap::ppload(CellTypeState*, int)+0x29
V  [libjvm.dylib+0x28a7ec]  GenerateOopMap::interp_bb(BasicBlock*)+0x104
V  [libjvm.dylib+0x28aa3b]  GenerateOopMap::interp_all()+0x31
V  [libjvm.dylib+0x28afd2]  GenerateOopMap::do_interpretation()+0x44
V  [libjvm.dylib+0x28b3eb]  GenerateOopMap::compute_map(Thread*)+0x1fb
V  [libjvm.dylib+0x485331]  OopMapForCacheEntry::compute_map(Thread*)+0x8f
V  [libjvm.dylib+0x48553a]  OopMapCacheEntry::fill(methodHandle, int)+0x19e
V  [libjvm.dylib+0x48571b]  OopMapCache::compute_one_oop_map(methodHandle, int, InterpreterOopMap*)+0x16b
V  [libjvm.dylib+0x4859d2]  OopMapCache::lookup(methodHandle, int, InterpreterOopMap*) const+0x25c
V  [libjvm.dylib+0x2c2b04]  InstanceKlass::mask_for(methodHandle, int, InterpreterOopMap*)+0xd2
V  [libjvm.dylib+0x45306d]  Method::mask_for(int, InterpreterOopMap*)+0xb3
V  [libjvm.dylib+0x39afbf]  VM_GetOrSetLocal::doit()+0x47
V  [libjvm.dylib+0x5bd499]  VM_Operation::evaluate()+0x4f
V  [libjvm.dylib+0x5bba31]  VMThread::evaluate_operation(VM_Operation*)+0xdf
V  [libjvm.dylib+0x5bbe7e]  VMThread::loop()+0x328
V  [libjvm.dylib+0x5bb79d]  VMThread::run()+0x79
V  [libjvm.dylib+0x48e342]  java_start(Thread*)+0xf6
C  [libsystem_pthread.dylib+0x333d]  _pthread_body+0x7e
C  [libsystem_pthread.dylib+0x62a7]  _pthread_start+0x46
C  [libsystem_pthread.dylib+0x2425]  thread_start+0xd

VM_Operation (0x0000700005fa7958): GetOrSetLocal, mode: safepoint, requested by thread 0x00007fae2d835800


---------------  P R O C E S S  ---------------

Java Threads: ( => current thread )
  0x00007fae2e019800 JavaThread "Service Thread" daemon [_thread_blocked, id=17667, stack(0x00007000064ba000,0x00007000065ba000)]
  0x00007fae2d83d800 JavaThread "C1 CompilerThread2" daemon [_thread_blocked, id=15363, stack(0x00007000063b7000,0x00007000064b7000)]
  0x00007fae2c826000 JavaThread "C2 CompilerThread1" daemon [_thread_blocked, id=18179, stack(0x00007000062b4000,0x00007000063b4000)]
  0x00007fae2c825000 JavaThread "C2 CompilerThread0" daemon [_thread_blocked, id=15107, stack(0x00007000061b1000,0x00007000062b1000)]
  0x00007fae2d837000 JavaThread "JDWP Command Reader" daemon [_thread_in_native, id=18947, stack(0x00007000060ae000,0x00007000061ae000)]
  0x00007fae2d836000 JavaThread "JDWP Event Helper Thread" daemon [_thread_blocked, id=14851, stack(0x0000700005fab000,0x00007000060ab000)]
  0x00007fae2d835800 JavaThread "JDWP Transport Listener: dt_socket" daemon [_thread_blocked, id=14343, stack(0x0000700005ea8000,0x0000700005fa8000)]
  0x00007fae2e038000 JavaThread "Signal Dispatcher" daemon [_thread_blocked, id=19459, stack(0x0000700005da5000,0x0000700005ea5000)]
  0x00007fae2c801800 JavaThread "Finalizer" daemon [_thread_blocked, id=12035, stack(0x0000700005ca2000,0x0000700005da2000)]
  0x00007fae2e001000 JavaThread "Reference Handler" daemon [_thread_blocked, id=20739, stack(0x0000700005b9f000,0x0000700005c9f000)]
  0x00007fae2e003800 JavaThread "main" [_thread_blocked, id=6147, stack(0x000070000558d000,0x000070000568d000)]

Other Threads:
=>0x00007fae2d833000 VMThread [stack: 0x0000700005a9c000,0x0000700005b9c000] [id=11779]
  0x00007fae2c81a800 WatcherThread [stack: 0x00007000065bd000,0x00007000066bd000] [id=17411]

VM state:at safepoint (normal execution)

VM Mutex/Monitor currently owned by a thread:  ([mutex/lock_event])
[0x00007fae2c60ae40] Threads_lock - owner thread: 0x00007fae2d833000

Heap:
 PSYoungGen      total 38400K, used 2671K [0x0000000795580000, 0x0000000798000000, 0x00000007c0000000)
  eden space 33280K, 8% used [0x0000000795580000,0x000000079581be50,0x0000000797600000)
  from space 5120K, 0% used [0x0000000797b00000,0x0000000797b00000,0x0000000798000000)
  to   space 5120K, 0% used [0x0000000797600000,0x0000000797600000,0x0000000797b00000)
 ParOldGen       total 87552K, used 0K [0x0000000740000000, 0x0000000745580000, 0x0000000795580000)
  object space 87552K, 0% used [0x0000000740000000,0x0000000740000000,0x0000000745580000)
 Metaspace       used 3175K, capacity 4600K, committed 4864K, reserved 1056768K
  class space    used 340K, capacity 424K, committed 512K, reserved 1048576K

Card table byte_map: [0x000000010a29e000,0x000000010a69f000] byte_map_base: 0x000000010689e000

Marking Bits: (ParMarkBitMap*) 0x00000001096f9cd0
 Begin Bits: [0x000000011d3af000, 0x000000011f3af000)
 End Bits:   [0x000000011f3af000, 0x00000001213af000)

Polling page: 0x00000001085fc000

CodeCache: size=245760Kb used=1106Kb max_used=1116Kb free=244653Kb
 bounds [0x000000010e3af000, 0x000000010e61f000, 0x000000011d3af000]
 total_blobs=260 nmethods=25 adapters=157
 compilation: enabled

Compilation events (10 events):
Event: 0.260 Thread 0x00007fae2d83d800 nmethod 21 0x000000010e4c10d0 code [0x000000010e4c12c0, 0x000000010e4c17f8]
Event: 0.260 Thread 0x00007fae2d83d800   20   !   3       sun.misc.URLClassPath$JarLoader::ensureOpen (36 bytes)
Event: 0.260 Thread 0x00007fae2d83d800 nmethod 20 0x000000010e4c1b10 code [0x000000010e4c1cc0, 0x000000010e4c2198]
Event: 0.261 Thread 0x00007fae2d83d800   23       1       java.lang.Object::<init> (1 bytes)
Event: 0.261 Thread 0x00007fae2d83d800 nmethod 23 0x000000010e4c2390 code [0x000000010e4c24e0, 0x000000010e4c25f0]
Event: 0.261 Thread 0x00007fae2d83d800   24       1       java.net.URL::getQuery (5 bytes)
Event: 0.261 Thread 0x00007fae2d83d800 nmethod 24 0x000000010e4c2650 code [0x000000010e4c27a0, 0x000000010e4c28b0]
Event: 0.262 Thread 0x00007fae2d83d800   25       3       java.util.HashMap::get (23 bytes)
Event: 0.262 Thread 0x00007fae2d83d800 nmethod 25 0x000000010e4c2910 code [0x000000010e4c2aa0, 0x000000010e4c2eb8]
Event: 0.262 Thread 0x00007fae2c825000 nmethod 22 0x000000010e4c5e10 code [0x000000010e4c5f60, 0x000000010e4c6138]

GC Heap History (0 events):
No events

Deoptimization events (0 events):
No events

Classes redefined (4 events):
Event: 55.770 Thread 0x00007fae2d833000 redefined class name=More.Programers.Greedy.LifeBoat, count=1
Event: 95.754 Thread 0x00007fae2d833000 redefined class name=More.Programers.Greedy.LifeBoat, count=2
Event: 517.842 Thread 0x00007fae2d833000 redefined class name=More.Programers.Greedy.LifeBoat, count=3
Event: 574.310 Thread 0x00007fae2d833000 redefined class name=More.Programers.Greedy.LifeBoat, count=4

Internal exceptions (2 events):
Event: 0.032 Thread 0x00007fae2e003800 Exception <a 'java/lang/NoSuchMethodError': Method sun.misc.Unsafe.defineClass(Ljava/lang/String;[BII)Ljava/lang/Class; name or signature does not match> (0x0000000795587cb0) thrown at [/Users/java_re/workspace/8-2-build-macosx-x86_64/jdk8u181/11358/hotsp
Event: 0.032 Thread 0x00007fae2e003800 Exception <a 'java/lang/NoSuchMethodError': Method sun.misc.Unsafe.prefetchRead(Ljava/lang/Object;J)V name or signature does not match> (0x0000000795587f98) thrown at [/Users/java_re/workspace/8-2-build-macosx-x86_64/jdk8u181/11358/hotspot/src/share/vm/pr

Events (10 events):
Event: 574.326 Executing VM operation: ChangeBreakpoints done
Event: 574.327 Executing VM operation: ChangeBreakpoints
Event: 574.327 Executing VM operation: ChangeBreakpoints done
Event: 574.328 Executing VM operation: ChangeBreakpoints
Event: 574.328 Executing VM operation: ChangeBreakpoints done
Event: 574.329 Executing VM operation: ChangeBreakpoints
Event: 574.329 Executing VM operation: ChangeBreakpoints done
Event: 574.331 Executing VM operation: ChangeBreakpoints
Event: 574.331 Executing VM operation: ChangeBreakpoints done
Event: 574.333 Executing VM operation: GetOrSetLocal


Dynamic libraries:
0x00007fff2d2f0000 	/System/Library/Frameworks/Cocoa.framework/Versions/A/Cocoa
0x00007fff39570000 	/System/Library/Frameworks/Security.framework/Versions/A/Security
0x00007fff2befa000 	/System/Library/Frameworks/ApplicationServices.framework/Versions/A/ApplicationServices
0x00007fff5a9e6000 	/usr/lib/libz.1.dylib
0x00007fff5805c000 	/usr/lib/libSystem.B.dylib
0x00007fff59b03000 	/usr/lib/libobjc.A.dylib
0x00007fff2db12000 	/System/Library/Frameworks/CoreFoundation.framework/Versions/A/CoreFoundation
0x00007fff2fe91000 	/System/Library/Frameworks/Foundation.framework/Versions/C/Foundation
0x00007fff2b089000 	/System/Library/Frameworks/AppKit.framework/Versions/C/AppKit
0x00007fff2d687000 	/System/Library/Frameworks/CoreData.framework/Versions/A/CoreData
0x00007fff5124e000 	/System/Library/PrivateFrameworks/RemoteViewServices.framework/Versions/A/RemoteViewServices
0x00007fff55d37000 	/System/Library/PrivateFrameworks/UIFoundation.framework/Versions/A/UIFoundation
0x00007fff574e3000 	/System/Library/PrivateFrameworks/XCTTargetBootstrap.framework/Versions/A/XCTTargetBootstrap
0x00007fff4bda8000 	/System/Library/PrivateFrameworks/IconServices.framework/Versions/A/IconServices
0x00007fff32736000 	/System/Library/Frameworks/Metal.framework/Versions/A/Metal
0x00007fff4303a000 	/System/Library/PrivateFrameworks/DesktopServicesPriv.framework/Versions/A/DesktopServicesPriv
0x00007fff58e17000 	/usr/lib/libenergytrace.dylib
0x00007fff53ab0000 	/System/Library/PrivateFrameworks/SkyLight.framework/Versions/A/SkyLight
0x00007fff2df63000 	/System/Library/Frameworks/CoreGraphics.framework/Versions/A/CoreGraphics
0x00007fff29e44000 	/System/Library/Frameworks/Accelerate.framework/Versions/A/Accelerate
0x00007fff30617000 	/System/Library/Frameworks/IOSurface.framework/Versions/A/IOSurface
0x00007fff42e9c000 	/System/Library/PrivateFrameworks/DFRFoundation.framework/Versions/A/DFRFoundation
0x00007fff2c3ff000 	/System/Library/Frameworks/AudioToolbox.framework/Versions/A/AudioToolbox
0x00007fff2c69d000 	/System/Library/Frameworks/AudioUnit.framework/Versions/A/AudioUnit
0x00007fff42f33000 	/System/Library/PrivateFrameworks/DataDetectorsCore.framework/Versions/A/DataDetectorsCore
0x00007fff2cddc000 	/System/Library/Frameworks/Carbon.framework/Versions/A/Frameworks/HIToolbox.framework/Versions/A/HIToolbox
0x00007fff58f72000 	/usr/lib/libicucore.A.dylib
0x00007fff38acc000 	/System/Library/Frameworks/QuartzCore.framework/Versions/A/QuartzCore
0x00007fff2d1c3000 	/System/Library/Frameworks/Carbon.framework/Versions/A/Frameworks/SpeechRecognition.framework/Versions/A/SpeechRecognition
0x00007fff581bf000 	/usr/lib/libauto.dylib
0x00007fff5a8d9000 	/usr/lib/libxml2.2.dylib
0x00007fff42aa1000 	/System/Library/PrivateFrameworks/CoreUI.framework/Versions/A/CoreUI
0x00007fff2d565000 	/System/Library/Frameworks/CoreAudio.framework/Versions/A/CoreAudio
0x00007fff2fcc3000 	/System/Library/Frameworks/DiskArbitration.framework/Versions/A/DiskArbitration
0x00007fff59222000 	/usr/lib/liblangid.dylib
0x00007fff4d253000 	/System/Library/PrivateFrameworks/MultitouchSupport.framework/Versions/A/MultitouchSupport
0x00007fff30584000 	/System/Library/Frameworks/IOKit.framework/Versions/A/IOKit
0x00007fff57caa000 	/usr/lib/libDiagnosticMessagesClient.dylib
0x00007fff2edce000 	/System/Library/Frameworks/CoreServices.framework/Versions/A/CoreServices
0x00007fff4ef7d000 	/System/Library/PrivateFrameworks/PerformanceAnalysis.framework/Versions/A/PerformanceAnalysis
0x00007fff37c61000 	/System/Library/Frameworks/OpenGL.framework/Versions/A/OpenGL
0x00007fff2d2fe000 	/System/Library/Frameworks/ColorSync.framework/Versions/A/ColorSync
0x00007fff2e5f2000 	/System/Library/Frameworks/CoreImage.framework/Versions/A/CoreImage
0x00007fff2f80c000 	/System/Library/Frameworks/CoreText.framework/Versions/A/CoreText
0x00007fff30678000 	/System/Library/Frameworks/ImageIO.framework/Versions/A/ImageIO
0x00007fff3f117000 	/System/Library/PrivateFrameworks/Backup.framework/Versions/A/Backup
0x00007fff58112000 	/usr/lib/libarchive.2.dylib
0x00007fff2ca01000 	/System/Library/Frameworks/CFNetwork.framework/Versions/A/CFNetwork
0x00007fff39d19000 	/System/Library/Frameworks/SystemConfiguration.framework/Versions/A/SystemConfiguration
0x00007fff57bd3000 	/usr/lib/libCRFSuite.dylib
0x00007fff582b7000 	/usr/lib/libc++.1.dylib
0x00007fff5830f000 	/usr/lib/libc++abi.dylib
0x00007fff5aa69000 	/usr/lib/system/libcache.dylib
0x00007fff5aa6e000 	/usr/lib/system/libcommonCrypto.dylib
0x00007fff5aa79000 	/usr/lib/system/libcompiler_rt.dylib
0x00007fff5aa81000 	/usr/lib/system/libcopyfile.dylib
0x00007fff5aa8b000 	/usr/lib/system/libcorecrypto.dylib
0x00007fff5ab95000 	/usr/lib/system/libdispatch.dylib
0x00007fff5abd0000 	/usr/lib/system/libdyld.dylib
0x00007fff5ac00000 	/usr/lib/system/libkeymgr.dylib
0x00007fff5ac0e000 	/usr/lib/system/liblaunch.dylib
0x00007fff5ac0f000 	/usr/lib/system/libmacho.dylib
0x00007fff5ac15000 	/usr/lib/system/libquarantine.dylib
0x00007fff5ac18000 	/usr/lib/system/libremovefile.dylib
0x00007fff5ac1a000 	/usr/lib/system/libsystem_asl.dylib
0x00007fff5ac32000 	/usr/lib/system/libsystem_blocks.dylib
0x00007fff5ac33000 	/usr/lib/system/libsystem_c.dylib
0x00007fff5acbc000 	/usr/lib/system/libsystem_configuration.dylib
0x00007fff5acc0000 	/usr/lib/system/libsystem_coreservices.dylib
0x00007fff5acc4000 	/usr/lib/system/libsystem_darwin.dylib
0x00007fff5accb000 	/usr/lib/system/libsystem_dnssd.dylib
0x00007fff5acd2000 	/usr/lib/system/libsystem_info.dylib
0x00007fff5ad47000 	/usr/lib/system/libsystem_m.dylib
0x00007fff5ad93000 	/usr/lib/system/libsystem_malloc.dylib
0x00007fff5adb8000 	/usr/lib/system/libsystem_networkextension.dylib
0x00007fff5adc4000 	/usr/lib/system/libsystem_notify.dylib
0x00007fff5ade1000 	/usr/lib/system/libsystem_sandbox.dylib
0x00007fff5ade5000 	/usr/lib/system/libsystem_secinit.dylib
0x00007fff5ad1f000 	/usr/lib/system/libsystem_kernel.dylib
0x00007fff5adcc000 	/usr/lib/system/libsystem_platform.dylib
0x00007fff5add6000 	/usr/lib/system/libsystem_pthread.dylib
0x00007fff5ade8000 	/usr/lib/system/libsystem_symptoms.dylib
0x00007fff5adf0000 	/usr/lib/system/libsystem_trace.dylib
0x00007fff5ae07000 	/usr/lib/system/libunwind.dylib
0x00007fff5ae0d000 	/usr/lib/system/libxpc.dylib
0x00007fff58297000 	/usr/lib/libbsm.0.dylib
0x00007fff5ac01000 	/usr/lib/system/libkxld.dylib
0x00007fff3e3d3000 	/System/Library/PrivateFrameworks/AppleFSCompression.framework/Versions/A/AppleFSCompression
0x00007fff57f1b000 	/usr/lib/libOpenScriptingUtil.dylib
0x00007fff585fa000 	/usr/lib/libcoretls.dylib
0x00007fff58611000 	/usr/lib/libcoretls_cfhelpers.dylib
0x00007fff5a29c000 	/usr/lib/libpam.2.dylib
0x00007fff5a45f000 	/usr/lib/libsqlite3.dylib
0x00007fff5a8c7000 	/usr/lib/libxar.1.dylib
0x00007fff582a8000 	/usr/lib/libbz2.1.0.dylib
0x00007fff59224000 	/usr/lib/liblzma.5.dylib
0x00007fff5971a000 	/usr/lib/libnetwork.dylib
0x00007fff580fb000 	/usr/lib/libapple_nghttp2.dylib
0x00007fff5a2a3000 	/usr/lib/libpcap.A.dylib
0x00007fff2f172000 	/System/Library/Frameworks/CoreServices.framework/Versions/A/Frameworks/FSEvents.framework/Versions/A/FSEvents
0x00007fff2ee4e000 	/System/Library/Frameworks/CoreServices.framework/Versions/A/Frameworks/CarbonCore.framework/Versions/A/CarbonCore
0x00007fff2f347000 	/System/Library/Frameworks/CoreServices.framework/Versions/A/Frameworks/Metadata.framework/Versions/A/Metadata
0x00007fff2f3ea000 	/System/Library/Frameworks/CoreServices.framework/Versions/A/Frameworks/OSServices.framework/Versions/A/OSServices
0x00007fff2f436000 	/System/Library/Frameworks/CoreServices.framework/Versions/A/Frameworks/SearchKit.framework/Versions/A/SearchKit
0x00007fff2edcf000 	/System/Library/Frameworks/CoreServices.framework/Versions/A/Frameworks/AE.framework/Versions/A/AE
0x00007fff2f17b000 	/System/Library/Frameworks/CoreServices.framework/Versions/A/Frameworks/LaunchServices.framework/Versions/A/LaunchServices
0x00007fff2f127000 	/System/Library/Frameworks/CoreServices.framework/Versions/A/Frameworks/DictionaryServices.framework/Versions/A/DictionaryServices
0x00007fff2f4a5000 	/System/Library/Frameworks/CoreServices.framework/Versions/A/Frameworks/SharedFileList.framework/Versions/A/SharedFileList
0x00007fff33bf1000 	/System/Library/Frameworks/NetFS.framework/Versions/A/NetFS
0x00007fff4d4ef000 	/System/Library/PrivateFrameworks/NetAuth.framework/Versions/A/NetAuth
0x00007fff57917000 	/System/Library/PrivateFrameworks/login.framework/Versions/A/Frameworks/loginsupport.framework/Versions/A/loginsupport
0x00007fff55933000 	/System/Library/PrivateFrameworks/TCC.framework/Versions/A/TCC
0x00007fff420c9000 	/System/Library/PrivateFrameworks/CoreNLP.framework/Versions/A/CoreNLP
0x00007fff4cf44000 	/System/Library/PrivateFrameworks/MetadataUtilities.framework/Versions/A/MetadataUtilities
0x00007fff59305000 	/usr/lib/libmecabra.dylib
0x00007fff2befb000 	/System/Library/Frameworks/ApplicationServices.framework/Versions/A/Frameworks/ATS.framework/Versions/A/ATS
0x00007fff2c266000 	/System/Library/Frameworks/ApplicationServices.framework/Versions/A/Frameworks/ColorSyncLegacy.framework/Versions/A/ColorSyncLegacy
0x00007fff2c307000 	/System/Library/Frameworks/ApplicationServices.framework/Versions/A/Frameworks/HIServices.framework/Versions/A/HIServices
0x00007fff2c35a000 	/System/Library/Frameworks/ApplicationServices.framework/Versions/A/Frameworks/LangAnalysis.framework/Versions/A/LangAnalysis
0x00007fff2c369000 	/System/Library/Frameworks/ApplicationServices.framework/Versions/A/Frameworks/PrintCore.framework/Versions/A/PrintCore
0x00007fff2c3b6000 	/System/Library/Frameworks/ApplicationServices.framework/Versions/A/Frameworks/QD.framework/Versions/A/QD
0x00007fff2c3f2000 	/System/Library/Frameworks/ApplicationServices.framework/Versions/A/Frameworks/SpeechSynthesis.framework/Versions/A/SpeechSynthesis
0x00007fff58337000 	/usr/lib/libcompression.dylib
0x00007fff2da28000 	/System/Library/Frameworks/CoreDisplay.framework/Versions/A/CoreDisplay
0x00007fff329f2000 	/System/Library/Frameworks/MetalPerformanceShaders.framework/Versions/A/MetalPerformanceShaders
0x00007fff29e5c000 	/System/Library/Frameworks/Accelerate.framework/Versions/A/Frameworks/vImage.framework/Versions/A/vImage
0x00007fff2aed8000 	/System/Library/Frameworks/Accelerate.framework/Versions/A/Frameworks/vecLib.framework/Versions/A/vecLib
0x00007fff2ae22000 	/System/Library/Frameworks/Accelerate.framework/Versions/A/Frameworks/vecLib.framework/Versions/A/libvMisc.dylib
0x00007fff2ac3d000 	/System/Library/Frameworks/Accelerate.framework/Versions/A/Frameworks/vecLib.framework/Versions/A/libvDSP.dylib
0x00007fff2a4fd000 	/System/Library/Frameworks/Accelerate.framework/Versions/A/Frameworks/vecLib.framework/Versions/A/libBLAS.dylib
0x00007fff2a7e8000 	/System/Library/Frameworks/Accelerate.framework/Versions/A/Frameworks/vecLib.framework/Versions/A/libLAPACK.dylib
0x00007fff2ab8f000 	/System/Library/Frameworks/Accelerate.framework/Versions/A/Frameworks/vecLib.framework/Versions/A/libLinearAlgebra.dylib
0x00007fff2ac29000 	/System/Library/Frameworks/Accelerate.framework/Versions/A/Frameworks/vecLib.framework/Versions/A/libSparseBLAS.dylib
0x00007fff2aba5000 	/System/Library/Frameworks/Accelerate.framework/Versions/A/Frameworks/vecLib.framework/Versions/A/libQuadrature.dylib
0x00007fff2a775000 	/System/Library/Frameworks/Accelerate.framework/Versions/A/Frameworks/vecLib.framework/Versions/A/libBNNS.dylib
0x00007fff2abab000 	/System/Library/Frameworks/Accelerate.framework/Versions/A/Frameworks/vecLib.framework/Versions/A/libSparse.dylib
0x00007fff495c7000 	/System/Library/PrivateFrameworks/GPUWrangler.framework/Versions/A/GPUWrangler
0x00007fff4b971000 	/System/Library/PrivateFrameworks/IOAccelerator.framework/Versions/A/IOAccelerator
0x00007fff4b97c000 	/System/Library/PrivateFrameworks/IOPresentment.framework/Versions/A/IOPresentment
0x00007fff42eac000 	/System/Library/PrivateFrameworks/DSExternalDisplay.framework/Versions/A/DSExternalDisplay
0x00007fff370a6000 	/System/Library/Frameworks/OpenGL.framework/Versions/A/Libraries/libCoreFSCache.dylib
0x00007fff327e6000 	/System/Library/Frameworks/MetalPerformanceShaders.framework/Frameworks/MPSCore.framework/Versions/A/MPSCore
0x00007fff32807000 	/System/Library/Frameworks/MetalPerformanceShaders.framework/Frameworks/MPSImage.framework/Versions/A/MPSImage
0x00007fff328ae000 	/System/Library/Frameworks/MetalPerformanceShaders.framework/Frameworks/MPSNeuralNetwork.framework/Versions/A/MPSNeuralNetwork
0x00007fff32885000 	/System/Library/Frameworks/MetalPerformanceShaders.framework/Frameworks/MPSMatrix.framework/Versions/A/MPSMatrix
0x00007fff329d6000 	/System/Library/Frameworks/MetalPerformanceShaders.framework/Frameworks/MPSRayIntersector.framework/Versions/A/MPSRayIntersector
0x00007fff4cf6d000 	/System/Library/PrivateFrameworks/MetalTools.framework/Versions/A/MetalTools
0x00007fff3dacf000 	/System/Library/PrivateFrameworks/AggregateDictionary.framework/Versions/A/AggregateDictionary
0x00007fff57efb000 	/usr/lib/libMobileGestalt.dylib
0x00007fff2f972000 	/System/Library/Frameworks/CoreVideo.framework/Versions/A/CoreVideo
0x00007fff4a42b000 	/System/Library/PrivateFrameworks/GraphVisualizer.framework/Versions/A/GraphVisualizer
0x00007fff441d7000 	/System/Library/PrivateFrameworks/FaceCore.framework/Versions/A/FaceCore
0x00007fff366bd000 	/System/Library/Frameworks/OpenCL.framework/Versions/A/OpenCL
0x00007fff57ce2000 	/usr/lib/libFosl_dynamic.dylib
0x00007fff4ddc4000 	/System/Library/PrivateFrameworks/OTSVG.framework/Versions/A/OTSVG
0x00007fff2bfff000 	/System/Library/Frameworks/ApplicationServices.framework/Versions/A/Frameworks/ATS.framework/Versions/A/Resources/libFontParser.dylib
0x00007fff2c11f000 	/System/Library/Frameworks/ApplicationServices.framework/Versions/A/Frameworks/ATS.framework/Versions/A/Resources/libFontRegistry.dylib
0x00007fff308f8000 	/System/Library/Frameworks/ImageIO.framework/Versions/A/Resources/libJPEG.dylib
0x00007fff30c1a000 	/System/Library/Frameworks/ImageIO.framework/Versions/A/Resources/libTIFF.dylib
0x00007fff30bf0000 	/System/Library/Frameworks/ImageIO.framework/Versions/A/Resources/libPng.dylib
0x00007fff3080d000 	/System/Library/Frameworks/ImageIO.framework/Versions/A/Resources/libGIF.dylib
0x00007fff30812000 	/System/Library/Frameworks/ImageIO.framework/Versions/A/Resources/libJP2.dylib
0x00007fff30c17000 	/System/Library/Frameworks/ImageIO.framework/Versions/A/Resources/libRadiance.dylib
0x00007fff3e52c000 	/System/Library/PrivateFrameworks/AppleJPEG.framework/Versions/A/AppleJPEG
0x00007fff370b1000 	/System/Library/Frameworks/OpenGL.framework/Versions/A/Libraries/libGFXShared.dylib
0x00007fff37274000 	/System/Library/Frameworks/OpenGL.framework/Versions/A/Libraries/libGLU.dylib
0x00007fff370ba000 	/System/Library/Frameworks/OpenGL.framework/Versions/A/Libraries/libGL.dylib
0x00007fff370c6000 	/System/Library/Frameworks/OpenGL.framework/Versions/A/Libraries/libGLImage.dylib
0x00007fff370a3000 	/System/Library/Frameworks/OpenGL.framework/Versions/A/Libraries/libCVMSPluginSupport.dylib
0x00007fff370ac000 	/System/Library/Frameworks/OpenGL.framework/Versions/A/Libraries/libCoreVMClient.dylib
0x00007fff58c89000 	/usr/lib/libcups.2.dylib
0x00007fff31cfe000 	/System/Library/Frameworks/Kerberos.framework/Versions/A/Kerberos
0x00007fff302d0000 	/System/Library/Frameworks/GSS.framework/Versions/A/GSS
0x00007fff5a3f3000 	/usr/lib/libresolv.9.dylib
0x00007fff58e80000 	/usr/lib/libiconv.2.dylib
0x00007fff4a521000 	/System/Library/PrivateFrameworks/Heimdal.framework/Versions/A/Heimdal
0x00007fff58e4f000 	/usr/lib/libheimdal-asn1.dylib
0x00007fff36734000 	/System/Library/Frameworks/OpenDirectory.framework/Versions/A/OpenDirectory
0x00007fff40dda000 	/System/Library/PrivateFrameworks/CommonAuth.framework/Versions/A/CommonAuth
0x00007fff36717000 	/System/Library/Frameworks/OpenDirectory.framework/Versions/A/Frameworks/CFOpenDirectory.framework/Versions/A/CFOpenDirectory
0x00007fff39897000 	/System/Library/Frameworks/SecurityFoundation.framework/Versions/A/SecurityFoundation
0x00007fff3cfee000 	/System/Library/PrivateFrameworks/APFS.framework/Versions/A/APFS
0x00007fff5a8c3000 	/usr/lib/libutil.dylib
0x00007fff58325000 	/usr/lib/libcharset.1.dylib
0x00007fff3e7c5000 	/System/Library/PrivateFrameworks/AppleSauce.framework/Versions/A/AppleSauce
0x00007fff3e953000 	/System/Library/PrivateFrameworks/AssertionServices.framework/Versions/A/AssertionServices
0x00007fff3f1ba000 	/System/Library/PrivateFrameworks/BaseBoard.framework/Versions/A/BaseBoard
0x00007fff59254000 	/usr/lib/libmecab.1.0.0.dylib
0x00007fff58e49000 	/usr/lib/libgermantok.dylib
0x00007fff580e7000 	/usr/lib/libThaiTokenizer.dylib
0x00007fff57c0e000 	/usr/lib/libChineseTokenizer.dylib
0x00007fff4c0a4000 	/System/Library/PrivateFrameworks/LanguageModeling.framework/Versions/A/LanguageModeling
0x00007fff41ae0000 	/System/Library/PrivateFrameworks/CoreEmoji.framework/Versions/A/CoreEmoji
0x00007fff4c19c000 	/System/Library/PrivateFrameworks/Lexicon.framework/Versions/A/Lexicon
0x00007fff4c1e4000 	/System/Library/PrivateFrameworks/LinguisticData.framework/Versions/A/LinguisticData
0x00007fff58326000 	/usr/lib/libcmph.dylib
0x00007fff39958000 	/System/Library/Frameworks/ServiceManagement.framework/Versions/A/ServiceManagement
0x00007fff3f10d000 	/System/Library/PrivateFrameworks/BackgroundTaskManagement.framework/Versions/A/BackgroundTaskManagement
0x00007fff5a9bd000 	/usr/lib/libxslt.1.dylib
0x00007fff2d0ee000 	/System/Library/Frameworks/Carbon.framework/Versions/A/Frameworks/Ink.framework/Versions/A/Ink
0x00007fff55baf000 	/System/Library/PrivateFrameworks/TextureIO.framework/Versions/A/TextureIO
0x00007fff5813c000 	/usr/lib/libate.dylib
0x00007fff42e08000 	/System/Library/PrivateFrameworks/CrashReporterSupport.framework/Versions/A/CrashReporterSupport
0x00007fff52bdf000 	/System/Library/PrivateFrameworks/Sharing.framework/Versions/A/Sharing
0x00007fff3ec99000 	/System/Library/PrivateFrameworks/AuthKit.framework/Versions/A/AuthKit
0x00007fff3e0cb000 	/System/Library/PrivateFrameworks/Apple80211.framework/Versions/A/Apple80211
0x00007fff42bce000 	/System/Library/PrivateFrameworks/CoreUtils.framework/Versions/A/CoreUtils
0x00007fff2f9b0000 	/System/Library/Frameworks/CoreWLAN.framework/Versions/A/CoreWLAN
0x00007fff30419000 	/System/Library/Frameworks/IOBluetooth.framework/Versions/A/IOBluetooth
0x00007fff50f45000 	/System/Library/PrivateFrameworks/ProtocolBuffer.framework/Versions/A/ProtocolBuffer
0x00007fff4d1aa000 	/System/Library/PrivateFrameworks/MobileKeyBag.framework/Versions/A/MobileKeyBag
0x00007fff423f6000 	/System/Library/PrivateFrameworks/CorePhoneNumbers.framework/Versions/A/CorePhoneNumbers
0x00007fff3e4e0000 	/System/Library/PrivateFrameworks/AppleIDAuthSupport.framework/Versions/A/AppleIDAuthSupport
0x00007fff4c076000 	/System/Library/PrivateFrameworks/KeychainCircle.framework/Versions/A/KeychainCircle
0x00007fff51112000 	/System/Library/PrivateFrameworks/ROCKit.framework/Versions/A/ROCKit
0x00007fff42da4000 	/System/Library/PrivateFrameworks/CoreWiFi.framework/Versions/A/CoreWiFi
0x00007fff2d65b000 	/System/Library/Frameworks/CoreBluetooth.framework/Versions/A/CoreBluetooth
0x00007fff42ff8000 	/System/Library/PrivateFrameworks/DebugSymbols.framework/Versions/A/DebugSymbols
0x00007fff42983000 	/System/Library/PrivateFrameworks/CoreSymbolication.framework/Versions/A/CoreSymbolication
0x00007fff5539d000 	/System/Library/PrivateFrameworks/Symbolication.framework/Versions/A/Symbolication
0x00007fff5452f000 	/System/Library/PrivateFrameworks/SpeechRecognitionCore.framework/Versions/A/SpeechRecognitionCore
0x00007fff22908000 	/System/Library/CoreServices/Encodings/libKoreanConverter.dylib
0x0000000108e00000 	/Library/Java/JavaVirtualMachines/jdk1.8.0_181.jdk/Contents/Home/jre/lib/server/libjvm.dylib
0x00007fff5a787000 	/usr/lib/libstdc++.6.dylib
0x00000001085ee000 	/Library/Java/JavaVirtualMachines/jdk1.8.0_181.jdk/Contents/Home/jre/lib/libverify.dylib
0x0000000109db4000 	/Library/Java/JavaVirtualMachines/jdk1.8.0_181.jdk/Contents/Home/jre/lib/libjava.dylib
0x0000000109dea000 	/Library/Java/JavaVirtualMachines/jdk1.8.0_181.jdk/Contents/Home/jre/lib/libjdwp.dylib
0x0000000109e35000 	/Library/Java/JavaVirtualMachines/jdk1.8.0_181.jdk/Contents/Home/jre/lib/libnpt.dylib
0x0000000109e39000 	/Library/Java/JavaVirtualMachines/jdk1.8.0_181.jdk/Contents/Home/jre/lib/libinstrument.dylib
0x0000000109ed5000 	/Library/Java/JavaVirtualMachines/jdk1.8.0_181.jdk/Contents/Home/jre/lib/libzip.dylib
0x000000010c827000 	/Library/Java/JavaVirtualMachines/jdk1.8.0_181.jdk/Contents/Home/jre/lib/libdt_socket.dylib

VM Arguments:
jvm_args: -agentlib:jdwp=transport=dt_socket,address=127.0.0.1:53672,suspend=y,server=n -javaagent:/Users/misun/Library/Caches/IntelliJIdea2018.2/captureAgent/debugger-agent.jar=file:/private/var/folders/2k/x_89y_vx167gjlgnh8gmlxc40000gn/T/capture.props -Dfile.encoding=UTF-8 
java_command: More.Programers.Greedy.LifeBoat
java_class_path (initial): /Library/Java/JavaVirtualMachines/jdk1.8.0_181.jdk/Contents/Home/jre/lib/charsets.jar:/Library/Java/JavaVirtualMachines/jdk1.8.0_181.jdk/Contents/Home/jre/lib/deploy.jar:/Library/Java/JavaVirtualMachines/jdk1.8.0_181.jdk/Contents/Home/jre/lib/ext/cldrdata.jar:/Library/Java/JavaVirtualMachines/jdk1.8.0_181.jdk/Contents/Home/jre/lib/ext/dnsns.jar:/Library/Java/JavaVirtualMachines/jdk1.8.0_181.jdk/Contents/Home/jre/lib/ext/jaccess.jar:/Library/Java/JavaVirtualMachines/jdk1.8.0_181.jdk/Contents/Home/jre/lib/ext/jfxrt.jar:/Library/Java/JavaVirtualMachines/jdk1.8.0_181.jdk/Contents/Home/jre/lib/ext/localedata.jar:/Library/Java/JavaVirtualMachines/jdk1.8.0_181.jdk/Contents/Home/jre/lib/ext/nashorn.jar:/Library/Java/JavaVirtualMachines/jdk1.8.0_181.jdk/Contents/Home/jre/lib/ext/sunec.jar:/Library/Java/JavaVirtualMachines/jdk1.8.0_181.jdk/Contents/Home/jre/lib/ext/sunjce_provider.jar:/Library/Java/JavaVirtualMachines/jdk1.8.0_181.jdk/Contents/Home/jre/lib/ext/sunpkcs11.jar:/Library/Java/JavaVirtualMachines/jdk1.8.0_181.jdk/Contents/Home/jre/lib/ext/zipfs.jar:/Library/Java/JavaVirtualMachines/jdk1.8.0_181.jdk/Contents/Home/jre/lib/javaws.jar:/Library/Java/JavaVirtualMachines/jdk1.8.0_181.jdk/Contents/Home/jre/lib/jce.jar:/Library/Java/JavaVirtualMachines/jdk1.8.0_181.jdk/Contents/Home/jre/lib/jfr.jar:/Library/Java/JavaVirtualMachines/jdk1.8.0_181.jdk/Contents/Home/jre/lib/jfxswt.jar:/Library/Java/JavaVirtualMachines/jdk1.8.0_181.jdk/Contents/Home/jre/lib/jsse.jar:/Library/Java/JavaVirtualMachines/jdk1.8.0_181.jdk/Contents/Home/jre/lib/management-agent.jar:/Library/Java/JavaVirtualMachines/jdk1.8.0_181.jdk/Contents/Home/jre/lib/plugin.jar:/Library/Java/JavaVirtualMachines/jdk1.8.0_181.jdk/Contents/Home/jre/lib/resources.jar:/Library/Java/JavaVirtualMachines/jdk1.8.0_181.jdk/Contents/Home/jre/lib/rt.jar:/Library/Java/JavaVirtualMachines/jdk1.8.0_181.jdk/Contents/Home/lib/ant-javafx.jar:/Library/Java/JavaVirtualMachines/jdk1.8.0_181.jdk/Contents/Home
Launcher Type: SUN_STANDARD

Environment Variables:
PATH=/usr/local/bin:/usr/bin:/bin:/usr/sbin:/sbin:/usr/local/mysql/bin:/usr/local/mysql/bin/
SHELL=/bin/zsh

Signal Handlers:
SIGSEGV: [libjvm.dylib+0x5b6029], sa_mask[0]=11111111011111110111111111111111, sa_flags=SA_ONSTACK|SA_RESTART|SA_SIGINFO
SIGBUS: [libjvm.dylib+0x5b6029], sa_mask[0]=11111111011111110111111111111111, sa_flags=SA_RESTART|SA_SIGINFO
SIGFPE: [libjvm.dylib+0x48b934], sa_mask[0]=11111111011111110111111111111111, sa_flags=SA_RESTART|SA_SIGINFO
SIGPIPE: [libjvm.dylib+0x48b934], sa_mask[0]=11111111011111110111111111111111, sa_flags=SA_RESTART|SA_SIGINFO
SIGXFSZ: [libjvm.dylib+0x48b934], sa_mask[0]=11111111011111110111111111111111, sa_flags=SA_RESTART|SA_SIGINFO
SIGILL: [libjvm.dylib+0x48b934], sa_mask[0]=11111111011111110111111111111111, sa_flags=SA_RESTART|SA_SIGINFO
SIGUSR1: SIG_DFL, sa_mask[0]=00000000000000000000000000000000, sa_flags=none
SIGUSR2: [libjvm.dylib+0x48b452], sa_mask[0]=00100000000000000000000000000000, sa_flags=SA_RESTART|SA_SIGINFO
SIGHUP: [libjvm.dylib+0x489a1d], sa_mask[0]=11111111011111110111111111111111, sa_flags=SA_RESTART|SA_SIGINFO
SIGINT: [libjvm.dylib+0x489a1d], sa_mask[0]=11111111011111110111111111111111, sa_flags=SA_RESTART|SA_SIGINFO
SIGTERM: [libjvm.dylib+0x489a1d], sa_mask[0]=11111111011111110111111111111111, sa_flags=SA_RESTART|SA_SIGINFO
SIGQUIT: [libjvm.dylib+0x489a1d], sa_mask[0]=11111111011111110111111111111111, sa_flags=SA_RESTART|SA_SIGINFO


---------------  S Y S T E M  ---------------

OS:Bsduname:Darwin 18.0.0 Darwin Kernel Version 18.0.0: Wed Aug 22 20:13:40 PDT 2018; root:xnu-4903.201.2~1/RELEASE_X86_64 x86_64
rlimit: STACK 8192k, CORE 0k, NPROC 709, NOFILE 10240, AS infinity
load average:3.96 3.12 2.69

CPU:total 4 (initial active 4) (2 cores per cpu, 2 threads per core) family 6 model 142 stepping 9, cmov, cx8, fxsr, mmx, sse, sse2, sse3, ssse3, sse4.1, sse4.2, popcnt, avx, avx2, aes, clmul, erms, rtm, 3dnowpref, lzcnt, ht, tsc, tscinvbit, bmi1, bmi2, adx

Memory: 4k page, physical 8388608k(360488k free)

/proc/meminfo:


vm_info: Java HotSpot(TM) 64-Bit Server VM (25.181-b13) for bsd-amd64 JRE (1.8.0_181-b13), built on Jul  7 2018 01:02:31 by "java_re" with gcc 4.2.1 (Based on Apple Inc. build 5658) (LLVM build 2336.11.00)

time: Tue Jun 25 17:22:29 2019
elapsed time: 574 seconds (0d 0h 9m 34s)

