#
# A fatal error has been detected by the Java Runtime Environment:
#
#  SIGBUS (0xa) at pc=0x000000010dd35698, pid=87518, tid=0x0000000000005203
#
# JRE version: Java(TM) SE Runtime Environment (8.0_181-b13) (build 1.8.0_181-b13)
# Java VM: Java HotSpot(TM) 64-Bit Server VM (25.181-b13 mixed mode bsd-amd64 compressed oops)
# Problematic frame:
# V  [libjvm.dylib+0x1e2698]  ConstantPool::impl_name_and_type_ref_index_at(int, bool)+0x4c
#
# Failed to write core dump. Core dumps have been disabled. To enable core dumping, try "ulimit -c unlimited" before starting Java again
#
# If you would like to submit a bug report, please visit:
#   http://bugreport.java.com/bugreport/crash.jsp
#

---------------  T H R E A D  ---------------

Current thread (0x00007fdc47825800):  VMThread [stack: 0x0000700006c57000,0x0000700006d57000] [id=20995]

siginfo: si_signo: 10 (SIGBUS), si_code: 2 (BUS_ADRERR), si_addr: 0x00000001147ac3b0

Registers:
RAX=0x00000001146ebde0, RBX=0x0000000000000018, RCX=0x00000000000c05c0, RDX=0x0000000000000000
RSP=0x0000700006d564d0, RBP=0x0000700006d564d0, RSI=0x000000000000602e, RDI=0x00000001146eb2c8
R8 =0x0000000000000018, R9 =0x000000008a000000, R10=0x0000000000000014, R11=0xffffffffffffff30
R12=0x0000700006d566f8, R13=0x00000001146eb2c8, R14=0x0000000000000001, R15=0x0000000000000001
RIP=0x000000010dd35698, EFLAGS=0x0000000000010206, ERR=0x0000000000000004
  TRAPNO=0x000000000000000e

Top of Stack: (sp=0x0000700006d564d0)
0x0000700006d564d0:   0000700006d56530 000000010dddbd7e
0x0000700006d564e0:   0000700006d56500 000000010e10015c
0x0000700006d564f0:   0000700006d56548 0000700006d566f8
0x0000700006d56500:   0000700006d56530 00007fdc46f121f0
0x0000700006d56510:   0000700006d56548 00000001146eb938
0x0000700006d56520:   0000700006d566f8 0000000000000031
0x0000700006d56530:   0000700006d565b0 000000010dddd7ec
0x0000700006d56540:   0000000000000001 0000700006d56580
0x0000700006d56550:   00000001146eb938 00007fdc47825800
0x0000700006d56560:   0000001b00000018 000000b200000031
0x0000700006d56570:   000000b206d50000 00000001146eb938
0x0000700006d56580:   00007fdc47825800 00000001146eb938
0x0000700006d56590:   0000700006d566f8 00000001146eb938
0x0000700006d565a0:   0000000000000004 00000000000000c8
0x0000700006d565b0:   0000700006d565e0 000000010dddda3b
0x0000700006d565c0:   0000700006d565e0 0000700006d566f8
0x0000700006d565d0:   0000700006d566f8 00000001146eb938
0x0000700006d565e0:   0000700006d56600 000000010ddddfd2
0x0000700006d565f0:   0000700006d566f8 00007fdc47825800
0x0000700006d56600:   0000700006d56690 000000010ddde3eb
0x0000700006d56610:   0000700006d50000 0000000000000000
0x0000700006d56620:   000000010e1818be 0000000000000000
0x0000700006d56630:   000000010e181c5a 0000000000000100
0x0000700006d56640:   0000000000000000 0000000000000000
0x0000700006d56650:   0000000000000100 0000700006d56716
0x0000700006d56660:   00000001146eb938 00007fdc47825800
0x0000700006d56670:   00000001146eb938 0000700006d566f8
0x0000700006d56680:   00007fdc47825800 00007fdc46e09100
0x0000700006d56690:   0000700006d566e0 000000010dfd8331
0x0000700006d566a0:   00007fdc46c142a0 00007fdc46f12090
0x0000700006d566b0:   00007fdc46f120a0 00007fdc46f12478
0x0000700006d566c0:   00000000000003d8 000000000000002b 

Instructions: (pc=0x000000010dd35698)
0x000000010dd35678:   63 ce 48 c1 e1 05 ba ff ff 00 00 48 23 54 08 10
0x000000010dd35688:   8b 44 d7 50 c1 e8 10 5d c3 48 63 ce 48 c1 e1 05
0x000000010dd35698:   48 8b 4c 08 10 0f b7 f1 48 63 c6 8b 44 c7 50 eb
0x000000010dd356a8:   e3 90 55 48 89 e5 53 48 83 ec 08 48 89 fb 48 89 

Register to memory mapping:

RAX=0x00000001146ebde0 is pointing into metadata
RBX=0x0000000000000018 is an unknown value
RCX=0x00000000000c05c0 is an unknown value
RDX=0x0000000000000000 is an unknown value
RSP=0x0000700006d564d0 is an unknown value
RBP=0x0000700006d564d0 is an unknown value
RSI=0x000000000000602e is an unknown value
RDI=0x00000001146eb2c8 is pointing into metadata
R8 =0x0000000000000018 is an unknown value
R9 =0x000000008a000000 is an unknown value
R10=0x0000000000000014 is an unknown value
R11=0xffffffffffffff30 is an unknown value
R12=0x0000700006d566f8 is an unknown value
R13=0x00000001146eb2c8 is pointing into metadata
R14=0x0000000000000001 is an unknown value
R15=0x0000000000000001 is an unknown value


Stack: [0x0000700006c57000,0x0000700006d57000],  sp=0x0000700006d564d0,  free space=1021k
Native frames: (J=compiled Java code, j=interpreted, Vv=VM code, C=native code)
V  [libjvm.dylib+0x1e2698]  ConstantPool::impl_name_and_type_ref_index_at(int, bool)+0x4c
V  [libjvm.dylib+0x288d7e]  GenerateOopMap::do_field(int, int, int, int)+0x36
V  [libjvm.dylib+0x28a7ec]  GenerateOopMap::interp_bb(BasicBlock*)+0x104
V  [libjvm.dylib+0x28aa3b]  GenerateOopMap::interp_all()+0x31
V  [libjvm.dylib+0x28afd2]  GenerateOopMap::do_interpretation()+0x44
V  [libjvm.dylib+0x28b3eb]  GenerateOopMap::compute_map(Thread*)+0x1fb
V  [libjvm.dylib+0x485331]  OopMapForCacheEntry::compute_map(Thread*)+0x8f
V  [libjvm.dylib+0x48553a]  OopMapCacheEntry::fill(methodHandle, int)+0x19e
V  [libjvm.dylib+0x48571b]  OopMapCache::compute_one_oop_map(methodHandle, int, InterpreterOopMap*)+0x16b
V  [libjvm.dylib+0x4859d2]  OopMapCache::lookup(methodHandle, int, InterpreterOopMap*) const+0x25c
V  [libjvm.dylib+0x2c2b04]  InstanceKlass::mask_for(methodHandle, int, InterpreterOopMap*)+0xd2
V  [libjvm.dylib+0x45306d]  Method::mask_for(int, InterpreterOopMap*)+0xb3
V  [libjvm.dylib+0x39afbf]  VM_GetOrSetLocal::doit()+0x47
V  [libjvm.dylib+0x5bd499]  VM_Operation::evaluate()+0x4f
V  [libjvm.dylib+0x5bba31]  VMThread::evaluate_operation(VM_Operation*)+0xdf
V  [libjvm.dylib+0x5bbe7e]  VMThread::loop()+0x328
V  [libjvm.dylib+0x5bb79d]  VMThread::run()+0x79
V  [libjvm.dylib+0x48e342]  java_start(Thread*)+0xf6
C  [libsystem_pthread.dylib+0x333d]  _pthread_body+0x7e
C  [libsystem_pthread.dylib+0x62a7]  _pthread_start+0x46
C  [libsystem_pthread.dylib+0x2425]  thread_start+0xd

VM_Operation (0x0000700007162958): GetOrSetLocal, mode: safepoint, requested by thread 0x00007fdc47007800


---------------  P R O C E S S  ---------------

Java Threads: ( => current thread )
  0x00007fdc4881f800 JavaThread "Service Thread" daemon [_thread_blocked, id=16643, stack(0x0000700007675000,0x0000700007775000)]
  0x00007fdc47024800 JavaThread "C1 CompilerThread2" daemon [_thread_blocked, id=17155, stack(0x0000700007572000,0x0000700007672000)]
  0x00007fdc4783c000 JavaThread "C2 CompilerThread1" daemon [_thread_blocked, id=17667, stack(0x000070000746f000,0x000070000756f000)]
  0x00007fdc48816800 JavaThread "C2 CompilerThread0" daemon [_thread_blocked, id=14339, stack(0x000070000736c000,0x000070000746c000)]
  0x00007fdc4701f800 JavaThread "JDWP Command Reader" daemon [_thread_in_native, id=14083, stack(0x0000700007269000,0x0000700007369000)]
  0x00007fdc4701e800 JavaThread "JDWP Event Helper Thread" daemon [_thread_blocked, id=13827, stack(0x0000700007166000,0x0000700007266000)]
  0x00007fdc47007800 JavaThread "JDWP Transport Listener: dt_socket" daemon [_thread_blocked, id=18695, stack(0x0000700007063000,0x0000700007163000)]
  0x00007fdc48031800 JavaThread "Signal Dispatcher" daemon [_thread_blocked, id=13571, stack(0x0000700006f60000,0x0000700007060000)]
  0x00007fdc48046800 JavaThread "Finalizer" daemon [_thread_blocked, id=20483, stack(0x0000700006e5d000,0x0000700006f5d000)]
  0x00007fdc48006000 JavaThread "Reference Handler" daemon [_thread_blocked, id=11779, stack(0x0000700006d5a000,0x0000700006e5a000)]
  0x00007fdc48008000 JavaThread "main" [_thread_blocked, id=9987, stack(0x0000700006748000,0x0000700006848000)]

Other Threads:
=>0x00007fdc47825800 VMThread [stack: 0x0000700006c57000,0x0000700006d57000] [id=20995]
  0x00007fdc48815000 WatcherThread [stack: 0x0000700007778000,0x0000700007878000] [id=16387]

VM state:at safepoint (normal execution)

VM Mutex/Monitor currently owned by a thread:  ([mutex/lock_event])
[0x00007fdc46f03b40] Threads_lock - owner thread: 0x00007fdc47825800

Heap:
 PSYoungGen      total 38400K, used 2671K [0x0000000795580000, 0x0000000798000000, 0x00000007c0000000)
  eden space 33280K, 8% used [0x0000000795580000,0x000000079581bd68,0x0000000797600000)
  from space 5120K, 0% used [0x0000000797b00000,0x0000000797b00000,0x0000000798000000)
  to   space 5120K, 0% used [0x0000000797600000,0x0000000797600000,0x0000000797b00000)
 ParOldGen       total 87552K, used 0K [0x0000000740000000, 0x0000000745580000, 0x0000000795580000)
  object space 87552K, 0% used [0x0000000740000000,0x0000000740000000,0x0000000745580000)
 Metaspace       used 3171K, capacity 4664K, committed 4864K, reserved 1056768K
  class space    used 340K, capacity 424K, committed 512K, reserved 1048576K

Card table byte_map: [0x000000010f809000,0x000000010fc0a000] byte_map_base: 0x000000010be09000

Marking Bits: (ParMarkBitMap*) 0x000000010e44ccd0
 Begin Bits: [0x000000010feb5000, 0x0000000111eb5000)
 End Bits:   [0x0000000111eb5000, 0x0000000113eb5000)

Polling page: 0x000000010eb4b000

CodeCache: size=245760Kb used=1112Kb max_used=1121Kb free=244647Kb
 bounds [0x0000000118272000, 0x00000001184e2000, 0x0000000127272000]
 total_blobs=263 nmethods=28 adapters=157
 compilation: enabled

Compilation events (10 events):
Event: 0.270 Thread 0x00007fdc47024800 nmethod 21 0x0000000118385ad0 code [0x0000000118385cc0, 0x00000001183861f8]
Event: 0.270 Thread 0x00007fdc47024800   23       3       java.lang.StringCoding::deref (19 bytes)
Event: 0.271 Thread 0x00007fdc47024800 nmethod 23 0x0000000118386510 code [0x00000001183866a0, 0x0000000118386ae8]
Event: 0.271 Thread 0x00007fdc47024800   26       1       java.net.URL::getQuery (5 bytes)
Event: 0.271 Thread 0x00007fdc47024800 nmethod 26 0x0000000118386c50 code [0x0000000118386da0, 0x0000000118386eb0]
Event: 0.271 Thread 0x00007fdc47024800   27       3       java.util.HashMap::get (23 bytes)
Event: 0.271 Thread 0x00007fdc47024800 nmethod 27 0x0000000118386f10 code [0x00000001183870a0, 0x00000001183874b8]
Event: 0.272 Thread 0x00007fdc4783c000 nmethod 25 0x000000011838a410 code [0x000000011838a560, 0x000000011838a738]
Event: 0.275 Thread 0x00007fdc47024800   28       3       java.lang.System::getSecurityManager (4 bytes)
Event: 0.275 Thread 0x00007fdc47024800 nmethod 28 0x000000011838a110 code [0x000000011838a260, 0x000000011838a3b0]

GC Heap History (0 events):
No events

Deoptimization events (0 events):
No events

Classes redefined (3 events):
Event: 38.617 Thread 0x00007fdc47825800 redefined class name=More.baekjoon.BFS.KKung, count=1
Event: 150.555 Thread 0x00007fdc47825800 redefined class name=More.baekjoon.BFS.KKung, count=2
Event: 210.207 Thread 0x00007fdc47825800 redefined class name=More.baekjoon.BFS.KKung, count=3

Internal exceptions (2 events):
Event: 0.035 Thread 0x00007fdc48008000 Exception <a 'java/lang/NoSuchMethodError': Method sun.misc.Unsafe.defineClass(Ljava/lang/String;[BII)Ljava/lang/Class; name or signature does not match> (0x0000000795587cb0) thrown at [/Users/java_re/workspace/8-2-build-macosx-x86_64/jdk8u181/11358/hotsp
Event: 0.035 Thread 0x00007fdc48008000 Exception <a 'java/lang/NoSuchMethodError': Method sun.misc.Unsafe.prefetchRead(Ljava/lang/Object;J)V name or signature does not match> (0x0000000795587f98) thrown at [/Users/java_re/workspace/8-2-build-macosx-x86_64/jdk8u181/11358/hotspot/src/share/vm/pr

Events (10 events):
Event: 150.696 Executing VM operation: GetOrSetLocal done
Event: 172.837 Executing VM operation: ChangeBreakpoints
Event: 172.837 Executing VM operation: ChangeBreakpoints done
Event: 210.197 Executing VM operation: ChangeBreakpoints
Event: 210.197 Executing VM operation: ChangeBreakpoints done
Event: 210.207 Executing VM operation: RedefineClasses
Event: 210.207 Executing VM operation: RedefineClasses done
Event: 210.252 Executing VM operation: ChangeBreakpoints
Event: 210.252 Executing VM operation: ChangeBreakpoints done
Event: 210.399 Executing VM operation: GetOrSetLocal


Dynamic libraries:
0x00007fff3fe98000 	/System/Library/Frameworks/Cocoa.framework/Versions/A/Cocoa
0x00007fff4c118000 	/System/Library/Frameworks/Security.framework/Versions/A/Security
0x00007fff3eaa2000 	/System/Library/Frameworks/ApplicationServices.framework/Versions/A/ApplicationServices
0x00007fff6d58e000 	/usr/lib/libz.1.dylib
0x00007fff6ac04000 	/usr/lib/libSystem.B.dylib
0x00007fff6c6ab000 	/usr/lib/libobjc.A.dylib
0x00007fff406ba000 	/System/Library/Frameworks/CoreFoundation.framework/Versions/A/CoreFoundation
0x00007fff42a39000 	/System/Library/Frameworks/Foundation.framework/Versions/C/Foundation
0x00007fff3dc31000 	/System/Library/Frameworks/AppKit.framework/Versions/C/AppKit
0x00007fff4022f000 	/System/Library/Frameworks/CoreData.framework/Versions/A/CoreData
0x00007fff63df6000 	/System/Library/PrivateFrameworks/RemoteViewServices.framework/Versions/A/RemoteViewServices
0x00007fff688df000 	/System/Library/PrivateFrameworks/UIFoundation.framework/Versions/A/UIFoundation
0x00007fff6a08b000 	/System/Library/PrivateFrameworks/XCTTargetBootstrap.framework/Versions/A/XCTTargetBootstrap
0x00007fff5e950000 	/System/Library/PrivateFrameworks/IconServices.framework/Versions/A/IconServices
0x00007fff452de000 	/System/Library/Frameworks/Metal.framework/Versions/A/Metal
0x00007fff55be2000 	/System/Library/PrivateFrameworks/DesktopServicesPriv.framework/Versions/A/DesktopServicesPriv
0x00007fff6b9bf000 	/usr/lib/libenergytrace.dylib
0x00007fff66658000 	/System/Library/PrivateFrameworks/SkyLight.framework/Versions/A/SkyLight
0x00007fff40b0b000 	/System/Library/Frameworks/CoreGraphics.framework/Versions/A/CoreGraphics
0x00007fff3c9ec000 	/System/Library/Frameworks/Accelerate.framework/Versions/A/Accelerate
0x00007fff431bf000 	/System/Library/Frameworks/IOSurface.framework/Versions/A/IOSurface
0x00007fff55a44000 	/System/Library/PrivateFrameworks/DFRFoundation.framework/Versions/A/DFRFoundation
0x00007fff3efa7000 	/System/Library/Frameworks/AudioToolbox.framework/Versions/A/AudioToolbox
0x00007fff3f245000 	/System/Library/Frameworks/AudioUnit.framework/Versions/A/AudioUnit
0x00007fff55adb000 	/System/Library/PrivateFrameworks/DataDetectorsCore.framework/Versions/A/DataDetectorsCore
0x00007fff3f984000 	/System/Library/Frameworks/Carbon.framework/Versions/A/Frameworks/HIToolbox.framework/Versions/A/HIToolbox
0x00007fff6bb1a000 	/usr/lib/libicucore.A.dylib
0x00007fff4b674000 	/System/Library/Frameworks/QuartzCore.framework/Versions/A/QuartzCore
0x00007fff3fd6b000 	/System/Library/Frameworks/Carbon.framework/Versions/A/Frameworks/SpeechRecognition.framework/Versions/A/SpeechRecognition
0x00007fff6ad67000 	/usr/lib/libauto.dylib
0x00007fff6d481000 	/usr/lib/libxml2.2.dylib
0x00007fff55649000 	/System/Library/PrivateFrameworks/CoreUI.framework/Versions/A/CoreUI
0x00007fff4010d000 	/System/Library/Frameworks/CoreAudio.framework/Versions/A/CoreAudio
0x00007fff4286b000 	/System/Library/Frameworks/DiskArbitration.framework/Versions/A/DiskArbitration
0x00007fff6bdca000 	/usr/lib/liblangid.dylib
0x00007fff5fdfb000 	/System/Library/PrivateFrameworks/MultitouchSupport.framework/Versions/A/MultitouchSupport
0x00007fff4312c000 	/System/Library/Frameworks/IOKit.framework/Versions/A/IOKit
0x00007fff6a852000 	/usr/lib/libDiagnosticMessagesClient.dylib
0x00007fff41976000 	/System/Library/Frameworks/CoreServices.framework/Versions/A/CoreServices
0x00007fff61b25000 	/System/Library/PrivateFrameworks/PerformanceAnalysis.framework/Versions/A/PerformanceAnalysis
0x00007fff4a809000 	/System/Library/Frameworks/OpenGL.framework/Versions/A/OpenGL
0x00007fff3fea6000 	/System/Library/Frameworks/ColorSync.framework/Versions/A/ColorSync
0x00007fff4119a000 	/System/Library/Frameworks/CoreImage.framework/Versions/A/CoreImage
0x00007fff423b4000 	/System/Library/Frameworks/CoreText.framework/Versions/A/CoreText
0x00007fff43220000 	/System/Library/Frameworks/ImageIO.framework/Versions/A/ImageIO
0x00007fff51cbf000 	/System/Library/PrivateFrameworks/Backup.framework/Versions/A/Backup
0x00007fff6acba000 	/usr/lib/libarchive.2.dylib
0x00007fff3f5a9000 	/System/Library/Frameworks/CFNetwork.framework/Versions/A/CFNetwork
0x00007fff4c8c1000 	/System/Library/Frameworks/SystemConfiguration.framework/Versions/A/SystemConfiguration
0x00007fff6a77b000 	/usr/lib/libCRFSuite.dylib
0x00007fff6ae5f000 	/usr/lib/libc++.1.dylib
0x00007fff6aeb7000 	/usr/lib/libc++abi.dylib
0x00007fff6d611000 	/usr/lib/system/libcache.dylib
0x00007fff6d616000 	/usr/lib/system/libcommonCrypto.dylib
0x00007fff6d621000 	/usr/lib/system/libcompiler_rt.dylib
0x00007fff6d629000 	/usr/lib/system/libcopyfile.dylib
0x00007fff6d633000 	/usr/lib/system/libcorecrypto.dylib
0x00007fff6d73d000 	/usr/lib/system/libdispatch.dylib
0x00007fff6d778000 	/usr/lib/system/libdyld.dylib
0x00007fff6d7a8000 	/usr/lib/system/libkeymgr.dylib
0x00007fff6d7b6000 	/usr/lib/system/liblaunch.dylib
0x00007fff6d7b7000 	/usr/lib/system/libmacho.dylib
0x00007fff6d7bd000 	/usr/lib/system/libquarantine.dylib
0x00007fff6d7c0000 	/usr/lib/system/libremovefile.dylib
0x00007fff6d7c2000 	/usr/lib/system/libsystem_asl.dylib
0x00007fff6d7da000 	/usr/lib/system/libsystem_blocks.dylib
0x00007fff6d7db000 	/usr/lib/system/libsystem_c.dylib
0x00007fff6d864000 	/usr/lib/system/libsystem_configuration.dylib
0x00007fff6d868000 	/usr/lib/system/libsystem_coreservices.dylib
0x00007fff6d86c000 	/usr/lib/system/libsystem_darwin.dylib
0x00007fff6d873000 	/usr/lib/system/libsystem_dnssd.dylib
0x00007fff6d87a000 	/usr/lib/system/libsystem_info.dylib
0x00007fff6d8ef000 	/usr/lib/system/libsystem_m.dylib
0x00007fff6d93b000 	/usr/lib/system/libsystem_malloc.dylib
0x00007fff6d960000 	/usr/lib/system/libsystem_networkextension.dylib
0x00007fff6d96c000 	/usr/lib/system/libsystem_notify.dylib
0x00007fff6d989000 	/usr/lib/system/libsystem_sandbox.dylib
0x00007fff6d98d000 	/usr/lib/system/libsystem_secinit.dylib
0x00007fff6d8c7000 	/usr/lib/system/libsystem_kernel.dylib
0x00007fff6d974000 	/usr/lib/system/libsystem_platform.dylib
0x00007fff6d97e000 	/usr/lib/system/libsystem_pthread.dylib
0x00007fff6d990000 	/usr/lib/system/libsystem_symptoms.dylib
0x00007fff6d998000 	/usr/lib/system/libsystem_trace.dylib
0x00007fff6d9af000 	/usr/lib/system/libunwind.dylib
0x00007fff6d9b5000 	/usr/lib/system/libxpc.dylib
0x00007fff6ae3f000 	/usr/lib/libbsm.0.dylib
0x00007fff6d7a9000 	/usr/lib/system/libkxld.dylib
0x00007fff50f7b000 	/System/Library/PrivateFrameworks/AppleFSCompression.framework/Versions/A/AppleFSCompression
0x00007fff6aac3000 	/usr/lib/libOpenScriptingUtil.dylib
0x00007fff6b1a2000 	/usr/lib/libcoretls.dylib
0x00007fff6b1b9000 	/usr/lib/libcoretls_cfhelpers.dylib
0x00007fff6ce44000 	/usr/lib/libpam.2.dylib
0x00007fff6d007000 	/usr/lib/libsqlite3.dylib
0x00007fff6d46f000 	/usr/lib/libxar.1.dylib
0x00007fff6ae50000 	/usr/lib/libbz2.1.0.dylib
0x00007fff6bdcc000 	/usr/lib/liblzma.5.dylib
0x00007fff6c2c2000 	/usr/lib/libnetwork.dylib
0x00007fff6aca3000 	/usr/lib/libapple_nghttp2.dylib
0x00007fff6ce4b000 	/usr/lib/libpcap.A.dylib
0x00007fff41d1a000 	/System/Library/Frameworks/CoreServices.framework/Versions/A/Frameworks/FSEvents.framework/Versions/A/FSEvents
0x00007fff419f6000 	/System/Library/Frameworks/CoreServices.framework/Versions/A/Frameworks/CarbonCore.framework/Versions/A/CarbonCore
0x00007fff41eef000 	/System/Library/Frameworks/CoreServices.framework/Versions/A/Frameworks/Metadata.framework/Versions/A/Metadata
0x00007fff41f92000 	/System/Library/Frameworks/CoreServices.framework/Versions/A/Frameworks/OSServices.framework/Versions/A/OSServices
0x00007fff41fde000 	/System/Library/Frameworks/CoreServices.framework/Versions/A/Frameworks/SearchKit.framework/Versions/A/SearchKit
0x00007fff41977000 	/System/Library/Frameworks/CoreServices.framework/Versions/A/Frameworks/AE.framework/Versions/A/AE
0x00007fff41d23000 	/System/Library/Frameworks/CoreServices.framework/Versions/A/Frameworks/LaunchServices.framework/Versions/A/LaunchServices
0x00007fff41ccf000 	/System/Library/Frameworks/CoreServices.framework/Versions/A/Frameworks/DictionaryServices.framework/Versions/A/DictionaryServices
0x00007fff4204d000 	/System/Library/Frameworks/CoreServices.framework/Versions/A/Frameworks/SharedFileList.framework/Versions/A/SharedFileList
0x00007fff46799000 	/System/Library/Frameworks/NetFS.framework/Versions/A/NetFS
0x00007fff60097000 	/System/Library/PrivateFrameworks/NetAuth.framework/Versions/A/NetAuth
0x00007fff6a4bf000 	/System/Library/PrivateFrameworks/login.framework/Versions/A/Frameworks/loginsupport.framework/Versions/A/loginsupport
0x00007fff684db000 	/System/Library/PrivateFrameworks/TCC.framework/Versions/A/TCC
0x00007fff54c71000 	/System/Library/PrivateFrameworks/CoreNLP.framework/Versions/A/CoreNLP
0x00007fff5faec000 	/System/Library/PrivateFrameworks/MetadataUtilities.framework/Versions/A/MetadataUtilities
0x00007fff6bead000 	/usr/lib/libmecabra.dylib
0x00007fff3eaa3000 	/System/Library/Frameworks/ApplicationServices.framework/Versions/A/Frameworks/ATS.framework/Versions/A/ATS
0x00007fff3ee0e000 	/System/Library/Frameworks/ApplicationServices.framework/Versions/A/Frameworks/ColorSyncLegacy.framework/Versions/A/ColorSyncLegacy
0x00007fff3eeaf000 	/System/Library/Frameworks/ApplicationServices.framework/Versions/A/Frameworks/HIServices.framework/Versions/A/HIServices
0x00007fff3ef02000 	/System/Library/Frameworks/ApplicationServices.framework/Versions/A/Frameworks/LangAnalysis.framework/Versions/A/LangAnalysis
0x00007fff3ef11000 	/System/Library/Frameworks/ApplicationServices.framework/Versions/A/Frameworks/PrintCore.framework/Versions/A/PrintCore
0x00007fff3ef5e000 	/System/Library/Frameworks/ApplicationServices.framework/Versions/A/Frameworks/QD.framework/Versions/A/QD
0x00007fff3ef9a000 	/System/Library/Frameworks/ApplicationServices.framework/Versions/A/Frameworks/SpeechSynthesis.framework/Versions/A/SpeechSynthesis
0x00007fff6aedf000 	/usr/lib/libcompression.dylib
0x00007fff405d0000 	/System/Library/Frameworks/CoreDisplay.framework/Versions/A/CoreDisplay
0x00007fff4559a000 	/System/Library/Frameworks/MetalPerformanceShaders.framework/Versions/A/MetalPerformanceShaders
0x00007fff3ca04000 	/System/Library/Frameworks/Accelerate.framework/Versions/A/Frameworks/vImage.framework/Versions/A/vImage
0x00007fff3da80000 	/System/Library/Frameworks/Accelerate.framework/Versions/A/Frameworks/vecLib.framework/Versions/A/vecLib
0x00007fff3d9ca000 	/System/Library/Frameworks/Accelerate.framework/Versions/A/Frameworks/vecLib.framework/Versions/A/libvMisc.dylib
0x00007fff3d7e5000 	/System/Library/Frameworks/Accelerate.framework/Versions/A/Frameworks/vecLib.framework/Versions/A/libvDSP.dylib
0x00007fff3d0a5000 	/System/Library/Frameworks/Accelerate.framework/Versions/A/Frameworks/vecLib.framework/Versions/A/libBLAS.dylib
0x00007fff3d390000 	/System/Library/Frameworks/Accelerate.framework/Versions/A/Frameworks/vecLib.framework/Versions/A/libLAPACK.dylib
0x00007fff3d737000 	/System/Library/Frameworks/Accelerate.framework/Versions/A/Frameworks/vecLib.framework/Versions/A/libLinearAlgebra.dylib
0x00007fff3d7d1000 	/System/Library/Frameworks/Accelerate.framework/Versions/A/Frameworks/vecLib.framework/Versions/A/libSparseBLAS.dylib
0x00007fff3d74d000 	/System/Library/Frameworks/Accelerate.framework/Versions/A/Frameworks/vecLib.framework/Versions/A/libQuadrature.dylib
0x00007fff3d31d000 	/System/Library/Frameworks/Accelerate.framework/Versions/A/Frameworks/vecLib.framework/Versions/A/libBNNS.dylib
0x00007fff3d753000 	/System/Library/Frameworks/Accelerate.framework/Versions/A/Frameworks/vecLib.framework/Versions/A/libSparse.dylib
0x00007fff5c16f000 	/System/Library/PrivateFrameworks/GPUWrangler.framework/Versions/A/GPUWrangler
0x00007fff5e519000 	/System/Library/PrivateFrameworks/IOAccelerator.framework/Versions/A/IOAccelerator
0x00007fff5e524000 	/System/Library/PrivateFrameworks/IOPresentment.framework/Versions/A/IOPresentment
0x00007fff55a54000 	/System/Library/PrivateFrameworks/DSExternalDisplay.framework/Versions/A/DSExternalDisplay
0x00007fff49c4e000 	/System/Library/Frameworks/OpenGL.framework/Versions/A/Libraries/libCoreFSCache.dylib
0x00007fff4538e000 	/System/Library/Frameworks/MetalPerformanceShaders.framework/Frameworks/MPSCore.framework/Versions/A/MPSCore
0x00007fff453af000 	/System/Library/Frameworks/MetalPerformanceShaders.framework/Frameworks/MPSImage.framework/Versions/A/MPSImage
0x00007fff45456000 	/System/Library/Frameworks/MetalPerformanceShaders.framework/Frameworks/MPSNeuralNetwork.framework/Versions/A/MPSNeuralNetwork
0x00007fff4542d000 	/System/Library/Frameworks/MetalPerformanceShaders.framework/Frameworks/MPSMatrix.framework/Versions/A/MPSMatrix
0x00007fff4557e000 	/System/Library/Frameworks/MetalPerformanceShaders.framework/Frameworks/MPSRayIntersector.framework/Versions/A/MPSRayIntersector
0x00007fff5fb15000 	/System/Library/PrivateFrameworks/MetalTools.framework/Versions/A/MetalTools
0x00007fff50677000 	/System/Library/PrivateFrameworks/AggregateDictionary.framework/Versions/A/AggregateDictionary
0x00007fff6aaa3000 	/usr/lib/libMobileGestalt.dylib
0x00007fff4251a000 	/System/Library/Frameworks/CoreVideo.framework/Versions/A/CoreVideo
0x00007fff5cfd3000 	/System/Library/PrivateFrameworks/GraphVisualizer.framework/Versions/A/GraphVisualizer
0x00007fff56d7f000 	/System/Library/PrivateFrameworks/FaceCore.framework/Versions/A/FaceCore
0x00007fff49265000 	/System/Library/Frameworks/OpenCL.framework/Versions/A/OpenCL
0x00007fff6a88a000 	/usr/lib/libFosl_dynamic.dylib
0x00007fff6096c000 	/System/Library/PrivateFrameworks/OTSVG.framework/Versions/A/OTSVG
0x00007fff3eba7000 	/System/Library/Frameworks/ApplicationServices.framework/Versions/A/Frameworks/ATS.framework/Versions/A/Resources/libFontParser.dylib
0x00007fff3ecc7000 	/System/Library/Frameworks/ApplicationServices.framework/Versions/A/Frameworks/ATS.framework/Versions/A/Resources/libFontRegistry.dylib
0x00007fff434a0000 	/System/Library/Frameworks/ImageIO.framework/Versions/A/Resources/libJPEG.dylib
0x00007fff437c2000 	/System/Library/Frameworks/ImageIO.framework/Versions/A/Resources/libTIFF.dylib
0x00007fff43798000 	/System/Library/Frameworks/ImageIO.framework/Versions/A/Resources/libPng.dylib
0x00007fff433b5000 	/System/Library/Frameworks/ImageIO.framework/Versions/A/Resources/libGIF.dylib
0x00007fff433ba000 	/System/Library/Frameworks/ImageIO.framework/Versions/A/Resources/libJP2.dylib
0x00007fff437bf000 	/System/Library/Frameworks/ImageIO.framework/Versions/A/Resources/libRadiance.dylib
0x00007fff510d4000 	/System/Library/PrivateFrameworks/AppleJPEG.framework/Versions/A/AppleJPEG
0x00007fff49c59000 	/System/Library/Frameworks/OpenGL.framework/Versions/A/Libraries/libGFXShared.dylib
0x00007fff49e1c000 	/System/Library/Frameworks/OpenGL.framework/Versions/A/Libraries/libGLU.dylib
0x00007fff49c62000 	/System/Library/Frameworks/OpenGL.framework/Versions/A/Libraries/libGL.dylib
0x00007fff49c6e000 	/System/Library/Frameworks/OpenGL.framework/Versions/A/Libraries/libGLImage.dylib
0x00007fff49c4b000 	/System/Library/Frameworks/OpenGL.framework/Versions/A/Libraries/libCVMSPluginSupport.dylib
0x00007fff49c54000 	/System/Library/Frameworks/OpenGL.framework/Versions/A/Libraries/libCoreVMClient.dylib
0x00007fff6b831000 	/usr/lib/libcups.2.dylib
0x00007fff448a6000 	/System/Library/Frameworks/Kerberos.framework/Versions/A/Kerberos
0x00007fff42e78000 	/System/Library/Frameworks/GSS.framework/Versions/A/GSS
0x00007fff6cf9b000 	/usr/lib/libresolv.9.dylib
0x00007fff6ba28000 	/usr/lib/libiconv.2.dylib
0x00007fff5d0c9000 	/System/Library/PrivateFrameworks/Heimdal.framework/Versions/A/Heimdal
0x00007fff6b9f7000 	/usr/lib/libheimdal-asn1.dylib
0x00007fff492dc000 	/System/Library/Frameworks/OpenDirectory.framework/Versions/A/OpenDirectory
0x00007fff53982000 	/System/Library/PrivateFrameworks/CommonAuth.framework/Versions/A/CommonAuth
0x00007fff492bf000 	/System/Library/Frameworks/OpenDirectory.framework/Versions/A/Frameworks/CFOpenDirectory.framework/Versions/A/CFOpenDirectory
0x00007fff4c43f000 	/System/Library/Frameworks/SecurityFoundation.framework/Versions/A/SecurityFoundation
0x00007fff4fb96000 	/System/Library/PrivateFrameworks/APFS.framework/Versions/A/APFS
0x00007fff6d46b000 	/usr/lib/libutil.dylib
0x00007fff6aecd000 	/usr/lib/libcharset.1.dylib
0x00007fff5136d000 	/System/Library/PrivateFrameworks/AppleSauce.framework/Versions/A/AppleSauce
0x00007fff514fb000 	/System/Library/PrivateFrameworks/AssertionServices.framework/Versions/A/AssertionServices
0x00007fff51d62000 	/System/Library/PrivateFrameworks/BaseBoard.framework/Versions/A/BaseBoard
0x00007fff6bdfc000 	/usr/lib/libmecab.1.0.0.dylib
0x00007fff6b9f1000 	/usr/lib/libgermantok.dylib
0x00007fff6ac8f000 	/usr/lib/libThaiTokenizer.dylib
0x00007fff6a7b6000 	/usr/lib/libChineseTokenizer.dylib
0x00007fff5ec4c000 	/System/Library/PrivateFrameworks/LanguageModeling.framework/Versions/A/LanguageModeling
0x00007fff54688000 	/System/Library/PrivateFrameworks/CoreEmoji.framework/Versions/A/CoreEmoji
0x00007fff5ed44000 	/System/Library/PrivateFrameworks/Lexicon.framework/Versions/A/Lexicon
0x00007fff5ed8c000 	/System/Library/PrivateFrameworks/LinguisticData.framework/Versions/A/LinguisticData
0x00007fff6aece000 	/usr/lib/libcmph.dylib
0x00007fff4c500000 	/System/Library/Frameworks/ServiceManagement.framework/Versions/A/ServiceManagement
0x00007fff51cb5000 	/System/Library/PrivateFrameworks/BackgroundTaskManagement.framework/Versions/A/BackgroundTaskManagement
0x00007fff6d565000 	/usr/lib/libxslt.1.dylib
0x00007fff3fc96000 	/System/Library/Frameworks/Carbon.framework/Versions/A/Frameworks/Ink.framework/Versions/A/Ink
0x00007fff68757000 	/System/Library/PrivateFrameworks/TextureIO.framework/Versions/A/TextureIO
0x00007fff6ace4000 	/usr/lib/libate.dylib
0x00007fff559b0000 	/System/Library/PrivateFrameworks/CrashReporterSupport.framework/Versions/A/CrashReporterSupport
0x00007fff65787000 	/System/Library/PrivateFrameworks/Sharing.framework/Versions/A/Sharing
0x00007fff51841000 	/System/Library/PrivateFrameworks/AuthKit.framework/Versions/A/AuthKit
0x00007fff50c73000 	/System/Library/PrivateFrameworks/Apple80211.framework/Versions/A/Apple80211
0x00007fff55776000 	/System/Library/PrivateFrameworks/CoreUtils.framework/Versions/A/CoreUtils
0x00007fff42558000 	/System/Library/Frameworks/CoreWLAN.framework/Versions/A/CoreWLAN
0x00007fff42fc1000 	/System/Library/Frameworks/IOBluetooth.framework/Versions/A/IOBluetooth
0x00007fff63aed000 	/System/Library/PrivateFrameworks/ProtocolBuffer.framework/Versions/A/ProtocolBuffer
0x00007fff5fd52000 	/System/Library/PrivateFrameworks/MobileKeyBag.framework/Versions/A/MobileKeyBag
0x00007fff54f9e000 	/System/Library/PrivateFrameworks/CorePhoneNumbers.framework/Versions/A/CorePhoneNumbers
0x00007fff51088000 	/System/Library/PrivateFrameworks/AppleIDAuthSupport.framework/Versions/A/AppleIDAuthSupport
0x00007fff5ec1e000 	/System/Library/PrivateFrameworks/KeychainCircle.framework/Versions/A/KeychainCircle
0x00007fff63cba000 	/System/Library/PrivateFrameworks/ROCKit.framework/Versions/A/ROCKit
0x00007fff5594c000 	/System/Library/PrivateFrameworks/CoreWiFi.framework/Versions/A/CoreWiFi
0x00007fff40203000 	/System/Library/Frameworks/CoreBluetooth.framework/Versions/A/CoreBluetooth
0x00007fff55ba0000 	/System/Library/PrivateFrameworks/DebugSymbols.framework/Versions/A/DebugSymbols
0x00007fff5552b000 	/System/Library/PrivateFrameworks/CoreSymbolication.framework/Versions/A/CoreSymbolication
0x00007fff67f45000 	/System/Library/PrivateFrameworks/Symbolication.framework/Versions/A/Symbolication
0x00007fff670d7000 	/System/Library/PrivateFrameworks/SpeechRecognitionCore.framework/Versions/A/SpeechRecognitionCore
0x00007fff354b0000 	/System/Library/CoreServices/Encodings/libKoreanConverter.dylib
0x000000010db53000 	/Library/Java/JavaVirtualMachines/jdk1.8.0_181.jdk/Contents/Home/jre/lib/server/libjvm.dylib
0x00007fff6d32f000 	/usr/lib/libstdc++.6.dylib
0x000000010eb07000 	/Library/Java/JavaVirtualMachines/jdk1.8.0_181.jdk/Contents/Home/jre/lib/libverify.dylib
0x000000010eb15000 	/Library/Java/JavaVirtualMachines/jdk1.8.0_181.jdk/Contents/Home/jre/lib/libjava.dylib
0x000000010eb4c000 	/Library/Java/JavaVirtualMachines/jdk1.8.0_181.jdk/Contents/Home/jre/lib/libjdwp.dylib
0x000000010eb97000 	/Library/Java/JavaVirtualMachines/jdk1.8.0_181.jdk/Contents/Home/jre/lib/libnpt.dylib
0x000000010eb9b000 	/Library/Java/JavaVirtualMachines/jdk1.8.0_181.jdk/Contents/Home/jre/lib/libinstrument.dylib
0x000000010f440000 	/Library/Java/JavaVirtualMachines/jdk1.8.0_181.jdk/Contents/Home/jre/lib/libzip.dylib
0x0000000115d8e000 	/Library/Java/JavaVirtualMachines/jdk1.8.0_181.jdk/Contents/Home/jre/lib/libdt_socket.dylib

VM Arguments:
jvm_args: -agentlib:jdwp=transport=dt_socket,address=127.0.0.1:59868,suspend=y,server=n -javaagent:/Users/misun/Library/Caches/IntelliJIdea2018.2/captureAgent/debugger-agent.jar=file:/private/var/folders/2k/x_89y_vx167gjlgnh8gmlxc40000gn/T/capture.props -Dfile.encoding=UTF-8 
java_command: More.baekjoon.BFS.KKung
java_class_path (initial): /Library/Java/JavaVirtualMachines/jdk1.8.0_181.jdk/Contents/Home/jre/lib/charsets.jar:/Library/Java/JavaVirtualMachines/jdk1.8.0_181.jdk/Contents/Home/jre/lib/deploy.jar:/Library/Java/JavaVirtualMachines/jdk1.8.0_181.jdk/Contents/Home/jre/lib/ext/cldrdata.jar:/Library/Java/JavaVirtualMachines/jdk1.8.0_181.jdk/Contents/Home/jre/lib/ext/dnsns.jar:/Library/Java/JavaVirtualMachines/jdk1.8.0_181.jdk/Contents/Home/jre/lib/ext/jaccess.jar:/Library/Java/JavaVirtualMachines/jdk1.8.0_181.jdk/Contents/Home/jre/lib/ext/jfxrt.jar:/Library/Java/JavaVirtualMachines/jdk1.8.0_181.jdk/Contents/Home/jre/lib/ext/localedata.jar:/Library/Java/JavaVirtualMachines/jdk1.8.0_181.jdk/Contents/Home/jre/lib/ext/nashorn.jar:/Library/Java/JavaVirtualMachines/jdk1.8.0_181.jdk/Contents/Home/jre/lib/ext/sunec.jar:/Library/Java/JavaVirtualMachines/jdk1.8.0_181.jdk/Contents/Home/jre/lib/ext/sunjce_provider.jar:/Library/Java/JavaVirtualMachines/jdk1.8.0_181.jdk/Contents/Home/jre/lib/ext/sunpkcs11.jar:/Library/Java/JavaVirtualMachines/jdk1.8.0_181.jdk/Contents/Home/jre/lib/ext/zipfs.jar:/Library/Java/JavaVirtualMachines/jdk1.8.0_181.jdk/Contents/Home/jre/lib/javaws.jar:/Library/Java/JavaVirtualMachines/jdk1.8.0_181.jdk/Contents/Home/jre/lib/jce.jar:/Library/Java/JavaVirtualMachines/jdk1.8.0_181.jdk/Contents/Home/jre/lib/jfr.jar:/Library/Java/JavaVirtualMachines/jdk1.8.0_181.jdk/Contents/Home/jre/lib/jfxswt.jar:/Library/Java/JavaVirtualMachines/jdk1.8.0_181.jdk/Contents/Home/jre/lib/jsse.jar:/Library/Java/JavaVirtualMachines/jdk1.8.0_181.jdk/Contents/Home/jre/lib/management-agent.jar:/Library/Java/JavaVirtualMachines/jdk1.8.0_181.jdk/Contents/Home/jre/lib/plugin.jar:/Library/Java/JavaVirtualMachines/jdk1.8.0_181.jdk/Contents/Home/jre/lib/resources.jar:/Library/Java/JavaVirtualMachines/jdk1.8.0_181.jdk/Contents/Home/jre/lib/rt.jar:/Library/Java/JavaVirtualMachines/jdk1.8.0_181.jdk/Contents/Home/lib/ant-javafx.jar:/Library/Java/JavaVirtualMachines/jdk1.8.0_181.jdk/Contents/Home
Launcher Type: SUN_STANDARD

Environment Variables:
PATH=/usr/local/bin:/usr/bin:/bin:/usr/sbin:/sbin:/usr/local/mysql/bin:/usr/local/mysql/bin/
SHELL=/bin/zsh

Signal Handlers:
SIGSEGV: [libjvm.dylib+0x5b6029], sa_mask[0]=11111111011111110111111111111111, sa_flags=SA_ONSTACK|SA_RESTART|SA_SIGINFO
SIGBUS: [libjvm.dylib+0x5b6029], sa_mask[0]=11111111011111110111111111111111, sa_flags=SA_RESTART|SA_SIGINFO
SIGFPE: [libjvm.dylib+0x48b934], sa_mask[0]=11111111011111110111111111111111, sa_flags=SA_RESTART|SA_SIGINFO
SIGPIPE: [libjvm.dylib+0x48b934], sa_mask[0]=11111111011111110111111111111111, sa_flags=SA_RESTART|SA_SIGINFO
SIGXFSZ: [libjvm.dylib+0x48b934], sa_mask[0]=11111111011111110111111111111111, sa_flags=SA_RESTART|SA_SIGINFO
SIGILL: [libjvm.dylib+0x48b934], sa_mask[0]=11111111011111110111111111111111, sa_flags=SA_RESTART|SA_SIGINFO
SIGUSR1: SIG_DFL, sa_mask[0]=00000000000000000000000000000000, sa_flags=none
SIGUSR2: [libjvm.dylib+0x48b452], sa_mask[0]=00100000000000000000000000000000, sa_flags=SA_RESTART|SA_SIGINFO
SIGHUP: [libjvm.dylib+0x489a1d], sa_mask[0]=11111111011111110111111111111111, sa_flags=SA_RESTART|SA_SIGINFO
SIGINT: [libjvm.dylib+0x489a1d], sa_mask[0]=11111111011111110111111111111111, sa_flags=SA_RESTART|SA_SIGINFO
SIGTERM: [libjvm.dylib+0x489a1d], sa_mask[0]=11111111011111110111111111111111, sa_flags=SA_RESTART|SA_SIGINFO
SIGQUIT: [libjvm.dylib+0x489a1d], sa_mask[0]=11111111011111110111111111111111, sa_flags=SA_RESTART|SA_SIGINFO


---------------  S Y S T E M  ---------------

OS:Bsduname:Darwin 18.0.0 Darwin Kernel Version 18.0.0: Wed Aug 22 20:13:40 PDT 2018; root:xnu-4903.201.2~1/RELEASE_X86_64 x86_64
rlimit: STACK 8192k, CORE 0k, NPROC 709, NOFILE 10240, AS infinity
load average:4.89 4.35 3.90

CPU:total 4 (initial active 4) (2 cores per cpu, 2 threads per core) family 6 model 142 stepping 9, cmov, cx8, fxsr, mmx, sse, sse2, sse3, ssse3, sse4.1, sse4.2, popcnt, avx, avx2, aes, clmul, erms, rtm, 3dnowpref, lzcnt, ht, tsc, tscinvbit, bmi1, bmi2, adx

Memory: 4k page, physical 8388608k(307572k free)

/proc/meminfo:


vm_info: Java HotSpot(TM) 64-Bit Server VM (25.181-b13) for bsd-amd64 JRE (1.8.0_181-b13), built on Jul  7 2018 01:02:31 by "java_re" with gcc 4.2.1 (Based on Apple Inc. build 5658) (LLVM build 2336.11.00)

time: Thu Jul 11 02:28:55 2019
elapsed time: 210 seconds (0d 0h 3m 30s)

